<?xml version="1.0" encoding="UTF-8"?>
<testsuites name="Smoke Test Suite" time="327.977" tests="4" failures="0" errors="0">
   <testsuite name="Smoke Test Suite" tests="4" failures="0" errors="0" time="327.977" timestamp="2021-04-17 14:07:07" hostname="SSwain5 - SLB-332V0X2.DIR.slb.com" id="Test Suites/Smoke Test Suite">
      <properties>
         <property name="deviceName" value=""/>
         <property name="devicePlatform" value=""/>
         <property name="logFolder" value="C:\\Users\\SSwain5\\Documents\\Others\\medapoint\\Reports\\20210417_140700\\Smoke Test Suite\\20210417_140700"/>
         <property name="logFiles" value="C:\\Users\\SSwain5\\Documents\\Others\\medapoint\\Reports\\20210417_140700\\Smoke Test Suite\\20210417_140700\\execution0.log"/>
         <property name="attachments" value="C:\\Users\\SSwain5\\Documents\\Others\\medapoint\\Reports\\20210417_140700\\Smoke Test Suite\\20210417_140700/videos\\test_1.avi, C:\\Users\\SSwain5\\Documents\\Others\\medapoint\\Reports\\20210417_140700\\Smoke Test Suite\\20210417_140700/videos\\test_2.avi, C:\\Users\\SSwain5\\Documents\\Others\\medapoint\\Reports\\20210417_140700\\Smoke Test Suite\\20210417_140700/videos\\test_3.avi, C:\\Users\\SSwain5\\Documents\\Others\\medapoint\\Reports\\20210417_140700\\Smoke Test Suite\\20210417_140700/videos\\test_4.avi"/>
         <property name="hostName" value="SSwain5 - SLB-332V0X2.DIR.slb.com"/>
         <property name="os" value="Windows 10 64bit"/>
         <property name="katalonVersion" value="7.2.1.1"/>
         <property name="browser" value="Chrome 90.0.4430.72"/>
         <property name="hostAddress" value="100.81.101.222"/>
         <property name="sessionId" value="deed66e6b51656894d62a75c22bbf5e3"/>
         <property name="seleniumVersion" value="3.141.59"/>
         <property name="proxyInformation" value="ProxyInformation{proxyOption=NO_PROXY, proxyServerType=HTTP, password=, proxyServerAddress=, proxyServerPort=0, executionList=}"/>
         <property name="platform" value="Windows 10"/>
      </properties>
      <testcase name="Test Cases/Smoke Test/TC1_NewCall" time="53.054" classname="Test Cases/Smoke Test/TC1_NewCall" status="PASSED">
         <system-out><![CDATA[2021-04-17 14:07:07 - [TEST_CASE][PASSED] - Test Cases/Smoke Test/TC1_NewCall: Test Cases/Smoke Test/TC1_NewCall

2021-04-17 14:07:08 - [TEST_STEP][PASSED] - callTestCase(findTestCase("Common Test Cases/Login"), ["Password":findTestData("SmokeTestData").getValue(2, 1), "Username":findTestData("SmokeTestData").getValue(1, 1), "Organization":findTestData("SmokeTestData").getValue(3, 1), ... ], STOP_ON_FAILURE): Call Test Case 'Test Cases/Common Test Cases/Login' successfully

2021-04-17 14:07:08 - [TEST_CASE][PASSED] - Test Cases/Common Test Cases/Login: Test Cases/Common Test Cases/Login

2021-04-17 14:07:08 - [TEST_STEP][PASSED] - openBrowser(G_adSiteURL): Browser is opened with url: 'https://adstaging.medapoint.com/Account/Logon'

2021-04-17 14:07:08 - [MESSAGE][INFO] - Starting 'Chrome' driver

2021-04-17 14:07:09 - [MESSAGE][INFO] - Action delay is set to 0 seconds

2021-04-17 14:07:29 - [MESSAGE][PASSED] - Browser is opened with url: 'https://adstaging.medapoint.com/Account/Logon'

2021-04-17 14:07:29 - [TEST_STEP][PASSED] - maximizeWindow(): Current window maximized

2021-04-17 14:07:29 - [MESSAGE][PASSED] - Current window maximized

2021-04-17 14:07:29 - [TEST_STEP][PASSED] - delay(2): Delayed 2 second(s)

2021-04-17 14:07:31 - [MESSAGE][PASSED] - Delayed 2 second(s)

2021-04-17 14:07:31 - [TEST_STEP][PASSED] - setText(findTestObject("Page_Login/txt_UserName"), Username): Text 'AutoTest' is set on object 'Object Repository/Page_Login/txt_UserName'

2021-04-17 14:07:31 - [MESSAGE][PASSED] - Text 'AutoTest' is set on object 'Object Repository/Page_Login/txt_UserName'

2021-04-17 14:07:31 - [TEST_STEP][PASSED] - setText(findTestObject("Page_Login/txt_Password"), Password): Text 'Aaron00##' is set on object 'Object Repository/Page_Login/txt_Password'

2021-04-17 14:07:32 - [MESSAGE][PASSED] - Text 'Aaron00##' is set on object 'Object Repository/Page_Login/txt_Password'

2021-04-17 14:07:32 - [TEST_STEP][PASSED] - setText(findTestObject("Page_Login/txt_Organization"), Organization): Text 'MP001' is set on object 'Object Repository/Page_Login/txt_Organization'

2021-04-17 14:07:32 - [MESSAGE][PASSED] - Text 'MP001' is set on object 'Object Repository/Page_Login/txt_Organization'

2021-04-17 14:07:32 - [TEST_STEP][PASSED] - click(findTestObject("Page_Login/btn_Login")): Object: 'Object Repository/Page_Login/btn_Login' is clicked on

2021-04-17 14:07:40 - [MESSAGE][PASSED] - Object: 'Object Repository/Page_Login/btn_Login' is clicked on

2021-04-17 14:07:40 - [TEST_STEP][PASSED] - delay(2): Delayed 2 second(s)

2021-04-17 14:07:42 - [MESSAGE][PASSED] - Delayed 2 second(s)

2021-04-17 14:07:42 - [MESSAGE][INFO] - =================== Smart XPath Report =======================

2021-04-17 14:07:42 - [MESSAGE][INFO] - Refer to the link below to preview and approve auto healing on broken test objects.

2021-04-17 14:07:42 - [MESSAGE][INFO] - https://docs.katalon.com/katalon-studio/docs/auto-healing-smart-xpath.html

2021-04-17 14:07:42 - [MESSAGE][INFO] - ===============================================================

2021-04-17 14:07:42 - [MESSAGE][PASSED] - Call Test Case 'Test Cases/Common Test Cases/Login' successfully

2021-04-17 14:07:42 - [TEST_STEP][PASSED] - click(findTestObject("Object Repository/Page_AdvanceDispatch  Call Taking/a_New Call")): Object: 'Object Repository/Page_AdvanceDispatch  Call Taking/a_New Call' is clicked on

2021-04-17 14:07:45 - [MESSAGE][PASSED] - Object: 'Object Repository/Page_AdvanceDispatch  Call Taking/a_New Call' is clicked on

2021-04-17 14:07:45 - [TEST_STEP][PASSED] - setText(findTestObject("Object Repository/Page_AdvanceDispatch  Call Taking/input_Patient_SelectedPatient_input"), patient): Text 'ALMAGUER, AARON' is set on object 'Object Repository/Page_AdvanceDispatch  Call Taking/input_Patient_SelectedPatient_input'

2021-04-17 14:07:47 - [MESSAGE][PASSED] - Text 'ALMAGUER, AARON' is set on object 'Object Repository/Page_AdvanceDispatch  Call Taking/input_Patient_SelectedPatient_input'

2021-04-17 14:07:47 - [TEST_STEP][PASSED] - click(findTestObject("Page_AdvanceDispatch  Call Taking/select_patientByName", ["patient":patient])): Object: 'Object Repository/Page_AdvanceDispatch  Call Taking/select_patientByName' is clicked on

2021-04-17 14:07:50 - [MESSAGE][PASSED] - Object: 'Object Repository/Page_AdvanceDispatch  Call Taking/select_patientByName' is clicked on

2021-04-17 14:07:50 - [TEST_STEP][PASSED] - click(findTestObject("Page_AdvanceDispatch  Call Taking/input_ScenePick up Information")): Object: 'Object Repository/Page_AdvanceDispatch  Call Taking/input_ScenePick up Information' is clicked on

2021-04-17 14:07:51 - [MESSAGE][PASSED] - Object: 'Object Repository/Page_AdvanceDispatch  Call Taking/input_ScenePick up Information' is clicked on

2021-04-17 14:07:51 - [TEST_STEP][PASSED] - delay(1): Delayed 1 second(s)

2021-04-17 14:07:52 - [MESSAGE][PASSED] - Delayed 1 second(s)

2021-04-17 14:07:52 - [TEST_STEP][PASSED] - click(findTestObject("Page_AdvanceDispatch  Call Taking/input_DestinationDrop Off Information")): Object: 'Object Repository/Page_AdvanceDispatch  Call Taking/input_DestinationDrop Off Information' is clicked on

2021-04-17 14:07:52 - [MESSAGE][PASSED] - Object: 'Object Repository/Page_AdvanceDispatch  Call Taking/input_DestinationDrop Off Information' is clicked on

2021-04-17 14:07:52 - [TEST_STEP][PASSED] - setText(findTestObject("Object Repository/Page_AdvanceDispatch  Call Taking/input_Service Requested_SelectedServiceType_input"), serviceRequested): Text '911 Response (Scene)' is set on object 'Object Repository/Page_AdvanceDispatch  Call Taking/input_Service Requested_SelectedServiceType_input'

2021-04-17 14:07:53 - [MESSAGE][PASSED] - Text '911 Response (Scene)' is set on object 'Object Repository/Page_AdvanceDispatch  Call Taking/input_Service Requested_SelectedServiceType_input'

2021-04-17 14:07:53 - [TEST_STEP][PASSED] - click(findTestObject("Object Repository/Page_AdvanceDispatch  Call Taking/input_Service Requested_SelectedServiceType_input")): Object: 'Object Repository/Page_AdvanceDispatch  Call Taking/input_Service Requested_SelectedServiceType_input' is clicked on

2021-04-17 14:07:54 - [MESSAGE][PASSED] - Object: 'Object Repository/Page_AdvanceDispatch  Call Taking/input_Service Requested_SelectedServiceType_input' is clicked on

2021-04-17 14:07:54 - [TEST_STEP][PASSED] - setText(findTestObject("Object Repository/Page_AdvanceDispatch  Call Taking/input_Unit_SelectedUnit_input"), unit): Text 'Whiskey' is set on object 'Object Repository/Page_AdvanceDispatch  Call Taking/input_Unit_SelectedUnit_input'

2021-04-17 14:07:54 - [MESSAGE][PASSED] - Text 'Whiskey' is set on object 'Object Repository/Page_AdvanceDispatch  Call Taking/input_Unit_SelectedUnit_input'

2021-04-17 14:07:54 - [TEST_STEP][PASSED] - click(findTestObject("Page_AdvanceDispatch  Call Taking/select_UnitByName", ["unit":unit])): Object: 'Object Repository/Page_AdvanceDispatch  Call Taking/select_UnitByName' is clicked on

2021-04-17 14:07:55 - [MESSAGE][PASSED] - Object: 'Object Repository/Page_AdvanceDispatch  Call Taking/select_UnitByName' is clicked on

2021-04-17 14:07:55 - [TEST_STEP][PASSED] - setText(findTestObject("Object Repository/Page_AdvanceDispatch  Call Taking/input_Dispatch Complaint_SelectedComplaint_input"), dispatchComplaint): Text 'Abdominal Pain/Problems' is set on object 'Object Repository/Page_AdvanceDispatch  Call Taking/input_Dispatch Complaint_SelectedComplaint_input'

2021-04-17 14:07:56 - [MESSAGE][PASSED] - Text 'Abdominal Pain/Problems' is set on object 'Object Repository/Page_AdvanceDispatch  Call Taking/input_Dispatch Complaint_SelectedComplaint_input'

2021-04-17 14:07:56 - [TEST_STEP][PASSED] - click(findTestObject("Page_AdvanceDispatch  Call Taking/select_dispatchComplaintByName", ["complaint":dispatchComplaint])): Object: 'Object Repository/Page_AdvanceDispatch  Call Taking/select_dispatchComplaintByName' is clicked on

2021-04-17 14:07:56 - [MESSAGE][PASSED] - Object: 'Object Repository/Page_AdvanceDispatch  Call Taking/select_dispatchComplaintByName' is clicked on

2021-04-17 14:07:56 - [TEST_STEP][PASSED] - click(findTestObject("Object Repository/Page_AdvanceDispatch  Call Taking/button_Publish")): Object: 'Object Repository/Page_AdvanceDispatch  Call Taking/button_Publish' is clicked on

2021-04-17 14:07:57 - [MESSAGE][PASSED] - Object: 'Object Repository/Page_AdvanceDispatch  Call Taking/button_Publish' is clicked on

2021-04-17 14:07:57 - [TEST_STEP][PASSED] - closeBrowser(): Browser is closed

2021-04-17 14:07:58 - [MESSAGE][PASSED] - Browser is closed

2021-04-17 14:08:00 - [TEST_STEP][PASSED] - Video: Video recording for test case 'Test Cases/Smoke Test/TC1_NewCall' .

2021-04-17 14:08:00 - [MESSAGE][INFO] - Video recording for test case 'Test Cases/Smoke Test/TC1_NewCall' .
[[ATTACHMENT|C:\\Users\\SSwain5\\Documents\\Others\\medapoint\\Reports\\20210417_140700\\Smoke Test Suite\\20210417_140700/videos\\test_1.avi]]]]></system-out>
         <system-err><![CDATA[]]></system-err>
      </testcase>
      <testcase name="Test Cases/Smoke Test/TC2_EmergencyCall" time="61.595" classname="Test Cases/Smoke Test/TC2_EmergencyCall" status="PASSED">
         <system-out><![CDATA[2021-04-17 14:08:00 - [TEST_CASE][PASSED] - Test Cases/Smoke Test/TC2_EmergencyCall: Test Cases/Smoke Test/TC2_EmergencyCall

2021-04-17 14:08:01 - [TEST_STEP][PASSED] - callTestCase(findTestCase("Common Test Cases/Login"), ["Password":findTestData("SmokeTestData").getValue(2, 1), "Username":findTestData("SmokeTestData").getValue(1, 1), "Organization":findTestData("SmokeTestData").getValue(3, 1), ... ], STOP_ON_FAILURE): Call Test Case 'Test Cases/Common Test Cases/Login' successfully

2021-04-17 14:08:01 - [TEST_CASE][PASSED] - Test Cases/Common Test Cases/Login: Test Cases/Common Test Cases/Login

2021-04-17 14:08:01 - [TEST_STEP][PASSED] - openBrowser(G_adSiteURL): Browser is opened with url: 'https://adstaging.medapoint.com/Account/Logon'

2021-04-17 14:08:01 - [MESSAGE][INFO] - Starting 'Chrome' driver

2021-04-17 14:08:20 - [MESSAGE][PASSED] - Browser is opened with url: 'https://adstaging.medapoint.com/Account/Logon'

2021-04-17 14:08:20 - [TEST_STEP][PASSED] - maximizeWindow(): Current window maximized

2021-04-17 14:08:20 - [MESSAGE][PASSED] - Current window maximized

2021-04-17 14:08:20 - [TEST_STEP][PASSED] - delay(2): Delayed 2 second(s)

2021-04-17 14:08:22 - [MESSAGE][PASSED] - Delayed 2 second(s)

2021-04-17 14:08:22 - [TEST_STEP][PASSED] - setText(findTestObject("Page_Login/txt_UserName"), Username): Text 'AutoTest' is set on object 'Object Repository/Page_Login/txt_UserName'

2021-04-17 14:08:22 - [MESSAGE][PASSED] - Text 'AutoTest' is set on object 'Object Repository/Page_Login/txt_UserName'

2021-04-17 14:08:22 - [TEST_STEP][PASSED] - setText(findTestObject("Page_Login/txt_Password"), Password): Text 'Aaron00##' is set on object 'Object Repository/Page_Login/txt_Password'

2021-04-17 14:08:22 - [MESSAGE][PASSED] - Text 'Aaron00##' is set on object 'Object Repository/Page_Login/txt_Password'

2021-04-17 14:08:22 - [TEST_STEP][PASSED] - setText(findTestObject("Page_Login/txt_Organization"), Organization): Text 'MP001' is set on object 'Object Repository/Page_Login/txt_Organization'

2021-04-17 14:08:23 - [MESSAGE][PASSED] - Text 'MP001' is set on object 'Object Repository/Page_Login/txt_Organization'

2021-04-17 14:08:23 - [TEST_STEP][PASSED] - click(findTestObject("Page_Login/btn_Login")): Object: 'Object Repository/Page_Login/btn_Login' is clicked on

2021-04-17 14:08:30 - [MESSAGE][PASSED] - Object: 'Object Repository/Page_Login/btn_Login' is clicked on

2021-04-17 14:08:30 - [TEST_STEP][PASSED] - delay(2): Delayed 2 second(s)

2021-04-17 14:08:32 - [MESSAGE][PASSED] - Delayed 2 second(s)

2021-04-17 14:08:32 - [MESSAGE][INFO] - =================== Smart XPath Report =======================

2021-04-17 14:08:32 - [MESSAGE][INFO] - Refer to the link below to preview and approve auto healing on broken test objects.

2021-04-17 14:08:32 - [MESSAGE][INFO] - https://docs.katalon.com/katalon-studio/docs/auto-healing-smart-xpath.html

2021-04-17 14:08:32 - [MESSAGE][INFO] - ===============================================================

2021-04-17 14:08:32 - [MESSAGE][PASSED] - Call Test Case 'Test Cases/Common Test Cases/Login' successfully

2021-04-17 14:08:32 - [TEST_STEP][PASSED] - click(findTestObject("Object Repository/Page_AdvanceDispatch  Command Form/span_Emergency Call Taking")): Object: 'Object Repository/Page_AdvanceDispatch  Command Form/span_Emergency Call Taking' is clicked on

2021-04-17 14:08:33 - [MESSAGE][PASSED] - Object: 'Object Repository/Page_AdvanceDispatch  Command Form/span_Emergency Call Taking' is clicked on

2021-04-17 14:08:33 - [TEST_STEP][PASSED] - switchToWindowIndex(1): Switched to window with index: '1'

2021-04-17 14:08:33 - [MESSAGE][PASSED] - Switched to window with index: '1'

2021-04-17 14:08:33 - [TEST_STEP][PASSED] - setText(findTestObject("Page_AdvanceDispatch/input_Caller Name_CallerName"), patient): Text 'ALMAGUER, AARON' is set on object 'Object Repository/Page_AdvanceDispatch/input_Caller Name_CallerName'

2021-04-17 14:08:37 - [MESSAGE][PASSED] - Text 'ALMAGUER, AARON' is set on object 'Object Repository/Page_AdvanceDispatch/input_Caller Name_CallerName'

2021-04-17 14:08:37 - [TEST_STEP][PASSED] - click(findTestObject("Page_AdvanceDispatch/input_Call Back Number_CallbackNumber")): Object: 'Object Repository/Page_AdvanceDispatch/input_Call Back Number_CallbackNumber' is clicked on

2021-04-17 14:08:38 - [MESSAGE][PASSED] - Object: 'Object Repository/Page_AdvanceDispatch/input_Call Back Number_CallbackNumber' is clicked on

2021-04-17 14:08:38 - [TEST_STEP][PASSED] - element = findWebElement(findTestObject("Page_AdvanceDispatch/input_Call Back Number_CallbackNumber"), 30): null

2021-04-17 14:08:38 - [TEST_STEP][PASSED] - executeJavaScript("arguments[0].value='2169604444'", Arrays.asList(element)): Execute JavaScript 'arguments[0].value='2169604444'' successfully

2021-04-17 14:08:39 - [MESSAGE][PASSED] - Execute JavaScript 'arguments[0].value='2169604444'' successfully

2021-04-17 14:08:39 - [TEST_STEP][PASSED] - click(findTestObject("Object Repository/Page_AdvanceDispatch/span_Dispatch Complaint_k-icon k-i-arrow-60-down")): Object: 'Object Repository/Page_AdvanceDispatch/span_Dispatch Complaint_k-icon k-i-arrow-60-down' is clicked on

2021-04-17 14:08:39 - [MESSAGE][PASSED] - Object: 'Object Repository/Page_AdvanceDispatch/span_Dispatch Complaint_k-icon k-i-arrow-60-down' is clicked on

2021-04-17 14:08:39 - [TEST_STEP][PASSED] - click(findTestObject("Object Repository/Page_AdvanceDispatch/li_Abdominal PainProblems")): Object: 'Object Repository/Page_AdvanceDispatch/li_Abdominal PainProblems' is clicked on

2021-04-17 14:08:39 - [MESSAGE][PASSED] - Object: 'Object Repository/Page_AdvanceDispatch/li_Abdominal PainProblems' is clicked on

2021-04-17 14:08:39 - [TEST_STEP][PASSED] - click(findTestObject("Object Repository/Page_AdvanceDispatch/span_Service Requested_k-icon k-i-arrow-60-down")): Object: 'Object Repository/Page_AdvanceDispatch/span_Service Requested_k-icon k-i-arrow-60-down' is clicked on

2021-04-17 14:08:40 - [MESSAGE][PASSED] - Object: 'Object Repository/Page_AdvanceDispatch/span_Service Requested_k-icon k-i-arrow-60-down' is clicked on

2021-04-17 14:08:40 - [TEST_STEP][PASSED] - click(findTestObject("Object Repository/Page_AdvanceDispatch/li_911 Response (Scene)")): Object: 'Object Repository/Page_AdvanceDispatch/li_911 Response (Scene)' is clicked on

2021-04-17 14:08:40 - [MESSAGE][PASSED] - Object: 'Object Repository/Page_AdvanceDispatch/li_911 Response (Scene)' is clicked on

2021-04-17 14:08:40 - [TEST_STEP][PASSED] - click(findTestObject("Object Repository/Page_AdvanceDispatch/span_Dispatch Priority_k-select")): Object: 'Object Repository/Page_AdvanceDispatch/span_Dispatch Priority_k-select' is clicked on

2021-04-17 14:08:41 - [MESSAGE][PASSED] - Object: 'Object Repository/Page_AdvanceDispatch/span_Dispatch Priority_k-select' is clicked on

2021-04-17 14:08:41 - [TEST_STEP][PASSED] - click(findTestObject("Object Repository/Page_AdvanceDispatch/li_Priority 2 (Emergent)")): Object: 'Object Repository/Page_AdvanceDispatch/li_Priority 2 (Emergent)' is clicked on

2021-04-17 14:08:42 - [MESSAGE][PASSED] - Object: 'Object Repository/Page_AdvanceDispatch/li_Priority 2 (Emergent)' is clicked on

2021-04-17 14:08:42 - [TEST_STEP][PASSED] - click(findTestObject("Object Repository/Page_AdvanceDispatch/span_Transport Method_k-icon k-i-arrow-60-down")): Object: 'Object Repository/Page_AdvanceDispatch/span_Transport Method_k-icon k-i-arrow-60-down' is clicked on

2021-04-17 14:08:42 - [MESSAGE][PASSED] - Object: 'Object Repository/Page_AdvanceDispatch/span_Transport Method_k-icon k-i-arrow-60-down' is clicked on

2021-04-17 14:08:42 - [TEST_STEP][PASSED] - click(findTestObject("Object Repository/Page_AdvanceDispatch/li_Ground-Ambulance")): Object: 'Object Repository/Page_AdvanceDispatch/li_Ground-Ambulance' is clicked on

2021-04-17 14:08:43 - [MESSAGE][PASSED] - Object: 'Object Repository/Page_AdvanceDispatch/li_Ground-Ambulance' is clicked on

2021-04-17 14:08:43 - [TEST_STEP][PASSED] - click(findTestObject("Object Repository/Page_AdvanceDispatch/input_Caller Ref _CallerReferenceNumber")): Object: 'Object Repository/Page_AdvanceDispatch/input_Caller Ref _CallerReferenceNumber' is clicked on

2021-04-17 14:08:43 - [MESSAGE][PASSED] - Object: 'Object Repository/Page_AdvanceDispatch/input_Caller Ref _CallerReferenceNumber' is clicked on

2021-04-17 14:08:43 - [TEST_STEP][PASSED] - setText(findTestObject("Object Repository/Page_AdvanceDispatch/input_Street Address_SceneStreetAddress"), "1300 napoli valie"): Text '1300 napoli valie' is set on object 'Object Repository/Page_AdvanceDispatch/input_Street Address_SceneStreetAddress'

2021-04-17 14:08:44 - [MESSAGE][PASSED] - Text '1300 napoli valie' is set on object 'Object Repository/Page_AdvanceDispatch/input_Street Address_SceneStreetAddress'

2021-04-17 14:08:44 - [TEST_STEP][PASSED] - setText(findTestObject("Object Repository/Page_AdvanceDispatch/input_City_SceneCity"), "san antonio"): Text 'san antonio' is set on object 'Object Repository/Page_AdvanceDispatch/input_City_SceneCity'

2021-04-17 14:08:44 - [MESSAGE][PASSED] - Text 'san antonio' is set on object 'Object Repository/Page_AdvanceDispatch/input_City_SceneCity'

2021-04-17 14:08:44 - [TEST_STEP][PASSED] - setText(findTestObject("Object Repository/Page_AdvanceDispatch/input_State_SceneStateID_input"), "78253"): Text '78253' is set on object 'Object Repository/Page_AdvanceDispatch/input_State_SceneStateID_input'

2021-04-17 14:08:45 - [MESSAGE][PASSED] - Text '78253' is set on object 'Object Repository/Page_AdvanceDispatch/input_State_SceneStateID_input'

2021-04-17 14:08:45 - [TEST_STEP][PASSED] - click(findTestObject("Object Repository/Page_AdvanceDispatch/button_Publish And Continue")): Object: 'Object Repository/Page_AdvanceDispatch/button_Publish And Continue' is clicked on

2021-04-17 14:08:49 - [MESSAGE][PASSED] - Object: 'Object Repository/Page_AdvanceDispatch/button_Publish And Continue' is clicked on

2021-04-17 14:08:49 - [TEST_STEP][PASSED] - waitForElementVisible(findTestObject("Page_AdvanceDispatch/lblcallReferenceNumber"), 10): Object 'Object Repository/Page_AdvanceDispatch/lblcallReferenceNumber' is visible

2021-04-17 14:08:58 - [MESSAGE][PASSED] - Object 'Object Repository/Page_AdvanceDispatch/lblcallReferenceNumber' is visible

2021-04-17 14:08:58 - [TEST_STEP][PASSED] - closeBrowser(): Browser is closed

2021-04-17 14:08:59 - [MESSAGE][PASSED] - Browser is closed

2021-04-17 14:09:02 - [TEST_STEP][PASSED] - Video: Video recording for test case 'Test Cases/Smoke Test/TC2_EmergencyCall' .

2021-04-17 14:09:02 - [MESSAGE][INFO] - Video recording for test case 'Test Cases/Smoke Test/TC2_EmergencyCall' .
[[ATTACHMENT|C:\\Users\\SSwain5\\Documents\\Others\\medapoint\\Reports\\20210417_140700\\Smoke Test Suite\\20210417_140700/videos\\test_2.avi]]]]></system-out>
         <system-err><![CDATA[]]></system-err>
      </testcase>
      <testcase name="Test Cases/Smoke Test/TC3_CompleteExistingTrip" time="161.524" classname="Test Cases/Smoke Test/TC3_CompleteExistingTrip" status="PASSED">
         <system-out><![CDATA[2021-04-17 14:09:02 - [TEST_CASE][PASSED] - Test Cases/Smoke Test/TC3_CompleteExistingTrip: Test Cases/Smoke Test/TC3_CompleteExistingTrip

2021-04-17 14:09:02 - [TEST_STEP][PASSED] - callTestCase(findTestCase("Common Test Cases/Login"), ["Password":findTestData("SmokeTestData").getValue(2, 1), "Username":findTestData("SmokeTestData").getValue(1, 1), "Organization":findTestData("SmokeTestData").getValue(3, 1), ... ], STOP_ON_FAILURE): Call Test Case 'Test Cases/Common Test Cases/Login' successfully

2021-04-17 14:09:02 - [TEST_CASE][PASSED] - Test Cases/Common Test Cases/Login: Test Cases/Common Test Cases/Login

2021-04-17 14:09:02 - [TEST_STEP][PASSED] - openBrowser(G_adSiteURL): Browser is opened with url: 'https://adstaging.medapoint.com/Account/Logon'

2021-04-17 14:09:02 - [MESSAGE][INFO] - Starting 'Chrome' driver

2021-04-17 14:09:20 - [MESSAGE][PASSED] - Browser is opened with url: 'https://adstaging.medapoint.com/Account/Logon'

2021-04-17 14:09:20 - [TEST_STEP][PASSED] - maximizeWindow(): Current window maximized

2021-04-17 14:09:20 - [MESSAGE][PASSED] - Current window maximized

2021-04-17 14:09:20 - [TEST_STEP][PASSED] - delay(2): Delayed 2 second(s)

2021-04-17 14:09:22 - [MESSAGE][PASSED] - Delayed 2 second(s)

2021-04-17 14:09:22 - [TEST_STEP][PASSED] - setText(findTestObject("Page_Login/txt_UserName"), Username): Text 'AutoTest' is set on object 'Object Repository/Page_Login/txt_UserName'

2021-04-17 14:09:23 - [MESSAGE][PASSED] - Text 'AutoTest' is set on object 'Object Repository/Page_Login/txt_UserName'

2021-04-17 14:09:23 - [TEST_STEP][PASSED] - setText(findTestObject("Page_Login/txt_Password"), Password): Text 'Aaron00##' is set on object 'Object Repository/Page_Login/txt_Password'

2021-04-17 14:09:23 - [MESSAGE][PASSED] - Text 'Aaron00##' is set on object 'Object Repository/Page_Login/txt_Password'

2021-04-17 14:09:23 - [TEST_STEP][PASSED] - setText(findTestObject("Page_Login/txt_Organization"), Organization): Text 'MP001' is set on object 'Object Repository/Page_Login/txt_Organization'

2021-04-17 14:09:24 - [MESSAGE][PASSED] - Text 'MP001' is set on object 'Object Repository/Page_Login/txt_Organization'

2021-04-17 14:09:24 - [TEST_STEP][PASSED] - click(findTestObject("Page_Login/btn_Login")): Object: 'Object Repository/Page_Login/btn_Login' is clicked on

2021-04-17 14:09:31 - [MESSAGE][PASSED] - Object: 'Object Repository/Page_Login/btn_Login' is clicked on

2021-04-17 14:09:31 - [TEST_STEP][PASSED] - delay(2): Delayed 2 second(s)

2021-04-17 14:09:33 - [MESSAGE][PASSED] - Delayed 2 second(s)

2021-04-17 14:09:33 - [MESSAGE][INFO] - =================== Smart XPath Report =======================

2021-04-17 14:09:33 - [MESSAGE][INFO] - Refer to the link below to preview and approve auto healing on broken test objects.

2021-04-17 14:09:33 - [MESSAGE][INFO] - https://docs.katalon.com/katalon-studio/docs/auto-healing-smart-xpath.html

2021-04-17 14:09:33 - [MESSAGE][INFO] - ===============================================================

2021-04-17 14:09:33 - [MESSAGE][PASSED] - Call Test Case 'Test Cases/Common Test Cases/Login' successfully

2021-04-17 14:09:33 - [TEST_STEP][PASSED] - delay(1): Delayed 1 second(s)

2021-04-17 14:09:34 - [MESSAGE][PASSED] - Delayed 1 second(s)

2021-04-17 14:09:34 - [TEST_STEP][PASSED] - click(findTestObject("Page_AdvanceDispatch  Command Form/linkCommand Form")): Object: 'Object Repository/Page_AdvanceDispatch  Command Form/linkCommand Form' is clicked on

2021-04-17 14:10:18 - [MESSAGE][INFO] - Unable to find the element located by 'By.xpath: //li[@id="dispatchMenu_mn_active"]/a[text()='Command Form']'. Please recheck the objects properties to make sure the desired element is located. 

2021-04-17 14:10:18 - [MESSAGE][INFO] - [SMART_XPATH] Auto-trying out other XPath values in the test object.

2021-04-17 14:10:19 - [MESSAGE][INFO] - [SMART_XPATH] FAILED XPATH: '//li[@id='dispatchMenu_mn_active']/a'.

2021-04-17 14:10:19 - [MESSAGE][INFO] - [SMART_XPATH] WORKING XPATH: '//a[contains(text(),'Command Form')]'.

2021-04-17 14:10:19 - [MESSAGE][INFO] - [SMART_XPATH] Screenshot: C:/Users/SSwain5/Documents/Others/medapoint/Reports/smart_xpath/Object Repository/Page_AdvanceDispatch  Command Form/linkCommand Form_link.png

2021-04-17 14:10:19 - [MESSAGE][INFO] - [SMART_XPATH] WORKING XPATH: '(.//*[normalize-space(text()) and normalize-space(.)='Schedule'])[1]/following::a[1]'.

2021-04-17 14:10:20 - [MESSAGE][INFO] - [SMART_XPATH] Screenshot: C:/Users/SSwain5/Documents/Others/medapoint/Reports/smart_xpath/Object Repository/Page_AdvanceDispatch  Command Form/linkCommand Form_neighbor_0.png

2021-04-17 14:10:20 - [MESSAGE][INFO] - [SMART_XPATH] WORKING XPATH: '(.//*[normalize-space(text()) and normalize-space(.)='Trip Search'])[1]/following::a[2]'.

2021-04-17 14:10:20 - [MESSAGE][INFO] - [SMART_XPATH] Screenshot: C:/Users/SSwain5/Documents/Others/medapoint/Reports/smart_xpath/Object Repository/Page_AdvanceDispatch  Command Form/linkCommand Form_neighbor_1.png

2021-04-17 14:10:20 - [MESSAGE][INFO] - [SMART_XPATH] WORKING XPATH: '(.//*[normalize-space(text()) and normalize-space(.)='Dispatch'])[1]/preceding::a[1]'.

2021-04-17 14:10:20 - [MESSAGE][INFO] - [SMART_XPATH] Screenshot: C:/Users/SSwain5/Documents/Others/medapoint/Reports/smart_xpath/Object Repository/Page_AdvanceDispatch  Command Form/linkCommand Form_neighbor_2.png

2021-04-17 14:10:21 - [MESSAGE][INFO] - [SMART_XPATH] WORKING XPATH: '(.//*[normalize-space(text()) and normalize-space(.)='Manual Paging'])[1]/preceding::a[1]'.

2021-04-17 14:10:21 - [MESSAGE][INFO] - [SMART_XPATH] Screenshot: C:/Users/SSwain5/Documents/Others/medapoint/Reports/smart_xpath/Object Repository/Page_AdvanceDispatch  Command Form/linkCommand Form_neighbor_3.png

2021-04-17 14:10:21 - [MESSAGE][INFO] - [SMART_XPATH] WORKING XPATH: '//*/text()[normalize-space(.)='Command Form']/parent::*'.

2021-04-17 14:10:21 - [MESSAGE][INFO] - [SMART_XPATH] Screenshot: C:/Users/SSwain5/Documents/Others/medapoint/Reports/smart_xpath/Object Repository/Page_AdvanceDispatch  Command Form/linkCommand Form_neighbor_4.png

2021-04-17 14:10:22 - [MESSAGE][INFO] - [SMART_XPATH] WORKING XPATH: '//a[contains(@href, '/Dispatcher/CommandForm/Index')]'.

2021-04-17 14:10:22 - [MESSAGE][INFO] - [SMART_XPATH] Screenshot: C:/Users/SSwain5/Documents/Others/medapoint/Reports/smart_xpath/Object Repository/Page_AdvanceDispatch  Command Form/linkCommand Form_href.png

2021-04-17 14:10:22 - [MESSAGE][INFO] - [SMART_XPATH] WORKING XPATH: '//li[9]/a'.

2021-04-17 14:10:22 - [MESSAGE][INFO] - [SMART_XPATH] Screenshot: C:/Users/SSwain5/Documents/Others/medapoint/Reports/smart_xpath/Object Repository/Page_AdvanceDispatch  Command Form/linkCommand Form_position.png

2021-04-17 14:10:22 - [MESSAGE][ERROR] - [SMART_XPATH] C:\Users\SSwain5\Documents\Others\medapoint\Reports\smart_xpath\waiting-for-approval.json (The system cannot find the file specified)

2021-04-17 14:10:22 - [MESSAGE][ERROR] - [SMART_XPATH] C:/Users/SSwain5/Documents/Others/medapoint/Reports/smart_xpath/waiting-for-approval.json does not exist or is provided by Smart XPath Plugin!

2021-04-17 14:10:22 - [MESSAGE][INFO] - [SMART_XPATH] Selected Smart XPath: '//a[contains(text(),'Command Form')]'.

2021-04-17 14:10:22 - [MESSAGE][INFO] - [SMART_XPATH] Continuing executing the test case!

2021-04-17 14:10:26 - [MESSAGE][PASSED] - Object: 'Object Repository/Page_AdvanceDispatch  Command Form/linkCommand Form' is clicked on

2021-04-17 14:10:26 - [TEST_STEP][PASSED] - delay(2): Delayed 2 second(s)

2021-04-17 14:10:28 - [MESSAGE][PASSED] - Delayed 2 second(s)

2021-04-17 14:10:28 - [TEST_STEP][PASSED] - click(findTestObject("Page_AdvanceDispatch  Command Form/i-expandTrip", ["patient":patient])): Object: 'Object Repository/Page_AdvanceDispatch  Command Form/i-expandTrip' is clicked on

2021-04-17 14:10:28 - [MESSAGE][PASSED] - Object: 'Object Repository/Page_AdvanceDispatch  Command Form/i-expandTrip' is clicked on

2021-04-17 14:10:28 - [TEST_STEP][PASSED] - delay(1): Delayed 1 second(s)

2021-04-17 14:10:29 - [MESSAGE][PASSED] - Delayed 1 second(s)

2021-04-17 14:10:29 - [TEST_STEP][PASSED] - click(findTestObject("Page_AdvanceDispatch  Command Form/input_Mileage _TripEventCollection0ActualTime")): Object: 'Object Repository/Page_AdvanceDispatch  Command Form/input_Mileage _TripEventCollection0ActualTime' is clicked on

2021-04-17 14:11:23 - [MESSAGE][PASSED] - Object: 'Object Repository/Page_AdvanceDispatch  Command Form/input_Mileage _TripEventCollection0ActualTime' is clicked on

2021-04-17 14:11:23 - [TEST_STEP][PASSED] - delay(2): Delayed 2 second(s)

2021-04-17 14:11:25 - [MESSAGE][PASSED] - Delayed 2 second(s)

2021-04-17 14:11:25 - [TEST_STEP][PASSED] - click(findTestObject("Page_AdvanceDispatch  Command Form/input_Mileage _TripEventCollection1ActualTime")): Object: 'Object Repository/Page_AdvanceDispatch  Command Form/input_Mileage _TripEventCollection1ActualTime' is clicked on

2021-04-17 14:11:26 - [MESSAGE][PASSED] - Object: 'Object Repository/Page_AdvanceDispatch  Command Form/input_Mileage _TripEventCollection1ActualTime' is clicked on

2021-04-17 14:11:26 - [TEST_STEP][PASSED] - delay(2): Delayed 2 second(s)

2021-04-17 14:11:28 - [MESSAGE][PASSED] - Delayed 2 second(s)

2021-04-17 14:11:28 - [TEST_STEP][PASSED] - click(findTestObject("Page_AdvanceDispatch  Command Form/input_Unit Left Scene_TripEventCollection2ActualTime")): Object: 'Object Repository/Page_AdvanceDispatch  Command Form/input_Unit Left Scene_TripEventCollection2ActualTime' is clicked on

2021-04-17 14:11:28 - [MESSAGE][PASSED] - Object: 'Object Repository/Page_AdvanceDispatch  Command Form/input_Unit Left Scene_TripEventCollection2ActualTime' is clicked on

2021-04-17 14:11:28 - [TEST_STEP][PASSED] - delay(2): Delayed 2 second(s)

2021-04-17 14:11:30 - [MESSAGE][PASSED] - Delayed 2 second(s)

2021-04-17 14:11:30 - [TEST_STEP][PASSED] - click(findTestObject("Page_AdvanceDispatch  Command Form/input_Mileage _TripEventCollection3ActualTime")): Object: 'Object Repository/Page_AdvanceDispatch  Command Form/input_Mileage _TripEventCollection3ActualTime' is clicked on

2021-04-17 14:11:30 - [MESSAGE][PASSED] - Object: 'Object Repository/Page_AdvanceDispatch  Command Form/input_Mileage _TripEventCollection3ActualTime' is clicked on

2021-04-17 14:11:30 - [TEST_STEP][PASSED] - delay(2): Delayed 2 second(s)

2021-04-17 14:11:32 - [MESSAGE][PASSED] - Delayed 2 second(s)

2021-04-17 14:11:32 - [TEST_STEP][PASSED] - click(findTestObject("Page_AdvanceDispatch  Command Form/input_Mileage _TripEventCollection4ActualTime")): Object: 'Object Repository/Page_AdvanceDispatch  Command Form/input_Mileage _TripEventCollection4ActualTime' is clicked on

2021-04-17 14:11:33 - [MESSAGE][PASSED] - Object: 'Object Repository/Page_AdvanceDispatch  Command Form/input_Mileage _TripEventCollection4ActualTime' is clicked on

2021-04-17 14:11:33 - [TEST_STEP][PASSED] - delay(2): Delayed 2 second(s)

2021-04-17 14:11:35 - [MESSAGE][PASSED] - Delayed 2 second(s)

2021-04-17 14:11:35 - [TEST_STEP][PASSED] - click(findTestObject("Page_AdvanceDispatch  Command Form/input_Mileage _PreStartOdoMeterReading"), STOP_ON_FAILURE): Object: 'Object Repository/Page_AdvanceDispatch  Command Form/input_Mileage _PreStartOdoMeterReading' is clicked on

2021-04-17 14:11:35 - [MESSAGE][PASSED] - Object: 'Object Repository/Page_AdvanceDispatch  Command Form/input_Mileage _PreStartOdoMeterReading' is clicked on

2021-04-17 14:11:35 - [TEST_STEP][PASSED] - click(findTestObject("Page_AdvanceDispatch  Command Form/input_Mileage _StartOdoMeterReading"), STOP_ON_FAILURE): Object: 'Object Repository/Page_AdvanceDispatch  Command Form/input_Mileage _StartOdoMeterReading' is clicked on

2021-04-17 14:11:36 - [MESSAGE][PASSED] - Object: 'Object Repository/Page_AdvanceDispatch  Command Form/input_Mileage _StartOdoMeterReading' is clicked on

2021-04-17 14:11:36 - [TEST_STEP][PASSED] - click(findTestObject("Page_AdvanceDispatch  Command Form/input_Mileage _EndOdoMeterReading"), STOP_ON_FAILURE): Object: 'Object Repository/Page_AdvanceDispatch  Command Form/input_Mileage _EndOdoMeterReading' is clicked on

2021-04-17 14:11:37 - [MESSAGE][PASSED] - Object: 'Object Repository/Page_AdvanceDispatch  Command Form/input_Mileage _EndOdoMeterReading' is clicked on

2021-04-17 14:11:37 - [TEST_STEP][PASSED] - click(findTestObject("Page_AdvanceDispatch  Command Form/input_Mileage _PostEndOdoMeterReading"), STOP_ON_FAILURE): Object: 'Object Repository/Page_AdvanceDispatch  Command Form/input_Mileage _PostEndOdoMeterReading' is clicked on

2021-04-17 14:11:38 - [MESSAGE][PASSED] - Object: 'Object Repository/Page_AdvanceDispatch  Command Form/input_Mileage _PostEndOdoMeterReading' is clicked on

2021-04-17 14:11:38 - [TEST_STEP][PASSED] - click(findTestObject("Page_AdvanceDispatch  Command Form/button_Complete Trip")): Object: 'Object Repository/Page_AdvanceDispatch  Command Form/button_Complete Trip' is clicked on

2021-04-17 14:11:39 - [MESSAGE][PASSED] - Object: 'Object Repository/Page_AdvanceDispatch  Command Form/button_Complete Trip' is clicked on

2021-04-17 14:11:39 - [TEST_STEP][PASSED] - closeBrowser(): Browser is closed

2021-04-17 14:11:40 - [MESSAGE][PASSED] - Browser is closed

2021-04-17 14:11:44 - [TEST_STEP][PASSED] - Video: Video recording for test case 'Test Cases/Smoke Test/TC3_CompleteExistingTrip' .

2021-04-17 14:11:44 - [MESSAGE][INFO] - Video recording for test case 'Test Cases/Smoke Test/TC3_CompleteExistingTrip' .
[[ATTACHMENT|C:\\Users\\SSwain5\\Documents\\Others\\medapoint\\Reports\\20210417_140700\\Smoke Test Suite\\20210417_140700/videos\\test_3.avi]]]]></system-out>
         <system-err><![CDATA[]]></system-err>
      </testcase>
      <testcase name="Test Cases/Smoke Test/TC4_UnitActivation" time="51.525" classname="Test Cases/Smoke Test/TC4_UnitActivation" status="PASSED">
         <system-out><![CDATA[2021-04-17 14:11:44 - [TEST_CASE][PASSED] - Test Cases/Smoke Test/TC4_UnitActivation: Test Cases/Smoke Test/TC4_UnitActivation

2021-04-17 14:11:44 - [TEST_STEP][PASSED] - callTestCase(findTestCase("Common Test Cases/Login"), ["Password":findTestData("SmokeTestData").getValue(2, 1), "Username":findTestData("SmokeTestData").getValue(1, 1), "Organization":findTestData("SmokeTestData").getValue(3, 1), ... ], STOP_ON_FAILURE): Call Test Case 'Test Cases/Common Test Cases/Login' successfully

2021-04-17 14:11:44 - [TEST_CASE][PASSED] - Test Cases/Common Test Cases/Login: Test Cases/Common Test Cases/Login

2021-04-17 14:11:44 - [TEST_STEP][PASSED] - openBrowser(G_adSiteURL): Browser is opened with url: 'https://adstaging.medapoint.com/Account/Logon'

2021-04-17 14:11:44 - [MESSAGE][INFO] - Starting 'Chrome' driver

2021-04-17 14:12:02 - [MESSAGE][PASSED] - Browser is opened with url: 'https://adstaging.medapoint.com/Account/Logon'

2021-04-17 14:12:02 - [TEST_STEP][PASSED] - maximizeWindow(): Current window maximized

2021-04-17 14:12:02 - [MESSAGE][PASSED] - Current window maximized

2021-04-17 14:12:02 - [TEST_STEP][PASSED] - delay(2): Delayed 2 second(s)

2021-04-17 14:12:04 - [MESSAGE][PASSED] - Delayed 2 second(s)

2021-04-17 14:12:04 - [TEST_STEP][PASSED] - setText(findTestObject("Page_Login/txt_UserName"), Username): Text 'AutoTest' is set on object 'Object Repository/Page_Login/txt_UserName'

2021-04-17 14:12:05 - [MESSAGE][PASSED] - Text 'AutoTest' is set on object 'Object Repository/Page_Login/txt_UserName'

2021-04-17 14:12:05 - [TEST_STEP][PASSED] - setText(findTestObject("Page_Login/txt_Password"), Password): Text 'Aaron00##' is set on object 'Object Repository/Page_Login/txt_Password'

2021-04-17 14:12:05 - [MESSAGE][PASSED] - Text 'Aaron00##' is set on object 'Object Repository/Page_Login/txt_Password'

2021-04-17 14:12:05 - [TEST_STEP][PASSED] - setText(findTestObject("Page_Login/txt_Organization"), Organization): Text 'MP001' is set on object 'Object Repository/Page_Login/txt_Organization'

2021-04-17 14:12:06 - [MESSAGE][PASSED] - Text 'MP001' is set on object 'Object Repository/Page_Login/txt_Organization'

2021-04-17 14:12:06 - [TEST_STEP][PASSED] - click(findTestObject("Page_Login/btn_Login")): Object: 'Object Repository/Page_Login/btn_Login' is clicked on

2021-04-17 14:12:12 - [MESSAGE][PASSED] - Object: 'Object Repository/Page_Login/btn_Login' is clicked on

2021-04-17 14:12:12 - [TEST_STEP][PASSED] - delay(2): Delayed 2 second(s)

2021-04-17 14:12:14 - [MESSAGE][PASSED] - Delayed 2 second(s)

2021-04-17 14:12:14 - [MESSAGE][INFO] - =================== Smart XPath Report =======================

2021-04-17 14:12:14 - [MESSAGE][INFO] - Refer to the link below to preview and approve auto healing on broken test objects.

2021-04-17 14:12:14 - [MESSAGE][INFO] - https://docs.katalon.com/katalon-studio/docs/auto-healing-smart-xpath.html

2021-04-17 14:12:14 - [MESSAGE][INFO] - ===============================================================

2021-04-17 14:12:14 - [MESSAGE][PASSED] - Call Test Case 'Test Cases/Common Test Cases/Login' successfully

2021-04-17 14:12:14 - [TEST_STEP][PASSED] - delay(2): Delayed 2 second(s)

2021-04-17 14:12:16 - [MESSAGE][PASSED] - Delayed 2 second(s)

2021-04-17 14:12:16 - [TEST_STEP][PASSED] - mouseOver(findTestObject("Page_AdvanceDispatch Unit Activation Matrix/span_Dispatch")): Object: 'Object Repository/Page_AdvanceDispatch Unit Activation Matrix/span_Dispatch' is hovered

2021-04-17 14:12:17 - [MESSAGE][PASSED] - Object: 'Object Repository/Page_AdvanceDispatch Unit Activation Matrix/span_Dispatch' is hovered

2021-04-17 14:12:17 - [TEST_STEP][PASSED] - click(findTestObject("Page_AdvanceDispatch Unit Activation Matrix/a_Unit Activation Matrix")): Object: 'Object Repository/Page_AdvanceDispatch Unit Activation Matrix/a_Unit Activation Matrix' is clicked on

2021-04-17 14:12:19 - [MESSAGE][PASSED] - Object: 'Object Repository/Page_AdvanceDispatch Unit Activation Matrix/a_Unit Activation Matrix' is clicked on

2021-04-17 14:12:19 - [TEST_STEP][PASSED] - delay(2): Delayed 2 second(s)

2021-04-17 14:12:21 - [MESSAGE][PASSED] - Delayed 2 second(s)

2021-04-17 14:12:21 - [TEST_STEP][PASSED] - unitBefore = getText(findTestObject("Page_AdvanceDispatch Unit Activation Matrix/link_firstInactiveUnit")): Text of object 'Object Repository/Page_AdvanceDispatch Unit Activation Matrix/link_firstInactiveUnit' is: '473'

2021-04-17 14:12:22 - [MESSAGE][PASSED] - Text of object 'Object Repository/Page_AdvanceDispatch Unit Activation Matrix/link_firstInactiveUnit' is: '473'

2021-04-17 14:12:22 - [TEST_STEP][PASSED] - click(findTestObject("Page_AdvanceDispatch Unit Activation Matrix/link_firstInactiveUnit")): Object: 'Object Repository/Page_AdvanceDispatch Unit Activation Matrix/link_firstInactiveUnit' is clicked on

2021-04-17 14:12:23 - [MESSAGE][PASSED] - Object: 'Object Repository/Page_AdvanceDispatch Unit Activation Matrix/link_firstInactiveUnit' is clicked on

2021-04-17 14:12:23 - [TEST_STEP][PASSED] - setText(findTestObject("Page_AdvanceDispatch Unit Activation Matrix/SelectedShift_input"), shiftInput): Text '24 hr test' is set on object 'Object Repository/Page_AdvanceDispatch Unit Activation Matrix/SelectedShift_input'

2021-04-17 14:12:25 - [MESSAGE][PASSED] - Text '24 hr test' is set on object 'Object Repository/Page_AdvanceDispatch Unit Activation Matrix/SelectedShift_input'

2021-04-17 14:12:25 - [TEST_STEP][PASSED] - setText(findTestObject("Page_AdvanceDispatch Unit Activation Matrix/SelectedVehicle_input"), vehicleInput): Text '201' is set on object 'Object Repository/Page_AdvanceDispatch Unit Activation Matrix/SelectedVehicle_input'

2021-04-17 14:12:25 - [MESSAGE][PASSED] - Text '201' is set on object 'Object Repository/Page_AdvanceDispatch Unit Activation Matrix/SelectedVehicle_input'

2021-04-17 14:12:25 - [TEST_STEP][PASSED] - setText(findTestObject("Page_AdvanceDispatch Unit Activation Matrix/SelectedCrew1_input"), crew1): Text '143677' is set on object 'Object Repository/Page_AdvanceDispatch Unit Activation Matrix/SelectedCrew1_input'

2021-04-17 14:12:26 - [MESSAGE][PASSED] - Text '143677' is set on object 'Object Repository/Page_AdvanceDispatch Unit Activation Matrix/SelectedCrew1_input'

2021-04-17 14:12:26 - [TEST_STEP][PASSED] - setText(findTestObject("Page_AdvanceDispatch Unit Activation Matrix/SelectedCrew2_input"), crew2): Text '145397' is set on object 'Object Repository/Page_AdvanceDispatch Unit Activation Matrix/SelectedCrew2_input'

2021-04-17 14:12:27 - [MESSAGE][PASSED] - Text '145397' is set on object 'Object Repository/Page_AdvanceDispatch Unit Activation Matrix/SelectedCrew2_input'

2021-04-17 14:12:27 - [TEST_STEP][PASSED] - setText(findTestObject("Page_AdvanceDispatch Unit Activation Matrix/SelectedCrew3_input"), crew3): Text '162173' is set on object 'Object Repository/Page_AdvanceDispatch Unit Activation Matrix/SelectedCrew3_input'

2021-04-17 14:12:28 - [MESSAGE][PASSED] - Text '162173' is set on object 'Object Repository/Page_AdvanceDispatch Unit Activation Matrix/SelectedCrew3_input'

2021-04-17 14:12:28 - [TEST_STEP][PASSED] - setText(findTestObject("Page_AdvanceDispatch Unit Activation Matrix/SelectedCrew4_input"), crew4): Text '164398' is set on object 'Object Repository/Page_AdvanceDispatch Unit Activation Matrix/SelectedCrew4_input'

2021-04-17 14:12:29 - [MESSAGE][PASSED] - Text '164398' is set on object 'Object Repository/Page_AdvanceDispatch Unit Activation Matrix/SelectedCrew4_input'

2021-04-17 14:12:29 - [TEST_STEP][PASSED] - click(findTestObject("Page_AdvanceDispatch Unit Activation Matrix/btnSave")): Object: 'Object Repository/Page_AdvanceDispatch Unit Activation Matrix/btnSave' is clicked on

2021-04-17 14:12:30 - [MESSAGE][PASSED] - Object: 'Object Repository/Page_AdvanceDispatch Unit Activation Matrix/btnSave' is clicked on

2021-04-17 14:12:30 - [TEST_STEP][PASSED] - unitAfter = getText(findTestObject("Page_AdvanceDispatch Unit Activation Matrix/link_firstInactiveUnit")): Text of object 'Object Repository/Page_AdvanceDispatch Unit Activation Matrix/link_firstInactiveUnit' is: '49D'

2021-04-17 14:12:32 - [MESSAGE][PASSED] - Text of object 'Object Repository/Page_AdvanceDispatch Unit Activation Matrix/link_firstInactiveUnit' is: '49D'

2021-04-17 14:12:32 - [TEST_STEP][PASSED] - assert !(unitBefore.equals(unitAfter)): null

2021-04-17 14:12:32 - [TEST_STEP][PASSED] - closeBrowser(): Browser is closed

2021-04-17 14:12:33 - [MESSAGE][PASSED] - Browser is closed

2021-04-17 14:12:35 - [TEST_STEP][PASSED] - Video: Video recording for test case 'Test Cases/Smoke Test/TC4_UnitActivation' .

2021-04-17 14:12:35 - [MESSAGE][INFO] - Video recording for test case 'Test Cases/Smoke Test/TC4_UnitActivation' .
[[ATTACHMENT|C:\\Users\\SSwain5\\Documents\\Others\\medapoint\\Reports\\20210417_140700\\Smoke Test Suite\\20210417_140700/videos\\test_4.avi]]]]></system-out>
         <system-err><![CDATA[]]></system-err>
      </testcase>
      <system-out><![CDATA[2021-04-17 14:07:07 - [TEST_SUITE][PASSED] - Smoke Test Suite: Test Cases/Smoke Test/TC4_UnitActivation]]></system-out>
      <system-err><![CDATA[]]></system-err>
   </testsuite>
</testsuites>
