<?xml version="1.0" encoding="UTF-8"?>
<testsuites name="Smoke Test Suite" time="550.426" tests="8" failures="2" errors="1">
   <testsuite name="Smoke Test Suite" tests="8" failures="2" errors="1" time="550.426" timestamp="2021-05-11 08:32:59" hostname="SSwain5 - SLB-332V0X2.DIR.slb.com" id="Test Suites/Smoke Test Suite">
      <properties>
         <property name="deviceName" value=""/>
         <property name="devicePlatform" value=""/>
         <property name="logFolder" value="C:\\Users\\SSwain5\\Documents\\Others\\medapoint\\Reports\\20210511_083250\\Smoke Test Suite\\20210511_083250"/>
         <property name="logFiles" value="C:\\Users\\SSwain5\\Documents\\Others\\medapoint\\Reports\\20210511_083250\\Smoke Test Suite\\20210511_083250\\execution0.log"/>
         <property name="attachments" value="C:\\Users\\SSwain5\\Documents\\Others\\medapoint\\Reports\\20210511_083250\\Smoke Test Suite\\20210511_083250/videos\\test_1.avi, C:\\Users\\SSwain5\\Documents\\Others\\medapoint\\Reports\\20210511_083250\\Smoke Test Suite\\20210511_083250/videos\\test_2.avi, C:\\Users\\SSwain5\\Documents\\Others\\medapoint\\Reports\\20210511_083250\\Smoke Test Suite\\20210511_083250\\1620702395582.png, C:\\Users\\SSwain5\\Documents\\Others\\medapoint\\Reports\\20210511_083250\\Smoke Test Suite\\20210511_083250/videos\\test_3.avi, C:\\Users\\SSwain5\\Documents\\Others\\medapoint\\Reports\\20210511_083250\\Smoke Test Suite\\20210511_083250/videos\\test_4.avi, C:\\Users\\SSwain5\\Documents\\Others\\medapoint\\Reports\\20210511_083250\\Smoke Test Suite\\20210511_083250/videos\\test_5.avi, C:\\Users\\SSwain5\\Documents\\Others\\medapoint\\Reports\\20210511_083250\\Smoke Test Suite\\20210511_083250/videos\\test_6.avi, C:\\Users\\SSwain5\\Documents\\Others\\medapoint\\Reports\\20210511_083250\\Smoke Test Suite\\20210511_083250\\1620702652806.png, C:\\Users\\SSwain5\\Documents\\Others\\medapoint\\Reports\\20210511_083250\\Smoke Test Suite\\20210511_083250/videos\\test_7.avi, C:\\Users\\SSwain5\\Documents\\Others\\medapoint\\Reports\\20210511_083250\\Smoke Test Suite\\20210511_083250/videos\\test_8.avi"/>
         <property name="hostName" value="SSwain5 - SLB-332V0X2.DIR.slb.com"/>
         <property name="os" value="Windows 10 64bit"/>
         <property name="katalonVersion" value="7.2.1.1"/>
         <property name="browser" value="Chrome 90.0.4430.93"/>
         <property name="hostAddress" value="192.168.1.18"/>
         <property name="sessionId" value="c3ea2718d70ce2d2d3088ff98a656644"/>
         <property name="seleniumVersion" value="3.141.59"/>
         <property name="proxyInformation" value="ProxyInformation{proxyOption=NO_PROXY, proxyServerType=HTTP, password=, proxyServerAddress=, proxyServerPort=0, executionList=}"/>
         <property name="platform" value="Windows 10"/>
      </properties>
      <testcase name="Test Cases/Smoke Test/TC1_NewCall" time="47.381" classname="Test Cases/Smoke Test/TC1_NewCall" status="PASSED">
         <system-out><![CDATA[2021-05-11 08:32:59 - [TEST_CASE][PASSED] - Test Cases/Smoke Test/TC1_NewCall: Test Cases/Smoke Test/TC1_NewCall

2021-05-11 08:33:00 - [TEST_STEP][PASSED] - callTestCase(findTestCase("Common Test Cases/Login"), ["Password":findTestData("SmokeTestData").getValue(2, 1), "Username":findTestData("SmokeTestData").getValue(1, 1), "Organization":findTestData("SmokeTestData").getValue(3, 1), ... ], STOP_ON_FAILURE): Call Test Case 'Test Cases/Common Test Cases/Login' successfully

2021-05-11 08:33:00 - [TEST_CASE][PASSED] - Test Cases/Common Test Cases/Login: Test Cases/Common Test Cases/Login

2021-05-11 08:33:00 - [TEST_STEP][PASSED] - openBrowser(G_adSiteURL): Browser is opened with url: 'https://adstaging.medapoint.com/Account/Logon'

2021-05-11 08:33:01 - [MESSAGE][INFO] - Starting 'Chrome' driver

2021-05-11 08:33:01 - [MESSAGE][INFO] - Action delay is set to 0 seconds

2021-05-11 08:33:08 - [MESSAGE][PASSED] - Browser is opened with url: 'https://adstaging.medapoint.com/Account/Logon'

2021-05-11 08:33:08 - [TEST_STEP][PASSED] - maximizeWindow(): Current window maximized

2021-05-11 08:33:08 - [MESSAGE][PASSED] - Current window maximized

2021-05-11 08:33:08 - [TEST_STEP][PASSED] - delay(2): Delayed 2 second(s)

2021-05-11 08:33:10 - [MESSAGE][PASSED] - Delayed 2 second(s)

2021-05-11 08:33:10 - [TEST_STEP][PASSED] - setText(findTestObject("Page_Login/txt_UserName"), Username): Text 'AutoTest' is set on object 'Object Repository/Page_Login/txt_UserName'

2021-05-11 08:33:11 - [MESSAGE][PASSED] - Text 'AutoTest' is set on object 'Object Repository/Page_Login/txt_UserName'

2021-05-11 08:33:11 - [TEST_STEP][PASSED] - setText(findTestObject("Page_Login/txt_Password"), Password): Text 'Angus00##' is set on object 'Object Repository/Page_Login/txt_Password'

2021-05-11 08:33:11 - [MESSAGE][PASSED] - Text 'Angus00##' is set on object 'Object Repository/Page_Login/txt_Password'

2021-05-11 08:33:11 - [TEST_STEP][PASSED] - setText(findTestObject("Page_Login/txt_Organization"), Organization): Text 'MP001' is set on object 'Object Repository/Page_Login/txt_Organization'

2021-05-11 08:33:12 - [MESSAGE][PASSED] - Text 'MP001' is set on object 'Object Repository/Page_Login/txt_Organization'

2021-05-11 08:33:12 - [TEST_STEP][PASSED] - click(findTestObject("Page_Login/btn_Login")): Object: 'Object Repository/Page_Login/btn_Login' is clicked on

2021-05-11 08:33:19 - [MESSAGE][PASSED] - Object: 'Object Repository/Page_Login/btn_Login' is clicked on

2021-05-11 08:33:19 - [TEST_STEP][PASSED] - delay(2): Delayed 2 second(s)

2021-05-11 08:33:21 - [MESSAGE][PASSED] - Delayed 2 second(s)

2021-05-11 08:33:21 - [MESSAGE][PASSED] - Call Test Case 'Test Cases/Common Test Cases/Login' successfully

2021-05-11 08:33:21 - [TEST_STEP][PASSED] - click(findTestObject("Object Repository/Page_AdvanceDispatch  Call Taking/a_New Call")): Object: 'Object Repository/Page_AdvanceDispatch  Call Taking/a_New Call' is clicked on

2021-05-11 08:33:28 - [MESSAGE][PASSED] - Object: 'Object Repository/Page_AdvanceDispatch  Call Taking/a_New Call' is clicked on

2021-05-11 08:33:28 - [TEST_STEP][PASSED] - setText(findTestObject("Object Repository/Page_AdvanceDispatch  Call Taking/input_Patient_SelectedPatient_input"), patient): Text 'ALMAGUER, AARON' is set on object 'Object Repository/Page_AdvanceDispatch  Call Taking/input_Patient_SelectedPatient_input'

2021-05-11 08:33:29 - [MESSAGE][PASSED] - Text 'ALMAGUER, AARON' is set on object 'Object Repository/Page_AdvanceDispatch  Call Taking/input_Patient_SelectedPatient_input'

2021-05-11 08:33:29 - [TEST_STEP][PASSED] - click(findTestObject("Page_AdvanceDispatch  Call Taking/select_patientByName", ["patient":patient])): Object: 'Object Repository/Page_AdvanceDispatch  Call Taking/select_patientByName' is clicked on

2021-05-11 08:33:33 - [MESSAGE][PASSED] - Object: 'Object Repository/Page_AdvanceDispatch  Call Taking/select_patientByName' is clicked on

2021-05-11 08:33:33 - [TEST_STEP][PASSED] - click(findTestObject("Page_AdvanceDispatch  Call Taking/input_ScenePick up Information")): Object: 'Object Repository/Page_AdvanceDispatch  Call Taking/input_ScenePick up Information' is clicked on

2021-05-11 08:33:34 - [MESSAGE][PASSED] - Object: 'Object Repository/Page_AdvanceDispatch  Call Taking/input_ScenePick up Information' is clicked on

2021-05-11 08:33:34 - [TEST_STEP][PASSED] - delay(1): Delayed 1 second(s)

2021-05-11 08:33:36 - [MESSAGE][PASSED] - Delayed 1 second(s)

2021-05-11 08:33:36 - [TEST_STEP][PASSED] - click(findTestObject("Page_AdvanceDispatch  Call Taking/input_DestinationDrop Off Information")): Object: 'Object Repository/Page_AdvanceDispatch  Call Taking/input_DestinationDrop Off Information' is clicked on

2021-05-11 08:33:37 - [MESSAGE][PASSED] - Object: 'Object Repository/Page_AdvanceDispatch  Call Taking/input_DestinationDrop Off Information' is clicked on

2021-05-11 08:33:37 - [TEST_STEP][PASSED] - setText(findTestObject("Object Repository/Page_AdvanceDispatch  Call Taking/input_Service Requested_SelectedServiceType_input"), serviceRequested): Text '911 Response (Scene)' is set on object 'Object Repository/Page_AdvanceDispatch  Call Taking/input_Service Requested_SelectedServiceType_input'

2021-05-11 08:33:38 - [MESSAGE][PASSED] - Text '911 Response (Scene)' is set on object 'Object Repository/Page_AdvanceDispatch  Call Taking/input_Service Requested_SelectedServiceType_input'

2021-05-11 08:33:38 - [TEST_STEP][PASSED] - click(findTestObject("Object Repository/Page_AdvanceDispatch  Call Taking/input_Service Requested_SelectedServiceType_input")): Object: 'Object Repository/Page_AdvanceDispatch  Call Taking/input_Service Requested_SelectedServiceType_input' is clicked on

2021-05-11 08:33:39 - [MESSAGE][PASSED] - Object: 'Object Repository/Page_AdvanceDispatch  Call Taking/input_Service Requested_SelectedServiceType_input' is clicked on

2021-05-11 08:33:39 - [TEST_STEP][PASSED] - setText(findTestObject("Object Repository/Page_AdvanceDispatch  Call Taking/input_Unit_SelectedUnit_input"), unit): Text 'Whiskey' is set on object 'Object Repository/Page_AdvanceDispatch  Call Taking/input_Unit_SelectedUnit_input'

2021-05-11 08:33:39 - [MESSAGE][PASSED] - Text 'Whiskey' is set on object 'Object Repository/Page_AdvanceDispatch  Call Taking/input_Unit_SelectedUnit_input'

2021-05-11 08:33:39 - [TEST_STEP][PASSED] - click(findTestObject("Page_AdvanceDispatch  Call Taking/select_UnitByName", ["unit":unit])): Object: 'Object Repository/Page_AdvanceDispatch  Call Taking/select_UnitByName' is clicked on

2021-05-11 08:33:40 - [MESSAGE][PASSED] - Object: 'Object Repository/Page_AdvanceDispatch  Call Taking/select_UnitByName' is clicked on

2021-05-11 08:33:40 - [TEST_STEP][PASSED] - setText(findTestObject("Object Repository/Page_AdvanceDispatch  Call Taking/input_Dispatch Complaint_SelectedComplaint_input"), dispatchComplaint): Text 'Abdominal Pain/Problems' is set on object 'Object Repository/Page_AdvanceDispatch  Call Taking/input_Dispatch Complaint_SelectedComplaint_input'

2021-05-11 08:33:41 - [MESSAGE][PASSED] - Text 'Abdominal Pain/Problems' is set on object 'Object Repository/Page_AdvanceDispatch  Call Taking/input_Dispatch Complaint_SelectedComplaint_input'

2021-05-11 08:33:41 - [TEST_STEP][PASSED] - click(findTestObject("Page_AdvanceDispatch  Call Taking/select_dispatchComplaintByName", ["complaint":dispatchComplaint])): Object: 'Object Repository/Page_AdvanceDispatch  Call Taking/select_dispatchComplaintByName' is clicked on

2021-05-11 08:33:42 - [MESSAGE][PASSED] - Object: 'Object Repository/Page_AdvanceDispatch  Call Taking/select_dispatchComplaintByName' is clicked on

2021-05-11 08:33:42 - [TEST_STEP][PASSED] - click(findTestObject("Object Repository/Page_AdvanceDispatch  Call Taking/button_Publish")): Object: 'Object Repository/Page_AdvanceDispatch  Call Taking/button_Publish' is clicked on

2021-05-11 08:33:42 - [MESSAGE][PASSED] - Object: 'Object Repository/Page_AdvanceDispatch  Call Taking/button_Publish' is clicked on

2021-05-11 08:33:42 - [TEST_STEP][PASSED] - closeBrowser(): Browser is closed

2021-05-11 08:33:44 - [MESSAGE][PASSED] - Browser is closed

2021-05-11 08:33:46 - [TEST_STEP][PASSED] - Video: Video recording for test case 'Test Cases/Smoke Test/TC1_NewCall' .

2021-05-11 08:33:46 - [MESSAGE][INFO] - Video recording for test case 'Test Cases/Smoke Test/TC1_NewCall' .
[[ATTACHMENT|C:\\Users\\SSwain5\\Documents\\Others\\medapoint\\Reports\\20210511_083250\\Smoke Test Suite\\20210511_083250/videos\\test_1.avi]]]]></system-out>
         <system-err><![CDATA[]]></system-err>
      </testcase>
      <testcase name="Test Cases/Smoke Test/TC2_EmergencyCall" time="100.809" classname="Test Cases/Smoke Test/TC2_EmergencyCall" status="PASSED">
         <system-out><![CDATA[2021-05-11 08:33:46 - [TEST_CASE][PASSED] - Test Cases/Smoke Test/TC2_EmergencyCall: Test Cases/Smoke Test/TC2_EmergencyCall

2021-05-11 08:33:47 - [TEST_STEP][PASSED] - callTestCase(findTestCase("Common Test Cases/Login"), ["Password":findTestData("SmokeTestData").getValue(2, 1), "Username":findTestData("SmokeTestData").getValue(1, 1), "Organization":findTestData("SmokeTestData").getValue(3, 1), ... ], STOP_ON_FAILURE): Call Test Case 'Test Cases/Common Test Cases/Login' successfully

2021-05-11 08:33:47 - [TEST_CASE][PASSED] - Test Cases/Common Test Cases/Login: Test Cases/Common Test Cases/Login

2021-05-11 08:33:47 - [TEST_STEP][PASSED] - openBrowser(G_adSiteURL): Browser is opened with url: 'https://adstaging.medapoint.com/Account/Logon'

2021-05-11 08:33:47 - [MESSAGE][INFO] - Starting 'Chrome' driver

2021-05-11 08:34:02 - [MESSAGE][PASSED] - Browser is opened with url: 'https://adstaging.medapoint.com/Account/Logon'

2021-05-11 08:34:02 - [TEST_STEP][PASSED] - maximizeWindow(): Current window maximized

2021-05-11 08:34:02 - [MESSAGE][PASSED] - Current window maximized

2021-05-11 08:34:02 - [TEST_STEP][PASSED] - delay(2): Delayed 2 second(s)

2021-05-11 08:34:04 - [MESSAGE][PASSED] - Delayed 2 second(s)

2021-05-11 08:34:04 - [TEST_STEP][PASSED] - setText(findTestObject("Page_Login/txt_UserName"), Username): Text 'AutoTest' is set on object 'Object Repository/Page_Login/txt_UserName'

2021-05-11 08:34:04 - [MESSAGE][PASSED] - Text 'AutoTest' is set on object 'Object Repository/Page_Login/txt_UserName'

2021-05-11 08:34:04 - [TEST_STEP][PASSED] - setText(findTestObject("Page_Login/txt_Password"), Password): Text 'Angus00##' is set on object 'Object Repository/Page_Login/txt_Password'

2021-05-11 08:34:05 - [MESSAGE][PASSED] - Text 'Angus00##' is set on object 'Object Repository/Page_Login/txt_Password'

2021-05-11 08:34:05 - [TEST_STEP][PASSED] - setText(findTestObject("Page_Login/txt_Organization"), Organization): Text 'MP001' is set on object 'Object Repository/Page_Login/txt_Organization'

2021-05-11 08:34:05 - [MESSAGE][PASSED] - Text 'MP001' is set on object 'Object Repository/Page_Login/txt_Organization'

2021-05-11 08:34:05 - [TEST_STEP][PASSED] - click(findTestObject("Page_Login/btn_Login")): Object: 'Object Repository/Page_Login/btn_Login' is clicked on

2021-05-11 08:34:12 - [MESSAGE][PASSED] - Object: 'Object Repository/Page_Login/btn_Login' is clicked on

2021-05-11 08:34:12 - [TEST_STEP][PASSED] - delay(2): Delayed 2 second(s)

2021-05-11 08:34:14 - [MESSAGE][PASSED] - Delayed 2 second(s)

2021-05-11 08:34:14 - [MESSAGE][PASSED] - Call Test Case 'Test Cases/Common Test Cases/Login' successfully

2021-05-11 08:34:14 - [TEST_STEP][PASSED] - click(findTestObject("Object Repository/Page_AdvanceDispatch  Command Form/span_Emergency Call Taking")): Object: 'Object Repository/Page_AdvanceDispatch  Command Form/span_Emergency Call Taking' is clicked on

2021-05-11 08:34:16 - [MESSAGE][PASSED] - Object: 'Object Repository/Page_AdvanceDispatch  Command Form/span_Emergency Call Taking' is clicked on

2021-05-11 08:34:16 - [TEST_STEP][PASSED] - switchToWindowIndex(1): Switched to window with index: '1'

2021-05-11 08:34:16 - [MESSAGE][PASSED] - Switched to window with index: '1'

2021-05-11 08:34:16 - [TEST_STEP][PASSED] - setText(findTestObject("Page_AdvanceDispatch/input_Caller Name_CallerName"), patient): Text 'ALMAGUER, AARON' is set on object 'Object Repository/Page_AdvanceDispatch/input_Caller Name_CallerName'

2021-05-11 08:34:20 - [MESSAGE][PASSED] - Text 'ALMAGUER, AARON' is set on object 'Object Repository/Page_AdvanceDispatch/input_Caller Name_CallerName'

2021-05-11 08:34:20 - [TEST_STEP][PASSED] - click(findTestObject("Page_AdvanceDispatch/input_Call Back Number_CallbackNumber")): Object: 'Object Repository/Page_AdvanceDispatch/input_Call Back Number_CallbackNumber' is clicked on

2021-05-11 08:34:21 - [MESSAGE][PASSED] - Object: 'Object Repository/Page_AdvanceDispatch/input_Call Back Number_CallbackNumber' is clicked on

2021-05-11 08:34:21 - [TEST_STEP][PASSED] - com.Common.WebUICustomKeywords.javaScriptExecutorInputText("CallbackNumber", "2169604444"): com.Common.WebUICustomKeywords.javaScriptExecutorInputText is PASSED

2021-05-11 08:34:21 - [MESSAGE][PASSED] - Execute JavaScript 'arguments[0].value='2169604444'' successfully

2021-05-11 08:34:21 - [MESSAGE][PASSED] - com.Common.WebUICustomKeywords.javaScriptExecutorInputText is PASSED

2021-05-11 08:34:21 - [TEST_STEP][PASSED] - click(findTestObject("Object Repository/Page_AdvanceDispatch/span_Dispatch Complaint_k-icon k-i-arrow-60-down")): Object: 'Object Repository/Page_AdvanceDispatch/span_Dispatch Complaint_k-icon k-i-arrow-60-down' is clicked on

2021-05-11 08:34:22 - [MESSAGE][PASSED] - Object: 'Object Repository/Page_AdvanceDispatch/span_Dispatch Complaint_k-icon k-i-arrow-60-down' is clicked on

2021-05-11 08:34:22 - [TEST_STEP][PASSED] - click(findTestObject("Object Repository/Page_AdvanceDispatch/li_Abdominal PainProblems")): Object: 'Object Repository/Page_AdvanceDispatch/li_Abdominal PainProblems' is clicked on

2021-05-11 08:34:22 - [MESSAGE][PASSED] - Object: 'Object Repository/Page_AdvanceDispatch/li_Abdominal PainProblems' is clicked on

2021-05-11 08:34:22 - [TEST_STEP][PASSED] - click(findTestObject("Object Repository/Page_AdvanceDispatch/span_Service Requested_k-icon k-i-arrow-60-down")): Object: 'Object Repository/Page_AdvanceDispatch/span_Service Requested_k-icon k-i-arrow-60-down' is clicked on

2021-05-11 08:34:23 - [MESSAGE][PASSED] - Object: 'Object Repository/Page_AdvanceDispatch/span_Service Requested_k-icon k-i-arrow-60-down' is clicked on

2021-05-11 08:34:23 - [TEST_STEP][PASSED] - click(findTestObject("Object Repository/Page_AdvanceDispatch/li_911 Response (Scene)")): Object: 'Object Repository/Page_AdvanceDispatch/li_911 Response (Scene)' is clicked on

2021-05-11 08:34:23 - [MESSAGE][PASSED] - Object: 'Object Repository/Page_AdvanceDispatch/li_911 Response (Scene)' is clicked on

2021-05-11 08:34:23 - [TEST_STEP][PASSED] - click(findTestObject("Object Repository/Page_AdvanceDispatch/span_Dispatch Priority_k-select")): Object: 'Object Repository/Page_AdvanceDispatch/span_Dispatch Priority_k-select' is clicked on

2021-05-11 08:34:24 - [MESSAGE][PASSED] - Object: 'Object Repository/Page_AdvanceDispatch/span_Dispatch Priority_k-select' is clicked on

2021-05-11 08:34:24 - [TEST_STEP][PASSED] - click(findTestObject("Object Repository/Page_AdvanceDispatch/li_Priority 2 (Emergent)")): Object: 'Object Repository/Page_AdvanceDispatch/li_Priority 2 (Emergent)' is clicked on

2021-05-11 08:34:25 - [MESSAGE][PASSED] - Object: 'Object Repository/Page_AdvanceDispatch/li_Priority 2 (Emergent)' is clicked on

2021-05-11 08:34:25 - [TEST_STEP][PASSED] - click(findTestObject("Object Repository/Page_AdvanceDispatch/span_Transport Method_k-icon k-i-arrow-60-down")): Object: 'Object Repository/Page_AdvanceDispatch/span_Transport Method_k-icon k-i-arrow-60-down' is clicked on

2021-05-11 08:34:25 - [MESSAGE][PASSED] - Object: 'Object Repository/Page_AdvanceDispatch/span_Transport Method_k-icon k-i-arrow-60-down' is clicked on

2021-05-11 08:34:25 - [TEST_STEP][PASSED] - click(findTestObject("Object Repository/Page_AdvanceDispatch/li_Ground-Ambulance")): Object: 'Object Repository/Page_AdvanceDispatch/li_Ground-Ambulance' is clicked on

2021-05-11 08:34:26 - [MESSAGE][PASSED] - Object: 'Object Repository/Page_AdvanceDispatch/li_Ground-Ambulance' is clicked on

2021-05-11 08:34:26 - [TEST_STEP][PASSED] - click(findTestObject("Object Repository/Page_AdvanceDispatch/input_Caller Ref _CallerReferenceNumber")): Object: 'Object Repository/Page_AdvanceDispatch/input_Caller Ref _CallerReferenceNumber' is clicked on

2021-05-11 08:34:26 - [MESSAGE][PASSED] - Object: 'Object Repository/Page_AdvanceDispatch/input_Caller Ref _CallerReferenceNumber' is clicked on

2021-05-11 08:34:26 - [TEST_STEP][PASSED] - setText(findTestObject("Object Repository/Page_AdvanceDispatch/input_Street Address_SceneStreetAddress"), "1300 napoli valie"): Text '1300 napoli valie' is set on object 'Object Repository/Page_AdvanceDispatch/input_Street Address_SceneStreetAddress'

2021-05-11 08:34:27 - [MESSAGE][PASSED] - Text '1300 napoli valie' is set on object 'Object Repository/Page_AdvanceDispatch/input_Street Address_SceneStreetAddress'

2021-05-11 08:34:27 - [TEST_STEP][PASSED] - setText(findTestObject("Object Repository/Page_AdvanceDispatch/input_City_SceneCity"), "san antonio"): Text 'san antonio' is set on object 'Object Repository/Page_AdvanceDispatch/input_City_SceneCity'

2021-05-11 08:34:28 - [MESSAGE][PASSED] - Text 'san antonio' is set on object 'Object Repository/Page_AdvanceDispatch/input_City_SceneCity'

2021-05-11 08:34:28 - [TEST_STEP][PASSED] - setText(findTestObject("Object Repository/Page_AdvanceDispatch/input_State_SceneStateID_input"), "78253"): Text '78253' is set on object 'Object Repository/Page_AdvanceDispatch/input_State_SceneStateID_input'

2021-05-11 08:34:28 - [MESSAGE][PASSED] - Text '78253' is set on object 'Object Repository/Page_AdvanceDispatch/input_State_SceneStateID_input'

2021-05-11 08:34:28 - [TEST_STEP][PASSED] - click(findTestObject("Object Repository/Page_AdvanceDispatch/button_Publish And Continue")): Object: 'Object Repository/Page_AdvanceDispatch/button_Publish And Continue' is clicked on

2021-05-11 08:34:43 - [MESSAGE][PASSED] - Object: 'Object Repository/Page_AdvanceDispatch/button_Publish And Continue' is clicked on

2021-05-11 08:34:43 - [TEST_STEP][PASSED] - waitForElementVisible(findTestObject("Page_AdvanceDispatch/lblcallReferenceNumber"), 10): Object 'Object Repository/Page_AdvanceDispatch/lblcallReferenceNumber' is visible

2021-05-11 08:35:23 - [MESSAGE][PASSED] - Object 'Object Repository/Page_AdvanceDispatch/lblcallReferenceNumber' is visible

2021-05-11 08:35:23 - [TEST_STEP][PASSED] - closeBrowser(): Browser is closed

2021-05-11 08:35:24 - [MESSAGE][PASSED] - Browser is closed

2021-05-11 08:35:27 - [TEST_STEP][PASSED] - Video: Video recording for test case 'Test Cases/Smoke Test/TC2_EmergencyCall' .

2021-05-11 08:35:27 - [MESSAGE][INFO] - Video recording for test case 'Test Cases/Smoke Test/TC2_EmergencyCall' .
[[ATTACHMENT|C:\\Users\\SSwain5\\Documents\\Others\\medapoint\\Reports\\20210511_083250\\Smoke Test Suite\\20210511_083250/videos\\test_2.avi]]]]></system-out>
         <system-err><![CDATA[]]></system-err>
      </testcase>
      <testcase name="Test Cases/Smoke Test/TC3_CompleteExistingTrip" time="72.321" classname="Test Cases/Smoke Test/TC3_CompleteExistingTrip" status="FAILED">
         <failure type="FAILED" message="Test Cases/Smoke Test/TC3_CompleteExistingTrip FAILED.
Reason:
com.kms.katalon.core.exception.StepFailedException: Unable to click on object 'Object Repository/Page_AdvanceDispatch  Command Form/i-expandTrip'
	at com.kms.katalon.core.webui.keyword.internal.WebUIKeywordMain.stepFailed(WebUIKeywordMain.groovy:64)
	at com.kms.katalon.core.webui.keyword.internal.WebUIKeywordMain.runKeyword(WebUIKeywordMain.groovy:26)
	at com.kms.katalon.core.webui.keyword.builtin.ClickKeyword.click(ClickKeyword.groovy:102)
	at com.kms.katalon.core.webui.keyword.builtin.ClickKeyword.execute(ClickKeyword.groovy:43)
	at com.kms.katalon.core.keyword.internal.KeywordExecutor.executeKeywordForPlatform(KeywordExecutor.groovy:72)
	at com.kms.katalon.core.webui.keyword.WebUiBuiltInKeywords.click(WebUiBuiltInKeywords.groovy:616)
	at com.kms.katalon.core.webui.keyword.WebUiBuiltInKeywords$click$2.call(Unknown Source)
	at TC3_CompleteExistingTrip.run(TC3_CompleteExistingTrip:28)
	at com.kms.katalon.core.main.ScriptEngine.run(ScriptEngine.java:194)
	at com.kms.katalon.core.main.ScriptEngine.runScriptAsRawText(ScriptEngine.java:119)
	at com.kms.katalon.core.main.TestCaseExecutor.runScript(TestCaseExecutor.java:337)
	at com.kms.katalon.core.main.TestCaseExecutor.doExecute(TestCaseExecutor.java:328)
	at com.kms.katalon.core.main.TestCaseExecutor.processExecutionPhase(TestCaseExecutor.java:307)
	at com.kms.katalon.core.main.TestCaseExecutor.accessMainPhase(TestCaseExecutor.java:299)
	at com.kms.katalon.core.main.TestCaseExecutor.execute(TestCaseExecutor.java:233)
	at com.kms.katalon.core.main.TestSuiteExecutor.accessTestCaseMainPhase(TestSuiteExecutor.java:169)
	at com.kms.katalon.core.main.TestSuiteExecutor.accessTestSuiteMainPhase(TestSuiteExecutor.java:142)
	at com.kms.katalon.core.main.TestSuiteExecutor.execute(TestSuiteExecutor.java:91)
	at com.kms.katalon.core.main.TestCaseMain.startTestSuite(TestCaseMain.java:157)
	at com.kms.katalon.core.main.TestCaseMain$startTestSuite$0.call(Unknown Source)
	at TempTestSuite1620702170424.run(TempTestSuite1620702170424.groovy:36)
Caused by: com.kms.katalon.core.webui.exception.WebElementNotFoundException: Web element with id: 'Object Repository/Page_AdvanceDispatch  Command Form/i-expandTrip' located by 'By.xpath: //td[text()='ALMAGUER, AARON']/../td[1]/a' not found
	at com.kms.katalon.core.webui.common.WebUiCommonHelper.findWebElement(WebUiCommonHelper.java:1154)
	at com.kms.katalon.core.webui.keyword.internal.WebUIAbstractKeyword.findWebElement(WebUIAbstractKeyword.groovy:27)
	at com.kms.katalon.core.webui.keyword.internal.WebUIAbstractKeyword.findWebElement(WebUIAbstractKeyword.groovy:26)
	at com.kms.katalon.core.webui.keyword.builtin.ClickKeyword$_click_closure1.doCall(ClickKeyword.groovy:67)
	at com.kms.katalon.core.webui.keyword.builtin.ClickKeyword$_click_closure1.call(ClickKeyword.groovy)
	at com.kms.katalon.core.webui.keyword.internal.WebUIKeywordMain.runKeyword(WebUIKeywordMain.groovy:20)
	... 19 more
"/>
         <system-out><![CDATA[2021-05-11 08:35:27 - [TEST_CASE][FAILED] - Test Cases/Smoke Test/TC3_CompleteExistingTrip: Test Cases/Smoke Test/TC3_CompleteExistingTrip FAILED.
Reason:
com.kms.katalon.core.exception.StepFailedException: Unable to click on object 'Object Repository/Page_AdvanceDispatch  Command Form/i-expandTrip'
	at com.kms.katalon.core.webui.keyword.internal.WebUIKeywordMain.stepFailed(WebUIKeywordMain.groovy:64)
	at com.kms.katalon.core.webui.keyword.internal.WebUIKeywordMain.runKeyword(WebUIKeywordMain.groovy:26)
	at com.kms.katalon.core.webui.keyword.builtin.ClickKeyword.click(ClickKeyword.groovy:102)
	at com.kms.katalon.core.webui.keyword.builtin.ClickKeyword.execute(ClickKeyword.groovy:43)
	at com.kms.katalon.core.keyword.internal.KeywordExecutor.executeKeywordForPlatform(KeywordExecutor.groovy:72)
	at com.kms.katalon.core.webui.keyword.WebUiBuiltInKeywords.click(WebUiBuiltInKeywords.groovy:616)
	at com.kms.katalon.core.webui.keyword.WebUiBuiltInKeywords$click$2.call(Unknown Source)
	at TC3_CompleteExistingTrip.run(TC3_CompleteExistingTrip:28)
	at com.kms.katalon.core.main.ScriptEngine.run(ScriptEngine.java:194)
	at com.kms.katalon.core.main.ScriptEngine.runScriptAsRawText(ScriptEngine.java:119)
	at com.kms.katalon.core.main.TestCaseExecutor.runScript(TestCaseExecutor.java:337)
	at com.kms.katalon.core.main.TestCaseExecutor.doExecute(TestCaseExecutor.java:328)
	at com.kms.katalon.core.main.TestCaseExecutor.processExecutionPhase(TestCaseExecutor.java:307)
	at com.kms.katalon.core.main.TestCaseExecutor.accessMainPhase(TestCaseExecutor.java:299)
	at com.kms.katalon.core.main.TestCaseExecutor.execute(TestCaseExecutor.java:233)
	at com.kms.katalon.core.main.TestSuiteExecutor.accessTestCaseMainPhase(TestSuiteExecutor.java:169)
	at com.kms.katalon.core.main.TestSuiteExecutor.accessTestSuiteMainPhase(TestSuiteExecutor.java:142)
	at com.kms.katalon.core.main.TestSuiteExecutor.execute(TestSuiteExecutor.java:91)
	at com.kms.katalon.core.main.TestCaseMain.startTestSuite(TestCaseMain.java:157)
	at com.kms.katalon.core.main.TestCaseMain$startTestSuite$0.call(Unknown Source)
	at TempTestSuite1620702170424.run(TempTestSuite1620702170424.groovy:36)
Caused by: com.kms.katalon.core.webui.exception.WebElementNotFoundException: Web element with id: 'Object Repository/Page_AdvanceDispatch  Command Form/i-expandTrip' located by 'By.xpath: //td[text()='ALMAGUER, AARON']/../td[1]/a' not found
	at com.kms.katalon.core.webui.common.WebUiCommonHelper.findWebElement(WebUiCommonHelper.java:1154)
	at com.kms.katalon.core.webui.keyword.internal.WebUIAbstractKeyword.findWebElement(WebUIAbstractKeyword.groovy:27)
	at com.kms.katalon.core.webui.keyword.internal.WebUIAbstractKeyword.findWebElement(WebUIAbstractKeyword.groovy:26)
	at com.kms.katalon.core.webui.keyword.builtin.ClickKeyword$_click_closure1.doCall(ClickKeyword.groovy:67)
	at com.kms.katalon.core.webui.keyword.builtin.ClickKeyword$_click_closure1.call(ClickKeyword.groovy)
	at com.kms.katalon.core.webui.keyword.internal.WebUIKeywordMain.runKeyword(WebUIKeywordMain.groovy:20)
	... 19 more


2021-05-11 08:35:27 - [TEST_STEP][PASSED] - callTestCase(findTestCase("Common Test Cases/Login"), ["Password":findTestData("SmokeTestData").getValue(2, 1), "Username":findTestData("SmokeTestData").getValue(1, 1), "Organization":findTestData("SmokeTestData").getValue(3, 1), ... ], STOP_ON_FAILURE): Call Test Case 'Test Cases/Common Test Cases/Login' successfully

2021-05-11 08:35:27 - [TEST_CASE][PASSED] - Test Cases/Common Test Cases/Login: Test Cases/Common Test Cases/Login

2021-05-11 08:35:27 - [TEST_STEP][PASSED] - openBrowser(G_adSiteURL): Browser is opened with url: 'https://adstaging.medapoint.com/Account/Logon'

2021-05-11 08:35:27 - [MESSAGE][INFO] - Starting 'Chrome' driver

2021-05-11 08:35:33 - [MESSAGE][PASSED] - Browser is opened with url: 'https://adstaging.medapoint.com/Account/Logon'

2021-05-11 08:35:33 - [TEST_STEP][PASSED] - maximizeWindow(): Current window maximized

2021-05-11 08:35:33 - [MESSAGE][PASSED] - Current window maximized

2021-05-11 08:35:33 - [TEST_STEP][PASSED] - delay(2): Delayed 2 second(s)

2021-05-11 08:35:35 - [MESSAGE][PASSED] - Delayed 2 second(s)

2021-05-11 08:35:35 - [TEST_STEP][PASSED] - setText(findTestObject("Page_Login/txt_UserName"), Username): Text 'AutoTest' is set on object 'Object Repository/Page_Login/txt_UserName'

2021-05-11 08:35:36 - [MESSAGE][PASSED] - Text 'AutoTest' is set on object 'Object Repository/Page_Login/txt_UserName'

2021-05-11 08:35:36 - [TEST_STEP][PASSED] - setText(findTestObject("Page_Login/txt_Password"), Password): Text 'Angus00##' is set on object 'Object Repository/Page_Login/txt_Password'

2021-05-11 08:35:36 - [MESSAGE][PASSED] - Text 'Angus00##' is set on object 'Object Repository/Page_Login/txt_Password'

2021-05-11 08:35:36 - [TEST_STEP][PASSED] - setText(findTestObject("Page_Login/txt_Organization"), Organization): Text 'MP001' is set on object 'Object Repository/Page_Login/txt_Organization'

2021-05-11 08:35:37 - [MESSAGE][PASSED] - Text 'MP001' is set on object 'Object Repository/Page_Login/txt_Organization'

2021-05-11 08:35:37 - [TEST_STEP][PASSED] - click(findTestObject("Page_Login/btn_Login")): Object: 'Object Repository/Page_Login/btn_Login' is clicked on

2021-05-11 08:35:43 - [MESSAGE][PASSED] - Object: 'Object Repository/Page_Login/btn_Login' is clicked on

2021-05-11 08:35:43 - [TEST_STEP][PASSED] - delay(2): Delayed 2 second(s)

2021-05-11 08:35:45 - [MESSAGE][PASSED] - Delayed 2 second(s)

2021-05-11 08:35:45 - [MESSAGE][PASSED] - Call Test Case 'Test Cases/Common Test Cases/Login' successfully

2021-05-11 08:35:45 - [TEST_STEP][PASSED] - verifyElementPresent(findTestObject("Page_AdvanceDispatch  Command Form/linkCommand Form"), 5): Object 'Object Repository/Page_AdvanceDispatch  Command Form/linkCommand Form' is present

2021-05-11 08:35:45 - [MESSAGE][PASSED] - Object 'Object Repository/Page_AdvanceDispatch  Command Form/linkCommand Form' is present

2021-05-11 08:35:45 - [TEST_STEP][PASSED] - click(findTestObject("Page_AdvanceDispatch  Command Form/linkCommand Form")): Object: 'Object Repository/Page_AdvanceDispatch  Command Form/linkCommand Form' is clicked on

2021-05-11 08:35:48 - [MESSAGE][PASSED] - Object: 'Object Repository/Page_AdvanceDispatch  Command Form/linkCommand Form' is clicked on

2021-05-11 08:35:48 - [TEST_STEP][PASSED] - delay(2): Delayed 2 second(s)

2021-05-11 08:35:50 - [MESSAGE][PASSED] - Delayed 2 second(s)

2021-05-11 08:35:50 - [TEST_STEP][FAILED] - click(findTestObject("Page_AdvanceDispatch  Command Form/i-expandTrip", ["patient":patient])): Unable to click on object 'Object Repository/Page_AdvanceDispatch  Command Form/i-expandTrip' (Root cause: com.kms.katalon.core.exception.StepFailedException: Unable to click on object 'Object Repository/Page_AdvanceDispatch  Command Form/i-expandTrip'
	at com.kms.katalon.core.webui.keyword.internal.WebUIKeywordMain.stepFailed(WebUIKeywordMain.groovy:64)
	at com.kms.katalon.core.webui.keyword.internal.WebUIKeywordMain.runKeyword(WebUIKeywordMain.groovy:26)
	at com.kms.katalon.core.webui.keyword.builtin.ClickKeyword.click(ClickKeyword.groovy:102)
	at com.kms.katalon.core.webui.keyword.builtin.ClickKeyword.execute(ClickKeyword.groovy:43)
	at com.kms.katalon.core.keyword.internal.KeywordExecutor.executeKeywordForPlatform(KeywordExecutor.groovy:72)
	at com.kms.katalon.core.webui.keyword.WebUiBuiltInKeywords.click(WebUiBuiltInKeywords.groovy:616)
	at com.kms.katalon.core.webui.keyword.WebUiBuiltInKeywords$click$2.call(Unknown Source)
	at TC3_CompleteExistingTrip.run(TC3_CompleteExistingTrip:28)
	at com.kms.katalon.core.main.ScriptEngine.run(ScriptEngine.java:194)
	at com.kms.katalon.core.main.ScriptEngine.runScriptAsRawText(ScriptEngine.java:119)
	at com.kms.katalon.core.main.TestCaseExecutor.runScript(TestCaseExecutor.java:337)
	at com.kms.katalon.core.main.TestCaseExecutor.doExecute(TestCaseExecutor.java:328)
	at com.kms.katalon.core.main.TestCaseExecutor.processExecutionPhase(TestCaseExecutor.java:307)
	at com.kms.katalon.core.main.TestCaseExecutor.accessMainPhase(TestCaseExecutor.java:299)
	at com.kms.katalon.core.main.TestCaseExecutor.execute(TestCaseExecutor.java:233)
	at com.kms.katalon.core.main.TestSuiteExecutor.accessTestCaseMainPhase(TestSuiteExecutor.java:169)
	at com.kms.katalon.core.main.TestSuiteExecutor.accessTestSuiteMainPhase(TestSuiteExecutor.java:142)
	at com.kms.katalon.core.main.TestSuiteExecutor.execute(TestSuiteExecutor.java:91)
	at com.kms.katalon.core.main.TestCaseMain.startTestSuite(TestCaseMain.java:157)
	at com.kms.katalon.core.main.TestCaseMain$startTestSuite$0.call(Unknown Source)
	at TempTestSuite1620702170424.run(TempTestSuite1620702170424.groovy:36)
Caused by: com.kms.katalon.core.webui.exception.WebElementNotFoundException: Web element with id: 'Object Repository/Page_AdvanceDispatch  Command Form/i-expandTrip' located by 'By.xpath: //td[text()='ALMAGUER, AARON']/../td[1]/a' not found
	at com.kms.katalon.core.webui.common.WebUiCommonHelper.findWebElement(WebUiCommonHelper.java:1154)
	at com.kms.katalon.core.webui.keyword.internal.WebUIAbstractKeyword.findWebElement(WebUIAbstractKeyword.groovy:27)
	at com.kms.katalon.core.webui.keyword.internal.WebUIAbstractKeyword.findWebElement(WebUIAbstractKeyword.groovy:26)
	at com.kms.katalon.core.webui.keyword.builtin.ClickKeyword$_click_closure1.doCall(ClickKeyword.groovy:67)
	at com.kms.katalon.core.webui.keyword.builtin.ClickKeyword$_click_closure1.call(ClickKeyword.groovy)
	at com.kms.katalon.core.webui.keyword.internal.WebUIKeywordMain.runKeyword(WebUIKeywordMain.groovy:20)
	at com.kms.katalon.core.webui.keyword.builtin.ClickKeyword.click(ClickKeyword.groovy:102)
	at com.kms.katalon.core.webui.keyword.builtin.ClickKeyword.execute(ClickKeyword.groovy:43)
	at com.kms.katalon.core.keyword.internal.KeywordExecutor.executeKeywordForPlatform(KeywordExecutor.groovy:72)
	at com.kms.katalon.core.webui.keyword.WebUiBuiltInKeywords.click(WebUiBuiltInKeywords.groovy:616)
	at com.kms.katalon.core.webui.keyword.WebUiBuiltInKeywords$click$2.call(Unknown Source)
	at Script1618408473330.run(Script1618408473330.groovy:28)
	... 13 more
)

2021-05-11 08:36:35 - [MESSAGE][INFO] - Unable to find the element located by 'By.xpath: //td[text()='ALMAGUER, AARON']/../td[1]/a'. Please recheck the objects properties to make sure the desired element is located. 

2021-05-11 08:36:35 - [MESSAGE][FAILED] - Unable to click on object 'Object Repository/Page_AdvanceDispatch  Command Form/i-expandTrip' (Root cause: com.kms.katalon.core.exception.StepFailedException: Unable to click on object 'Object Repository/Page_AdvanceDispatch  Command Form/i-expandTrip'
	at com.kms.katalon.core.webui.keyword.internal.WebUIKeywordMain.stepFailed(WebUIKeywordMain.groovy:64)
	at com.kms.katalon.core.webui.keyword.internal.WebUIKeywordMain.runKeyword(WebUIKeywordMain.groovy:26)
	at com.kms.katalon.core.webui.keyword.builtin.ClickKeyword.click(ClickKeyword.groovy:102)
	at com.kms.katalon.core.webui.keyword.builtin.ClickKeyword.execute(ClickKeyword.groovy:43)
	at com.kms.katalon.core.keyword.internal.KeywordExecutor.executeKeywordForPlatform(KeywordExecutor.groovy:72)
	at com.kms.katalon.core.webui.keyword.WebUiBuiltInKeywords.click(WebUiBuiltInKeywords.groovy:616)
	at com.kms.katalon.core.webui.keyword.WebUiBuiltInKeywords$click$2.call(Unknown Source)
	at TC3_CompleteExistingTrip.run(TC3_CompleteExistingTrip:28)
	at com.kms.katalon.core.main.ScriptEngine.run(ScriptEngine.java:194)
	at com.kms.katalon.core.main.ScriptEngine.runScriptAsRawText(ScriptEngine.java:119)
	at com.kms.katalon.core.main.TestCaseExecutor.runScript(TestCaseExecutor.java:337)
	at com.kms.katalon.core.main.TestCaseExecutor.doExecute(TestCaseExecutor.java:328)
	at com.kms.katalon.core.main.TestCaseExecutor.processExecutionPhase(TestCaseExecutor.java:307)
	at com.kms.katalon.core.main.TestCaseExecutor.accessMainPhase(TestCaseExecutor.java:299)
	at com.kms.katalon.core.main.TestCaseExecutor.execute(TestCaseExecutor.java:233)
	at com.kms.katalon.core.main.TestSuiteExecutor.accessTestCaseMainPhase(TestSuiteExecutor.java:169)
	at com.kms.katalon.core.main.TestSuiteExecutor.accessTestSuiteMainPhase(TestSuiteExecutor.java:142)
	at com.kms.katalon.core.main.TestSuiteExecutor.execute(TestSuiteExecutor.java:91)
	at com.kms.katalon.core.main.TestCaseMain.startTestSuite(TestCaseMain.java:157)
	at com.kms.katalon.core.main.TestCaseMain$startTestSuite$0.call(Unknown Source)
	at TempTestSuite1620702170424.run(TempTestSuite1620702170424.groovy:36)
Caused by: com.kms.katalon.core.webui.exception.WebElementNotFoundException: Web element with id: 'Object Repository/Page_AdvanceDispatch  Command Form/i-expandTrip' located by 'By.xpath: //td[text()='ALMAGUER, AARON']/../td[1]/a' not found
	at com.kms.katalon.core.webui.common.WebUiCommonHelper.findWebElement(WebUiCommonHelper.java:1154)
	at com.kms.katalon.core.webui.keyword.internal.WebUIAbstractKeyword.findWebElement(WebUIAbstractKeyword.groovy:27)
	at com.kms.katalon.core.webui.keyword.internal.WebUIAbstractKeyword.findWebElement(WebUIAbstractKeyword.groovy:26)
	at com.kms.katalon.core.webui.keyword.builtin.ClickKeyword$_click_closure1.doCall(ClickKeyword.groovy:67)
	at com.kms.katalon.core.webui.keyword.builtin.ClickKeyword$_click_closure1.call(ClickKeyword.groovy)
	at com.kms.katalon.core.webui.keyword.internal.WebUIKeywordMain.runKeyword(WebUIKeywordMain.groovy:20)
	at com.kms.katalon.core.webui.keyword.builtin.ClickKeyword.click(ClickKeyword.groovy:102)
	at com.kms.katalon.core.webui.keyword.builtin.ClickKeyword.execute(ClickKeyword.groovy:43)
	at com.kms.katalon.core.keyword.internal.KeywordExecutor.executeKeywordForPlatform(KeywordExecutor.groovy:72)
	at com.kms.katalon.core.webui.keyword.WebUiBuiltInKeywords.click(WebUiBuiltInKeywords.groovy:616)
	at com.kms.katalon.core.webui.keyword.WebUiBuiltInKeywords$click$2.call(Unknown Source)
	at Script1618408473330.run(Script1618408473330.groovy:28)
	... 13 more
)
[[ATTACHMENT|C:\\Users\\SSwain5\\Documents\\Others\\medapoint\\Reports\\20210511_083250\\Smoke Test Suite\\20210511_083250\\1620702395582.png]]

2021-05-11 08:36:39 - [TEST_STEP][PASSED] - Video: Video recording for test case 'Test Cases/Smoke Test/TC3_CompleteExistingTrip' .

2021-05-11 08:36:39 - [MESSAGE][INFO] - Video recording for test case 'Test Cases/Smoke Test/TC3_CompleteExistingTrip' .
[[ATTACHMENT|C:\\Users\\SSwain5\\Documents\\Others\\medapoint\\Reports\\20210511_083250\\Smoke Test Suite\\20210511_083250/videos\\test_3.avi]]]]></system-out>
         <system-err><![CDATA[2021-05-11 08:35:27 - [TEST_CASE][FAILED] - Test Cases/Smoke Test/TC3_CompleteExistingTrip: Test Cases/Smoke Test/TC3_CompleteExistingTrip FAILED.
Reason:
com.kms.katalon.core.exception.StepFailedException: Unable to click on object 'Object Repository/Page_AdvanceDispatch  Command Form/i-expandTrip'
	at com.kms.katalon.core.webui.keyword.internal.WebUIKeywordMain.stepFailed(WebUIKeywordMain.groovy:64)
	at com.kms.katalon.core.webui.keyword.internal.WebUIKeywordMain.runKeyword(WebUIKeywordMain.groovy:26)
	at com.kms.katalon.core.webui.keyword.builtin.ClickKeyword.click(ClickKeyword.groovy:102)
	at com.kms.katalon.core.webui.keyword.builtin.ClickKeyword.execute(ClickKeyword.groovy:43)
	at com.kms.katalon.core.keyword.internal.KeywordExecutor.executeKeywordForPlatform(KeywordExecutor.groovy:72)
	at com.kms.katalon.core.webui.keyword.WebUiBuiltInKeywords.click(WebUiBuiltInKeywords.groovy:616)
	at com.kms.katalon.core.webui.keyword.WebUiBuiltInKeywords$click$2.call(Unknown Source)
	at TC3_CompleteExistingTrip.run(TC3_CompleteExistingTrip:28)
	at com.kms.katalon.core.main.ScriptEngine.run(ScriptEngine.java:194)
	at com.kms.katalon.core.main.ScriptEngine.runScriptAsRawText(ScriptEngine.java:119)
	at com.kms.katalon.core.main.TestCaseExecutor.runScript(TestCaseExecutor.java:337)
	at com.kms.katalon.core.main.TestCaseExecutor.doExecute(TestCaseExecutor.java:328)
	at com.kms.katalon.core.main.TestCaseExecutor.processExecutionPhase(TestCaseExecutor.java:307)
	at com.kms.katalon.core.main.TestCaseExecutor.accessMainPhase(TestCaseExecutor.java:299)
	at com.kms.katalon.core.main.TestCaseExecutor.execute(TestCaseExecutor.java:233)
	at com.kms.katalon.core.main.TestSuiteExecutor.accessTestCaseMainPhase(TestSuiteExecutor.java:169)
	at com.kms.katalon.core.main.TestSuiteExecutor.accessTestSuiteMainPhase(TestSuiteExecutor.java:142)
	at com.kms.katalon.core.main.TestSuiteExecutor.execute(TestSuiteExecutor.java:91)
	at com.kms.katalon.core.main.TestCaseMain.startTestSuite(TestCaseMain.java:157)
	at com.kms.katalon.core.main.TestCaseMain$startTestSuite$0.call(Unknown Source)
	at TempTestSuite1620702170424.run(TempTestSuite1620702170424.groovy:36)
Caused by: com.kms.katalon.core.webui.exception.WebElementNotFoundException: Web element with id: 'Object Repository/Page_AdvanceDispatch  Command Form/i-expandTrip' located by 'By.xpath: //td[text()='ALMAGUER, AARON']/../td[1]/a' not found
	at com.kms.katalon.core.webui.common.WebUiCommonHelper.findWebElement(WebUiCommonHelper.java:1154)
	at com.kms.katalon.core.webui.keyword.internal.WebUIAbstractKeyword.findWebElement(WebUIAbstractKeyword.groovy:27)
	at com.kms.katalon.core.webui.keyword.internal.WebUIAbstractKeyword.findWebElement(WebUIAbstractKeyword.groovy:26)
	at com.kms.katalon.core.webui.keyword.builtin.ClickKeyword$_click_closure1.doCall(ClickKeyword.groovy:67)
	at com.kms.katalon.core.webui.keyword.builtin.ClickKeyword$_click_closure1.call(ClickKeyword.groovy)
	at com.kms.katalon.core.webui.keyword.internal.WebUIKeywordMain.runKeyword(WebUIKeywordMain.groovy:20)
	... 19 more]]></system-err>
      </testcase>
      <testcase name="Test Cases/Smoke Test/TC4_UnitActivation" time="48.796" classname="Test Cases/Smoke Test/TC4_UnitActivation" status="PASSED">
         <system-out><![CDATA[2021-05-11 08:36:39 - [TEST_CASE][PASSED] - Test Cases/Smoke Test/TC4_UnitActivation: Test Cases/Smoke Test/TC4_UnitActivation

2021-05-11 08:36:40 - [TEST_STEP][PASSED] - callTestCase(findTestCase("Common Test Cases/Login"), ["Password":findTestData("SmokeTestData").getValue(2, 1), "Username":findTestData("SmokeTestData").getValue(1, 1), "Organization":findTestData("SmokeTestData").getValue(3, 1), ... ], STOP_ON_FAILURE): Call Test Case 'Test Cases/Common Test Cases/Login' successfully

2021-05-11 08:36:40 - [TEST_CASE][PASSED] - Test Cases/Common Test Cases/Login: Test Cases/Common Test Cases/Login

2021-05-11 08:36:40 - [TEST_STEP][PASSED] - openBrowser(G_adSiteURL): Browser is opened with url: 'https://adstaging.medapoint.com/Account/Logon'

2021-05-11 08:36:40 - [MESSAGE][WARNING] - A browser is already opened. Closing browser and opening a new one

2021-05-11 08:36:42 - [MESSAGE][INFO] - Starting 'Chrome' driver

2021-05-11 08:36:48 - [MESSAGE][PASSED] - Browser is opened with url: 'https://adstaging.medapoint.com/Account/Logon'

2021-05-11 08:36:48 - [TEST_STEP][PASSED] - maximizeWindow(): Current window maximized

2021-05-11 08:36:48 - [MESSAGE][PASSED] - Current window maximized

2021-05-11 08:36:48 - [TEST_STEP][PASSED] - delay(2): Delayed 2 second(s)

2021-05-11 08:36:50 - [MESSAGE][PASSED] - Delayed 2 second(s)

2021-05-11 08:36:50 - [TEST_STEP][PASSED] - setText(findTestObject("Page_Login/txt_UserName"), Username): Text 'AutoTest' is set on object 'Object Repository/Page_Login/txt_UserName'

2021-05-11 08:36:51 - [MESSAGE][PASSED] - Text 'AutoTest' is set on object 'Object Repository/Page_Login/txt_UserName'

2021-05-11 08:36:51 - [TEST_STEP][PASSED] - setText(findTestObject("Page_Login/txt_Password"), Password): Text 'Angus00##' is set on object 'Object Repository/Page_Login/txt_Password'

2021-05-11 08:36:51 - [MESSAGE][PASSED] - Text 'Angus00##' is set on object 'Object Repository/Page_Login/txt_Password'

2021-05-11 08:36:51 - [TEST_STEP][PASSED] - setText(findTestObject("Page_Login/txt_Organization"), Organization): Text 'MP001' is set on object 'Object Repository/Page_Login/txt_Organization'

2021-05-11 08:36:52 - [MESSAGE][PASSED] - Text 'MP001' is set on object 'Object Repository/Page_Login/txt_Organization'

2021-05-11 08:36:52 - [TEST_STEP][PASSED] - click(findTestObject("Page_Login/btn_Login")): Object: 'Object Repository/Page_Login/btn_Login' is clicked on

2021-05-11 08:36:57 - [MESSAGE][PASSED] - Object: 'Object Repository/Page_Login/btn_Login' is clicked on

2021-05-11 08:36:57 - [TEST_STEP][PASSED] - delay(2): Delayed 2 second(s)

2021-05-11 08:36:59 - [MESSAGE][PASSED] - Delayed 2 second(s)

2021-05-11 08:36:59 - [MESSAGE][PASSED] - Call Test Case 'Test Cases/Common Test Cases/Login' successfully

2021-05-11 08:36:59 - [TEST_STEP][PASSED] - delay(2): Delayed 2 second(s)

2021-05-11 08:37:01 - [MESSAGE][PASSED] - Delayed 2 second(s)

2021-05-11 08:37:01 - [TEST_STEP][PASSED] - mouseOver(findTestObject("Page_AdvanceDispatch Unit Activation Matrix/span_Dispatch")): Object: 'Object Repository/Page_AdvanceDispatch Unit Activation Matrix/span_Dispatch' is hovered

2021-05-11 08:37:02 - [MESSAGE][PASSED] - Object: 'Object Repository/Page_AdvanceDispatch Unit Activation Matrix/span_Dispatch' is hovered

2021-05-11 08:37:02 - [TEST_STEP][PASSED] - click(findTestObject("Page_AdvanceDispatch Unit Activation Matrix/a_Unit Activation Matrix")): Object: 'Object Repository/Page_AdvanceDispatch Unit Activation Matrix/a_Unit Activation Matrix' is clicked on

2021-05-11 08:37:06 - [MESSAGE][PASSED] - Object: 'Object Repository/Page_AdvanceDispatch Unit Activation Matrix/a_Unit Activation Matrix' is clicked on

2021-05-11 08:37:06 - [TEST_STEP][PASSED] - delay(2): Delayed 2 second(s)

2021-05-11 08:37:08 - [MESSAGE][PASSED] - Delayed 2 second(s)

2021-05-11 08:37:08 - [TEST_STEP][PASSED] - unitBefore = getText(findTestObject("Page_AdvanceDispatch Unit Activation Matrix/link_firstInactiveUnit")): Text of object 'Object Repository/Page_AdvanceDispatch Unit Activation Matrix/link_firstInactiveUnit' is: '28'

2021-05-11 08:37:10 - [MESSAGE][PASSED] - Text of object 'Object Repository/Page_AdvanceDispatch Unit Activation Matrix/link_firstInactiveUnit' is: '28'

2021-05-11 08:37:10 - [TEST_STEP][PASSED] - click(findTestObject("Page_AdvanceDispatch Unit Activation Matrix/link_firstInactiveUnit")): Object: 'Object Repository/Page_AdvanceDispatch Unit Activation Matrix/link_firstInactiveUnit' is clicked on

2021-05-11 08:37:11 - [MESSAGE][PASSED] - Object: 'Object Repository/Page_AdvanceDispatch Unit Activation Matrix/link_firstInactiveUnit' is clicked on

2021-05-11 08:37:11 - [TEST_STEP][PASSED] - setText(findTestObject("Page_AdvanceDispatch Unit Activation Matrix/SelectedShift_input"), shiftInput): Text '24 hr test' is set on object 'Object Repository/Page_AdvanceDispatch Unit Activation Matrix/SelectedShift_input'

2021-05-11 08:37:14 - [MESSAGE][PASSED] - Text '24 hr test' is set on object 'Object Repository/Page_AdvanceDispatch Unit Activation Matrix/SelectedShift_input'

2021-05-11 08:37:14 - [TEST_STEP][PASSED] - setText(findTestObject("Page_AdvanceDispatch Unit Activation Matrix/SelectedVehicle_input"), vehicleInput): Text '201' is set on object 'Object Repository/Page_AdvanceDispatch Unit Activation Matrix/SelectedVehicle_input'

2021-05-11 08:37:16 - [MESSAGE][PASSED] - Text '201' is set on object 'Object Repository/Page_AdvanceDispatch Unit Activation Matrix/SelectedVehicle_input'

2021-05-11 08:37:16 - [TEST_STEP][PASSED] - setText(findTestObject("Page_AdvanceDispatch Unit Activation Matrix/SelectedCrew1_input"), crew1): Text '143677' is set on object 'Object Repository/Page_AdvanceDispatch Unit Activation Matrix/SelectedCrew1_input'

2021-05-11 08:37:17 - [MESSAGE][PASSED] - Text '143677' is set on object 'Object Repository/Page_AdvanceDispatch Unit Activation Matrix/SelectedCrew1_input'

2021-05-11 08:37:17 - [TEST_STEP][PASSED] - setText(findTestObject("Page_AdvanceDispatch Unit Activation Matrix/SelectedCrew2_input"), crew2): Text '145397' is set on object 'Object Repository/Page_AdvanceDispatch Unit Activation Matrix/SelectedCrew2_input'

2021-05-11 08:37:18 - [MESSAGE][PASSED] - Text '145397' is set on object 'Object Repository/Page_AdvanceDispatch Unit Activation Matrix/SelectedCrew2_input'

2021-05-11 08:37:18 - [TEST_STEP][PASSED] - setText(findTestObject("Page_AdvanceDispatch Unit Activation Matrix/SelectedCrew3_input"), crew3): Text '162173' is set on object 'Object Repository/Page_AdvanceDispatch Unit Activation Matrix/SelectedCrew3_input'

2021-05-11 08:37:19 - [MESSAGE][PASSED] - Text '162173' is set on object 'Object Repository/Page_AdvanceDispatch Unit Activation Matrix/SelectedCrew3_input'

2021-05-11 08:37:19 - [TEST_STEP][PASSED] - setText(findTestObject("Page_AdvanceDispatch Unit Activation Matrix/SelectedCrew4_input"), crew4): Text '164398' is set on object 'Object Repository/Page_AdvanceDispatch Unit Activation Matrix/SelectedCrew4_input'

2021-05-11 08:37:20 - [MESSAGE][PASSED] - Text '164398' is set on object 'Object Repository/Page_AdvanceDispatch Unit Activation Matrix/SelectedCrew4_input'

2021-05-11 08:37:20 - [TEST_STEP][PASSED] - click(findTestObject("Page_AdvanceDispatch Unit Activation Matrix/btnSave")): Object: 'Object Repository/Page_AdvanceDispatch Unit Activation Matrix/btnSave' is clicked on

2021-05-11 08:37:21 - [MESSAGE][PASSED] - Object: 'Object Repository/Page_AdvanceDispatch Unit Activation Matrix/btnSave' is clicked on

2021-05-11 08:37:21 - [TEST_STEP][PASSED] - unitAfter = getText(findTestObject("Page_AdvanceDispatch Unit Activation Matrix/link_firstInactiveUnit")): Text of object 'Object Repository/Page_AdvanceDispatch Unit Activation Matrix/link_firstInactiveUnit' is: '420-BLS'

2021-05-11 08:37:24 - [MESSAGE][PASSED] - Text of object 'Object Repository/Page_AdvanceDispatch Unit Activation Matrix/link_firstInactiveUnit' is: '420-BLS'

2021-05-11 08:37:24 - [TEST_STEP][PASSED] - assert !(unitBefore.equals(unitAfter)): null

2021-05-11 08:37:24 - [TEST_STEP][PASSED] - closeBrowser(): Browser is closed

2021-05-11 08:37:25 - [MESSAGE][PASSED] - Browser is closed

2021-05-11 08:37:28 - [TEST_STEP][PASSED] - Video: Video recording for test case 'Test Cases/Smoke Test/TC4_UnitActivation' .

2021-05-11 08:37:28 - [MESSAGE][INFO] - Video recording for test case 'Test Cases/Smoke Test/TC4_UnitActivation' .
[[ATTACHMENT|C:\\Users\\SSwain5\\Documents\\Others\\medapoint\\Reports\\20210511_083250\\Smoke Test Suite\\20210511_083250/videos\\test_4.avi]]]]></system-out>
         <system-err><![CDATA[]]></system-err>
      </testcase>
      <testcase name="Test Cases/Smoke Test/TC5_ValidateClaim" time="64.159" classname="Test Cases/Smoke Test/TC5_ValidateClaim" status="PASSED">
         <system-out><![CDATA[2021-05-11 08:37:28 - [TEST_CASE][PASSED] - Test Cases/Smoke Test/TC5_ValidateClaim: Test Cases/Smoke Test/TC5_ValidateClaim

2021-05-11 08:37:29 - [TEST_STEP][PASSED] - callTestCase(findTestCase("Common Test Cases/Login - claim"), ["Password":findTestData("SmokeTestData").getValue(2, 1), "Username":findTestData("SmokeTestData").getValue(1, 1), "Organization":findTestData("SmokeTestData").getValue(3, 1), ... ], STOP_ON_FAILURE): Call Test Case 'Test Cases/Common Test Cases/Login - claim' successfully

2021-05-11 08:37:29 - [TEST_CASE][PASSED] - Test Cases/Common Test Cases/Login - claim: Test Cases/Common Test Cases/Login - claim

2021-05-11 08:37:29 - [TEST_STEP][PASSED] - openBrowser(G_acSiteURL): Browser is opened with url: 'https://acstaging.medapoint.com/Account/Logon'

2021-05-11 08:37:29 - [MESSAGE][INFO] - Starting 'Chrome' driver

2021-05-11 08:37:35 - [MESSAGE][PASSED] - Browser is opened with url: 'https://acstaging.medapoint.com/Account/Logon'

2021-05-11 08:37:35 - [TEST_STEP][PASSED] - maximizeWindow(): Current window maximized

2021-05-11 08:37:35 - [MESSAGE][PASSED] - Current window maximized

2021-05-11 08:37:35 - [TEST_STEP][PASSED] - delay(2): Delayed 2 second(s)

2021-05-11 08:37:37 - [MESSAGE][PASSED] - Delayed 2 second(s)

2021-05-11 08:37:37 - [TEST_STEP][PASSED] - setText(findTestObject("Page_Login/txt_UserName"), Username): Text 'AutoTest' is set on object 'Object Repository/Page_Login/txt_UserName'

2021-05-11 08:37:38 - [MESSAGE][PASSED] - Text 'AutoTest' is set on object 'Object Repository/Page_Login/txt_UserName'

2021-05-11 08:37:38 - [TEST_STEP][PASSED] - setText(findTestObject("Page_Login/txt_Password"), Password): Text 'Angus00##' is set on object 'Object Repository/Page_Login/txt_Password'

2021-05-11 08:37:38 - [MESSAGE][PASSED] - Text 'Angus00##' is set on object 'Object Repository/Page_Login/txt_Password'

2021-05-11 08:37:38 - [TEST_STEP][PASSED] - setText(findTestObject("Page_Login/txt_Organization"), Organization): Text 'MP001' is set on object 'Object Repository/Page_Login/txt_Organization'

2021-05-11 08:37:39 - [MESSAGE][PASSED] - Text 'MP001' is set on object 'Object Repository/Page_Login/txt_Organization'

2021-05-11 08:37:39 - [TEST_STEP][PASSED] - click(findTestObject("Page_Login/btn_Login")): Object: 'Object Repository/Page_Login/btn_Login' is clicked on

2021-05-11 08:37:43 - [MESSAGE][PASSED] - Object: 'Object Repository/Page_Login/btn_Login' is clicked on

2021-05-11 08:37:43 - [TEST_STEP][PASSED] - delay(2): Delayed 2 second(s)

2021-05-11 08:37:45 - [MESSAGE][PASSED] - Delayed 2 second(s)

2021-05-11 08:37:45 - [MESSAGE][PASSED] - Call Test Case 'Test Cases/Common Test Cases/Login - claim' successfully

2021-05-11 08:37:45 - [TEST_STEP][PASSED] - click(findTestObject("Object Repository/Page_AdvanceClaim  Home Page/a_Claims")): Object: 'Object Repository/Page_AdvanceClaim  Home Page/a_Claims' is clicked on

2021-05-11 08:37:47 - [MESSAGE][PASSED] - Object: 'Object Repository/Page_AdvanceClaim  Home Page/a_Claims' is clicked on

2021-05-11 08:37:47 - [TEST_STEP][PASSED] - setText(findTestObject("Object Repository/Page_AdvanceClaim  Command Form/input_Claim _ClaimNumber"), claimNumber): Text '13530' is set on object 'Object Repository/Page_AdvanceClaim  Command Form/input_Claim _ClaimNumber'

2021-05-11 08:37:48 - [MESSAGE][PASSED] - Text '13530' is set on object 'Object Repository/Page_AdvanceClaim  Command Form/input_Claim _ClaimNumber'

2021-05-11 08:37:48 - [TEST_STEP][PASSED] - click(findTestObject("Object Repository/Page_AdvanceClaim  Command Form/button_Find")): Object: 'Object Repository/Page_AdvanceClaim  Command Form/button_Find' is clicked on

2021-05-11 08:37:49 - [MESSAGE][PASSED] - Object: 'Object Repository/Page_AdvanceClaim  Command Form/button_Find' is clicked on

2021-05-11 08:37:49 - [TEST_STEP][PASSED] - click(findTestObject("Page_AdvanceClaim  Command Form/linkClaimRecord", ["claim":claimNumber])): Object: 'Object Repository/Page_AdvanceClaim  Command Form/linkClaimRecord' is clicked on

2021-05-11 08:38:07 - [MESSAGE][PASSED] - Object: 'Object Repository/Page_AdvanceClaim  Command Form/linkClaimRecord' is clicked on

2021-05-11 08:38:07 - [TEST_STEP][PASSED] - click(findTestObject("Object Repository/Page_AdvanceClaim  Claims/button_Validate  Complete")): Object: 'Object Repository/Page_AdvanceClaim  Claims/button_Validate  Complete' is clicked on

2021-05-11 08:38:08 - [MESSAGE][PASSED] - Object: 'Object Repository/Page_AdvanceClaim  Claims/button_Validate  Complete' is clicked on

2021-05-11 08:38:08 - [TEST_STEP][PASSED] - click(findTestObject("Object Repository/Page_AdvanceClaim  Claims/button_OK")): Object: 'Object Repository/Page_AdvanceClaim  Claims/button_OK' is clicked on

2021-05-11 08:38:10 - [MESSAGE][PASSED] - Object: 'Object Repository/Page_AdvanceClaim  Claims/button_OK' is clicked on

2021-05-11 08:38:10 - [TEST_STEP][PASSED] - setText(findTestObject("Page_AdvanceClaim  Claims/inputPayer"), payer): Text 'SELF PAY' is set on object 'Object Repository/Page_AdvanceClaim  Claims/inputPayer'

2021-05-11 08:38:11 - [MESSAGE][PASSED] - Text 'SELF PAY' is set on object 'Object Repository/Page_AdvanceClaim  Claims/inputPayer'

2021-05-11 08:38:11 - [TEST_STEP][PASSED] - click(findTestObject("Page_AdvanceClaim  Claims/span_PayerSelection", ["payer":payer])): Object: 'Object Repository/Page_AdvanceClaim  Claims/span_PayerSelection' is clicked on

2021-05-11 08:38:12 - [MESSAGE][PASSED] - Object: 'Object Repository/Page_AdvanceClaim  Claims/span_PayerSelection' is clicked on

2021-05-11 08:38:12 - [TEST_STEP][PASSED] - click(findTestObject("Object Repository/Page_AdvanceClaim  Claims/button_Save")): Object: 'Object Repository/Page_AdvanceClaim  Claims/button_Save' is clicked on

2021-05-11 08:38:12 - [MESSAGE][PASSED] - Object: 'Object Repository/Page_AdvanceClaim  Claims/button_Save' is clicked on

2021-05-11 08:38:12 - [TEST_STEP][PASSED] - verifyElementPresent(findTestObject("Object Repository/Page_AdvanceClaim  Claims/div_Claim is valid for submission"), 5): Object 'Object Repository/Page_AdvanceClaim  Claims/div_Claim is valid for submission' is present

2021-05-11 08:38:27 - [MESSAGE][PASSED] - Object 'Object Repository/Page_AdvanceClaim  Claims/div_Claim is valid for submission' is present

2021-05-11 08:38:27 - [TEST_STEP][PASSED] - click(findTestObject("Object Repository/Page_AdvanceClaim  Claims/button_OK")): Object: 'Object Repository/Page_AdvanceClaim  Claims/button_OK' is clicked on

2021-05-11 08:38:28 - [MESSAGE][PASSED] - Object: 'Object Repository/Page_AdvanceClaim  Claims/button_OK' is clicked on

2021-05-11 08:38:28 - [TEST_STEP][PASSED] - closeBrowser(): Browser is closed

2021-05-11 08:38:29 - [MESSAGE][PASSED] - Browser is closed

2021-05-11 08:38:32 - [TEST_STEP][PASSED] - Video: Video recording for test case 'Test Cases/Smoke Test/TC5_ValidateClaim' .

2021-05-11 08:38:32 - [MESSAGE][INFO] - Video recording for test case 'Test Cases/Smoke Test/TC5_ValidateClaim' .
[[ATTACHMENT|C:\\Users\\SSwain5\\Documents\\Others\\medapoint\\Reports\\20210511_083250\\Smoke Test Suite\\20210511_083250/videos\\test_5.avi]]]]></system-out>
         <system-err><![CDATA[]]></system-err>
      </testcase>
      <testcase name="Test Cases/Smoke Test/TC6_AddNewPatient" time="33.447" classname="Test Cases/Smoke Test/TC6_AddNewPatient" status="ERROR">
         <error type="ERROR" message="Test Cases/Smoke Test/TC6_AddNewPatient FAILED.
Reason:
groovy.lang.MissingMethodException: No signature of method: static com.kms.katalon.core.webui.keyword.WebUiBuiltInKeywords.verifyElementNotClickable() is applicable for argument types: (com.kms.katalon.core.testobject.TestObject, java.lang.Integer) values: [TestObject - 'Object Repository/CommonObjects/btnField', 10]
Possible solutions: verifyElementNotClickable(com.kms.katalon.core.testobject.TestObject), verifyElementNotClickable(com.kms.katalon.core.testobject.TestObject, com.kms.katalon.core.model.FailureHandling), verifyElementClickable(com.kms.katalon.core.testobject.TestObject), verifyElementClickable(com.kms.katalon.core.testobject.TestObject, com.kms.katalon.core.model.FailureHandling)
	at TC6_AddNewPatient.run(TC6_AddNewPatient:48)
	at com.kms.katalon.core.main.ScriptEngine.run(ScriptEngine.java:194)
	at com.kms.katalon.core.main.ScriptEngine.runScriptAsRawText(ScriptEngine.java:119)
	at com.kms.katalon.core.main.TestCaseExecutor.runScript(TestCaseExecutor.java:337)
	at com.kms.katalon.core.main.TestCaseExecutor.doExecute(TestCaseExecutor.java:328)
	at com.kms.katalon.core.main.TestCaseExecutor.processExecutionPhase(TestCaseExecutor.java:307)
	at com.kms.katalon.core.main.TestCaseExecutor.accessMainPhase(TestCaseExecutor.java:299)
	at com.kms.katalon.core.main.TestCaseExecutor.execute(TestCaseExecutor.java:233)
	at com.kms.katalon.core.main.TestSuiteExecutor.accessTestCaseMainPhase(TestSuiteExecutor.java:169)
	at com.kms.katalon.core.main.TestSuiteExecutor.accessTestSuiteMainPhase(TestSuiteExecutor.java:142)
	at com.kms.katalon.core.main.TestSuiteExecutor.execute(TestSuiteExecutor.java:91)
	at com.kms.katalon.core.main.TestCaseMain.startTestSuite(TestCaseMain.java:157)
	at com.kms.katalon.core.main.TestCaseMain$startTestSuite$0.call(Unknown Source)
	at TempTestSuite1620702170424.run(TempTestSuite1620702170424.groovy:36)
"/>
         <system-out><![CDATA[2021-05-11 08:38:32 - [TEST_CASE][ERROR] - Test Cases/Smoke Test/TC6_AddNewPatient: Test Cases/Smoke Test/TC6_AddNewPatient FAILED.
Reason:
groovy.lang.MissingMethodException: No signature of method: static com.kms.katalon.core.webui.keyword.WebUiBuiltInKeywords.verifyElementNotClickable() is applicable for argument types: (com.kms.katalon.core.testobject.TestObject, java.lang.Integer) values: [TestObject - 'Object Repository/CommonObjects/btnField', 10]
Possible solutions: verifyElementNotClickable(com.kms.katalon.core.testobject.TestObject), verifyElementNotClickable(com.kms.katalon.core.testobject.TestObject, com.kms.katalon.core.model.FailureHandling), verifyElementClickable(com.kms.katalon.core.testobject.TestObject), verifyElementClickable(com.kms.katalon.core.testobject.TestObject, com.kms.katalon.core.model.FailureHandling)
	at TC6_AddNewPatient.run(TC6_AddNewPatient:48)
	at com.kms.katalon.core.main.ScriptEngine.run(ScriptEngine.java:194)
	at com.kms.katalon.core.main.ScriptEngine.runScriptAsRawText(ScriptEngine.java:119)
	at com.kms.katalon.core.main.TestCaseExecutor.runScript(TestCaseExecutor.java:337)
	at com.kms.katalon.core.main.TestCaseExecutor.doExecute(TestCaseExecutor.java:328)
	at com.kms.katalon.core.main.TestCaseExecutor.processExecutionPhase(TestCaseExecutor.java:307)
	at com.kms.katalon.core.main.TestCaseExecutor.accessMainPhase(TestCaseExecutor.java:299)
	at com.kms.katalon.core.main.TestCaseExecutor.execute(TestCaseExecutor.java:233)
	at com.kms.katalon.core.main.TestSuiteExecutor.accessTestCaseMainPhase(TestSuiteExecutor.java:169)
	at com.kms.katalon.core.main.TestSuiteExecutor.accessTestSuiteMainPhase(TestSuiteExecutor.java:142)
	at com.kms.katalon.core.main.TestSuiteExecutor.execute(TestSuiteExecutor.java:91)
	at com.kms.katalon.core.main.TestCaseMain.startTestSuite(TestCaseMain.java:157)
	at com.kms.katalon.core.main.TestCaseMain$startTestSuite$0.call(Unknown Source)
	at TempTestSuite1620702170424.run(TempTestSuite1620702170424.groovy:36)


2021-05-11 08:38:33 - [TEST_STEP][PASSED] - callTestCase(findTestCase("Common Test Cases/Login - claim"), ["Password":findTestData("SmokeTestData").getValue(2, 1), "Username":findTestData("SmokeTestData").getValue(1, 1), "Organization":findTestData("SmokeTestData").getValue(3, 1), ... ], STOP_ON_FAILURE): Call Test Case 'Test Cases/Common Test Cases/Login - claim' successfully

2021-05-11 08:38:33 - [TEST_CASE][PASSED] - Test Cases/Common Test Cases/Login - claim: Test Cases/Common Test Cases/Login - claim

2021-05-11 08:38:33 - [TEST_STEP][PASSED] - openBrowser(G_acSiteURL): Browser is opened with url: 'https://acstaging.medapoint.com/Account/Logon'

2021-05-11 08:38:33 - [MESSAGE][INFO] - Starting 'Chrome' driver

2021-05-11 08:38:39 - [MESSAGE][PASSED] - Browser is opened with url: 'https://acstaging.medapoint.com/Account/Logon'

2021-05-11 08:38:39 - [TEST_STEP][PASSED] - maximizeWindow(): Current window maximized

2021-05-11 08:38:39 - [MESSAGE][PASSED] - Current window maximized

2021-05-11 08:38:39 - [TEST_STEP][PASSED] - delay(2): Delayed 2 second(s)

2021-05-11 08:38:41 - [MESSAGE][PASSED] - Delayed 2 second(s)

2021-05-11 08:38:41 - [TEST_STEP][PASSED] - setText(findTestObject("Page_Login/txt_UserName"), Username): Text 'AutoTest' is set on object 'Object Repository/Page_Login/txt_UserName'

2021-05-11 08:38:41 - [MESSAGE][PASSED] - Text 'AutoTest' is set on object 'Object Repository/Page_Login/txt_UserName'

2021-05-11 08:38:41 - [TEST_STEP][PASSED] - setText(findTestObject("Page_Login/txt_Password"), Password): Text 'Angus00##' is set on object 'Object Repository/Page_Login/txt_Password'

2021-05-11 08:38:42 - [MESSAGE][PASSED] - Text 'Angus00##' is set on object 'Object Repository/Page_Login/txt_Password'

2021-05-11 08:38:42 - [TEST_STEP][PASSED] - setText(findTestObject("Page_Login/txt_Organization"), Organization): Text 'MP001' is set on object 'Object Repository/Page_Login/txt_Organization'

2021-05-11 08:38:42 - [MESSAGE][PASSED] - Text 'MP001' is set on object 'Object Repository/Page_Login/txt_Organization'

2021-05-11 08:38:42 - [TEST_STEP][PASSED] - click(findTestObject("Page_Login/btn_Login")): Object: 'Object Repository/Page_Login/btn_Login' is clicked on

2021-05-11 08:38:45 - [MESSAGE][PASSED] - Object: 'Object Repository/Page_Login/btn_Login' is clicked on

2021-05-11 08:38:45 - [TEST_STEP][PASSED] - delay(2): Delayed 2 second(s)

2021-05-11 08:38:47 - [MESSAGE][PASSED] - Delayed 2 second(s)

2021-05-11 08:38:47 - [MESSAGE][PASSED] - Call Test Case 'Test Cases/Common Test Cases/Login - claim' successfully

2021-05-11 08:38:47 - [TEST_STEP][PASSED] - click(findTestObject("CommonObjects/linkHomePageTab", ["tabName":"Patients"])): Object: 'Object Repository/CommonObjects/linkHomePageTab' is clicked on

2021-05-11 08:38:51 - [MESSAGE][PASSED] - Object: 'Object Repository/CommonObjects/linkHomePageTab' is clicked on

2021-05-11 08:38:51 - [TEST_STEP][PASSED] - click(findTestObject("Page_AdvanceClaim  Claims/btnRegisterNew Patient")): Object: 'Object Repository/Page_AdvanceClaim  Claims/btnRegisterNew Patient' is clicked on

2021-05-11 08:38:54 - [MESSAGE][PASSED] - Object: 'Object Repository/Page_AdvanceClaim  Claims/btnRegisterNew Patient' is clicked on

2021-05-11 08:38:54 - [TEST_STEP][PASSED] - setText(findTestObject("CommonObjects/txtInputField", ["name":"LastName"]), lastName): Text 'ALMAGUER' is set on object 'Object Repository/CommonObjects/txtInputField'

2021-05-11 08:38:56 - [MESSAGE][PASSED] - Text 'ALMAGUER' is set on object 'Object Repository/CommonObjects/txtInputField'

2021-05-11 08:38:56 - [TEST_STEP][PASSED] - setText(findTestObject("CommonObjects/txtInputField", ["name":"FirstName"]), firstName): Text 'AARON' is set on object 'Object Repository/CommonObjects/txtInputField'

2021-05-11 08:38:56 - [MESSAGE][PASSED] - Text 'AARON' is set on object 'Object Repository/CommonObjects/txtInputField'

2021-05-11 08:38:56 - [TEST_STEP][PASSED] - com.Common.WebUICustomKeywords.javaScriptExecutorInputText("DOB", DOB): com.Common.WebUICustomKeywords.javaScriptExecutorInputText is PASSED

2021-05-11 08:38:57 - [MESSAGE][PASSED] - Execute JavaScript 'arguments[0].value='04/09/1987'' successfully

2021-05-11 08:38:57 - [MESSAGE][PASSED] - com.Common.WebUICustomKeywords.javaScriptExecutorInputText is PASSED

2021-05-11 08:38:57 - [TEST_STEP][PASSED] - com.Common.WebUICustomKeywords.javaScriptExecutorInputText("SSN", SSN): com.Common.WebUICustomKeywords.javaScriptExecutorInputText is PASSED

2021-05-11 08:38:57 - [MESSAGE][PASSED] - Execute JavaScript 'arguments[0].value='111-11-1111'' successfully

2021-05-11 08:38:57 - [MESSAGE][PASSED] - com.Common.WebUICustomKeywords.javaScriptExecutorInputText is PASSED

2021-05-11 08:38:57 - [TEST_STEP][PASSED] - setText(findTestObject("CommonObjects/txtInputField", ["name":"StreetAddress"]), "13002 Napoli Valle"): Text '13002 Napoli Valle' is set on object 'Object Repository/CommonObjects/txtInputField'

2021-05-11 08:38:58 - [MESSAGE][PASSED] - Text '13002 Napoli Valle' is set on object 'Object Repository/CommonObjects/txtInputField'

2021-05-11 08:38:58 - [TEST_STEP][PASSED] - setText(findTestObject("CommonObjects/txtInputField", ["name":"City"]), "San Antonio"): Text 'San Antonio' is set on object 'Object Repository/CommonObjects/txtInputField'

2021-05-11 08:38:58 - [MESSAGE][PASSED] - Text 'San Antonio' is set on object 'Object Repository/CommonObjects/txtInputField'

2021-05-11 08:38:58 - [TEST_STEP][PASSED] - com.Common.WebUICustomKeywords.javaScriptExecutorInputText("Zipcode", "78253"): com.Common.WebUICustomKeywords.javaScriptExecutorInputText is PASSED

2021-05-11 08:38:59 - [MESSAGE][PASSED] - Execute JavaScript 'arguments[0].value='78253'' successfully

2021-05-11 08:38:59 - [MESSAGE][PASSED] - com.Common.WebUICustomKeywords.javaScriptExecutorInputText is PASSED

2021-05-11 08:38:59 - [TEST_STEP][PASSED] - com.Common.WebUICustomKeywords.selectValueFromInputTypeDropDown("State", "SelectedState", stateCode): com.Common.WebUICustomKeywords.selectValueFromInputTypeDropDown is PASSED

2021-05-11 08:38:59 - [MESSAGE][PASSED] - Text 'TX' is set on object 'Object Repository/CommonObjects/drpdwnInputField'

2021-05-11 08:39:00 - [MESSAGE][PASSED] - Object: 'Object Repository/CommonObjects/drpdwnSelectSearchValue' is clicked on

2021-05-11 08:39:00 - [MESSAGE][PASSED] - com.Common.WebUICustomKeywords.selectValueFromInputTypeDropDown is PASSED

2021-05-11 08:39:00 - [TEST_STEP][PASSED] - click(findTestObject("CommonObjects/btnField", ["id":"patientSave"])): Object: 'Object Repository/CommonObjects/btnField' is clicked on

2021-05-11 08:39:01 - [MESSAGE][PASSED] - Object: 'Object Repository/CommonObjects/btnField' is clicked on

2021-05-11 08:39:01 - [TEST_STEP][PASSED] - click(findTestObject("CommonObjects/btnYes")): Object: 'Object Repository/CommonObjects/btnYes' is clicked on

2021-05-11 08:39:01 - [MESSAGE][PASSED] - Object: 'Object Repository/CommonObjects/btnYes' is clicked on

2021-05-11 08:39:01 - [TEST_STEP][PASSED] - click(findTestObject("CommonObjects/btnField", ["id":"address-resultbtn"])): Object: 'Object Repository/CommonObjects/btnField' is clicked on

2021-05-11 08:39:03 - [MESSAGE][PASSED] - Object: 'Object Repository/CommonObjects/btnField' is clicked on

2021-05-11 08:39:03 - [TEST_STEP][PASSED] - verifyElementNotClickable(findTestObject("CommonObjects/btnField", ["id":"patientSave"]), 10): null

2021-05-11 08:39:06 - [TEST_STEP][PASSED] - Video: Video recording for test case 'Test Cases/Smoke Test/TC6_AddNewPatient' .

2021-05-11 08:39:06 - [MESSAGE][INFO] - Video recording for test case 'Test Cases/Smoke Test/TC6_AddNewPatient' .
[[ATTACHMENT|C:\\Users\\SSwain5\\Documents\\Others\\medapoint\\Reports\\20210511_083250\\Smoke Test Suite\\20210511_083250/videos\\test_6.avi]]]]></system-out>
         <system-err><![CDATA[2021-05-11 08:38:32 - [TEST_CASE][ERROR] - Test Cases/Smoke Test/TC6_AddNewPatient: Test Cases/Smoke Test/TC6_AddNewPatient FAILED.
Reason:
groovy.lang.MissingMethodException: No signature of method: static com.kms.katalon.core.webui.keyword.WebUiBuiltInKeywords.verifyElementNotClickable() is applicable for argument types: (com.kms.katalon.core.testobject.TestObject, java.lang.Integer) values: [TestObject - 'Object Repository/CommonObjects/btnField', 10]
Possible solutions: verifyElementNotClickable(com.kms.katalon.core.testobject.TestObject), verifyElementNotClickable(com.kms.katalon.core.testobject.TestObject, com.kms.katalon.core.model.FailureHandling), verifyElementClickable(com.kms.katalon.core.testobject.TestObject), verifyElementClickable(com.kms.katalon.core.testobject.TestObject, com.kms.katalon.core.model.FailureHandling)
	at TC6_AddNewPatient.run(TC6_AddNewPatient:48)
	at com.kms.katalon.core.main.ScriptEngine.run(ScriptEngine.java:194)
	at com.kms.katalon.core.main.ScriptEngine.runScriptAsRawText(ScriptEngine.java:119)
	at com.kms.katalon.core.main.TestCaseExecutor.runScript(TestCaseExecutor.java:337)
	at com.kms.katalon.core.main.TestCaseExecutor.doExecute(TestCaseExecutor.java:328)
	at com.kms.katalon.core.main.TestCaseExecutor.processExecutionPhase(TestCaseExecutor.java:307)
	at com.kms.katalon.core.main.TestCaseExecutor.accessMainPhase(TestCaseExecutor.java:299)
	at com.kms.katalon.core.main.TestCaseExecutor.execute(TestCaseExecutor.java:233)
	at com.kms.katalon.core.main.TestSuiteExecutor.accessTestCaseMainPhase(TestSuiteExecutor.java:169)
	at com.kms.katalon.core.main.TestSuiteExecutor.accessTestSuiteMainPhase(TestSuiteExecutor.java:142)
	at com.kms.katalon.core.main.TestSuiteExecutor.execute(TestSuiteExecutor.java:91)
	at com.kms.katalon.core.main.TestCaseMain.startTestSuite(TestCaseMain.java:157)
	at com.kms.katalon.core.main.TestCaseMain$startTestSuite$0.call(Unknown Source)
	at TempTestSuite1620702170424.run(TempTestSuite1620702170424.groovy:36)]]></system-err>
      </testcase>
      <testcase name="Test Cases/Smoke Test/TC7_CreateNewValidClaim" time="110.001" classname="Test Cases/Smoke Test/TC7_CreateNewValidClaim" status="FAILED">
         <failure type="FAILED" message="Test Cases/Smoke Test/TC7_CreateNewValidClaim FAILED.
Reason:
com.kms.katalon.core.exception.StepFailedException: Unable to click on object 'Object Repository/CommonObjects/drpdwnFirstValue'
	at com.kms.katalon.core.webui.keyword.internal.WebUIKeywordMain.stepFailed(WebUIKeywordMain.groovy:64)
	at com.kms.katalon.core.webui.keyword.internal.WebUIKeywordMain.runKeyword(WebUIKeywordMain.groovy:26)
	at com.kms.katalon.core.webui.keyword.builtin.ClickKeyword.click(ClickKeyword.groovy:102)
	at com.kms.katalon.core.webui.keyword.builtin.ClickKeyword.execute(ClickKeyword.groovy:43)
	at com.kms.katalon.core.keyword.internal.KeywordExecutor.executeKeywordForPlatform(KeywordExecutor.groovy:72)
	at com.kms.katalon.core.webui.keyword.WebUiBuiltInKeywords.click(WebUiBuiltInKeywords.groovy:616)
	at com.kms.katalon.core.webui.keyword.WebUiBuiltInKeywords$click$2.call(Unknown Source)
	at TC7_CreateNewValidClaim.run(TC7_CreateNewValidClaim:103)
	at com.kms.katalon.core.main.ScriptEngine.run(ScriptEngine.java:194)
	at com.kms.katalon.core.main.ScriptEngine.runScriptAsRawText(ScriptEngine.java:119)
	at com.kms.katalon.core.main.TestCaseExecutor.runScript(TestCaseExecutor.java:337)
	at com.kms.katalon.core.main.TestCaseExecutor.doExecute(TestCaseExecutor.java:328)
	at com.kms.katalon.core.main.TestCaseExecutor.processExecutionPhase(TestCaseExecutor.java:307)
	at com.kms.katalon.core.main.TestCaseExecutor.accessMainPhase(TestCaseExecutor.java:299)
	at com.kms.katalon.core.main.TestCaseExecutor.execute(TestCaseExecutor.java:233)
	at com.kms.katalon.core.main.TestSuiteExecutor.accessTestCaseMainPhase(TestSuiteExecutor.java:169)
	at com.kms.katalon.core.main.TestSuiteExecutor.accessTestSuiteMainPhase(TestSuiteExecutor.java:142)
	at com.kms.katalon.core.main.TestSuiteExecutor.execute(TestSuiteExecutor.java:91)
	at com.kms.katalon.core.main.TestCaseMain.startTestSuite(TestCaseMain.java:157)
	at com.kms.katalon.core.main.TestCaseMain$startTestSuite$0.call(Unknown Source)
	at TempTestSuite1620702170424.run(TempTestSuite1620702170424.groovy:36)
Caused by: com.kms.katalon.core.webui.exception.WebElementNotFoundException: Web element with id: 'Object Repository/CommonObjects/drpdwnFirstValue' located by 'By.xpath: //ul[contains(@id,&quot;DiagnosisCode&quot;)]/li[1]' not found
	at com.kms.katalon.core.webui.common.WebUiCommonHelper.findWebElement(WebUiCommonHelper.java:1154)
	at com.kms.katalon.core.webui.keyword.internal.WebUIAbstractKeyword.findWebElement(WebUIAbstractKeyword.groovy:27)
	at com.kms.katalon.core.webui.keyword.internal.WebUIAbstractKeyword.findWebElement(WebUIAbstractKeyword.groovy:26)
	at com.kms.katalon.core.webui.keyword.builtin.ClickKeyword$_click_closure1.doCall(ClickKeyword.groovy:67)
	at com.kms.katalon.core.webui.keyword.builtin.ClickKeyword$_click_closure1.call(ClickKeyword.groovy)
	at com.kms.katalon.core.webui.keyword.internal.WebUIKeywordMain.runKeyword(WebUIKeywordMain.groovy:20)
	... 19 more
"/>
         <system-out><![CDATA[2021-05-11 08:39:06 - [TEST_CASE][FAILED] - Test Cases/Smoke Test/TC7_CreateNewValidClaim: Test Cases/Smoke Test/TC7_CreateNewValidClaim FAILED.
Reason:
com.kms.katalon.core.exception.StepFailedException: Unable to click on object 'Object Repository/CommonObjects/drpdwnFirstValue'
	at com.kms.katalon.core.webui.keyword.internal.WebUIKeywordMain.stepFailed(WebUIKeywordMain.groovy:64)
	at com.kms.katalon.core.webui.keyword.internal.WebUIKeywordMain.runKeyword(WebUIKeywordMain.groovy:26)
	at com.kms.katalon.core.webui.keyword.builtin.ClickKeyword.click(ClickKeyword.groovy:102)
	at com.kms.katalon.core.webui.keyword.builtin.ClickKeyword.execute(ClickKeyword.groovy:43)
	at com.kms.katalon.core.keyword.internal.KeywordExecutor.executeKeywordForPlatform(KeywordExecutor.groovy:72)
	at com.kms.katalon.core.webui.keyword.WebUiBuiltInKeywords.click(WebUiBuiltInKeywords.groovy:616)
	at com.kms.katalon.core.webui.keyword.WebUiBuiltInKeywords$click$2.call(Unknown Source)
	at TC7_CreateNewValidClaim.run(TC7_CreateNewValidClaim:103)
	at com.kms.katalon.core.main.ScriptEngine.run(ScriptEngine.java:194)
	at com.kms.katalon.core.main.ScriptEngine.runScriptAsRawText(ScriptEngine.java:119)
	at com.kms.katalon.core.main.TestCaseExecutor.runScript(TestCaseExecutor.java:337)
	at com.kms.katalon.core.main.TestCaseExecutor.doExecute(TestCaseExecutor.java:328)
	at com.kms.katalon.core.main.TestCaseExecutor.processExecutionPhase(TestCaseExecutor.java:307)
	at com.kms.katalon.core.main.TestCaseExecutor.accessMainPhase(TestCaseExecutor.java:299)
	at com.kms.katalon.core.main.TestCaseExecutor.execute(TestCaseExecutor.java:233)
	at com.kms.katalon.core.main.TestSuiteExecutor.accessTestCaseMainPhase(TestSuiteExecutor.java:169)
	at com.kms.katalon.core.main.TestSuiteExecutor.accessTestSuiteMainPhase(TestSuiteExecutor.java:142)
	at com.kms.katalon.core.main.TestSuiteExecutor.execute(TestSuiteExecutor.java:91)
	at com.kms.katalon.core.main.TestCaseMain.startTestSuite(TestCaseMain.java:157)
	at com.kms.katalon.core.main.TestCaseMain$startTestSuite$0.call(Unknown Source)
	at TempTestSuite1620702170424.run(TempTestSuite1620702170424.groovy:36)
Caused by: com.kms.katalon.core.webui.exception.WebElementNotFoundException: Web element with id: 'Object Repository/CommonObjects/drpdwnFirstValue' located by 'By.xpath: //ul[contains(@id,"DiagnosisCode")]/li[1]' not found
	at com.kms.katalon.core.webui.common.WebUiCommonHelper.findWebElement(WebUiCommonHelper.java:1154)
	at com.kms.katalon.core.webui.keyword.internal.WebUIAbstractKeyword.findWebElement(WebUIAbstractKeyword.groovy:27)
	at com.kms.katalon.core.webui.keyword.internal.WebUIAbstractKeyword.findWebElement(WebUIAbstractKeyword.groovy:26)
	at com.kms.katalon.core.webui.keyword.builtin.ClickKeyword$_click_closure1.doCall(ClickKeyword.groovy:67)
	at com.kms.katalon.core.webui.keyword.builtin.ClickKeyword$_click_closure1.call(ClickKeyword.groovy)
	at com.kms.katalon.core.webui.keyword.internal.WebUIKeywordMain.runKeyword(WebUIKeywordMain.groovy:20)
	... 19 more


2021-05-11 08:39:07 - [TEST_STEP][PASSED] - callTestCase(findTestCase("Common Test Cases/Login - claim"), ["Password":findTestData("SmokeTestData").getValue(2, 1), "Username":findTestData("SmokeTestData").getValue(1, 1), "Organization":findTestData("SmokeTestData").getValue(3, 1), ... ], STOP_ON_FAILURE): Call Test Case 'Test Cases/Common Test Cases/Login - claim' successfully

2021-05-11 08:39:07 - [TEST_CASE][PASSED] - Test Cases/Common Test Cases/Login - claim: Test Cases/Common Test Cases/Login - claim

2021-05-11 08:39:07 - [TEST_STEP][PASSED] - openBrowser(G_acSiteURL): Browser is opened with url: 'https://acstaging.medapoint.com/Account/Logon'

2021-05-11 08:39:07 - [MESSAGE][WARNING] - A browser is already opened. Closing browser and opening a new one

2021-05-11 08:39:08 - [MESSAGE][INFO] - Starting 'Chrome' driver

2021-05-11 08:39:14 - [MESSAGE][PASSED] - Browser is opened with url: 'https://acstaging.medapoint.com/Account/Logon'

2021-05-11 08:39:14 - [TEST_STEP][PASSED] - maximizeWindow(): Current window maximized

2021-05-11 08:39:14 - [MESSAGE][PASSED] - Current window maximized

2021-05-11 08:39:14 - [TEST_STEP][PASSED] - delay(2): Delayed 2 second(s)

2021-05-11 08:39:16 - [MESSAGE][PASSED] - Delayed 2 second(s)

2021-05-11 08:39:16 - [TEST_STEP][PASSED] - setText(findTestObject("Page_Login/txt_UserName"), Username): Text 'AutoTest' is set on object 'Object Repository/Page_Login/txt_UserName'

2021-05-11 08:39:16 - [MESSAGE][PASSED] - Text 'AutoTest' is set on object 'Object Repository/Page_Login/txt_UserName'

2021-05-11 08:39:16 - [TEST_STEP][PASSED] - setText(findTestObject("Page_Login/txt_Password"), Password): Text 'Angus00##' is set on object 'Object Repository/Page_Login/txt_Password'

2021-05-11 08:39:17 - [MESSAGE][PASSED] - Text 'Angus00##' is set on object 'Object Repository/Page_Login/txt_Password'

2021-05-11 08:39:17 - [TEST_STEP][PASSED] - setText(findTestObject("Page_Login/txt_Organization"), Organization): Text 'MP001' is set on object 'Object Repository/Page_Login/txt_Organization'

2021-05-11 08:39:17 - [MESSAGE][PASSED] - Text 'MP001' is set on object 'Object Repository/Page_Login/txt_Organization'

2021-05-11 08:39:17 - [TEST_STEP][PASSED] - click(findTestObject("Page_Login/btn_Login")): Object: 'Object Repository/Page_Login/btn_Login' is clicked on

2021-05-11 08:39:22 - [MESSAGE][PASSED] - Object: 'Object Repository/Page_Login/btn_Login' is clicked on

2021-05-11 08:39:22 - [TEST_STEP][PASSED] - delay(2): Delayed 2 second(s)

2021-05-11 08:39:24 - [MESSAGE][PASSED] - Delayed 2 second(s)

2021-05-11 08:39:24 - [MESSAGE][PASSED] - Call Test Case 'Test Cases/Common Test Cases/Login - claim' successfully

2021-05-11 08:39:24 - [TEST_STEP][PASSED] - click(findTestObject("CommonObjects/linkHomePageTab", ["tabName":"Patients"])): Object: 'Object Repository/CommonObjects/linkHomePageTab' is clicked on

2021-05-11 08:39:26 - [MESSAGE][PASSED] - Object: 'Object Repository/CommonObjects/linkHomePageTab' is clicked on

2021-05-11 08:39:26 - [TEST_STEP][PASSED] - setText(findTestObject("CommonObjects/txtInputField", ["name":"LastName"]), lastName): Text 'ALMAGUER' is set on object 'Object Repository/CommonObjects/txtInputField'

2021-05-11 08:39:26 - [MESSAGE][PASSED] - Text 'ALMAGUER' is set on object 'Object Repository/CommonObjects/txtInputField'

2021-05-11 08:39:26 - [TEST_STEP][PASSED] - click(findTestObject("CommonObjects/btnField", ["id":"search"])): Object: 'Object Repository/CommonObjects/btnField' is clicked on

2021-05-11 08:39:27 - [MESSAGE][PASSED] - Object: 'Object Repository/CommonObjects/btnField' is clicked on

2021-05-11 08:39:27 - [TEST_STEP][PASSED] - waitForPageLoad(5): Wait for page load successfully

2021-05-11 08:39:27 - [MESSAGE][PASSED] - Wait for page load successfully

2021-05-11 08:39:27 - [TEST_STEP][PASSED] - com.Common.WebUICustomKeywords.clickOnViewActionForLatestRecord(lastName): com.Common.WebUICustomKeywords.clickOnViewActionForLatestRecord is PASSED

2021-05-11 08:39:29 - [MESSAGE][PASSED] - Object: 'Object Repository/CommonObjects/drpdwnViewAction' is clicked on

2021-05-11 08:39:29 - [MESSAGE][PASSED] - com.Common.WebUICustomKeywords.clickOnViewActionForLatestRecord is PASSED

2021-05-11 08:39:29 - [TEST_STEP][PASSED] - click(findTestObject("CommonObjects/btnField", ["id":"aNew"])): Object: 'Object Repository/CommonObjects/btnField' is clicked on

2021-05-11 08:39:29 - [MESSAGE][PASSED] - Object: 'Object Repository/CommonObjects/btnField' is clicked on

2021-05-11 08:39:29 - [TEST_STEP][PASSED] - waitForPageLoad(5): Wait for page load successfully

2021-05-11 08:39:29 - [MESSAGE][PASSED] - Wait for page load successfully

2021-05-11 08:39:29 - [TEST_STEP][PASSED] - setText(findTestObject("CommonObjects/txtInputField", ["name":"PatientCareNumber"]), patientCare): Text '111111' is set on object 'Object Repository/CommonObjects/txtInputField'

2021-05-11 08:39:35 - [MESSAGE][PASSED] - Text '111111' is set on object 'Object Repository/CommonObjects/txtInputField'

2021-05-11 08:39:35 - [TEST_STEP][PASSED] - setText(findTestObject("CommonObjects/txtInputField", ["name":"IncidentNumber"]), incidentNumber): Text '111111' is set on object 'Object Repository/CommonObjects/txtInputField'

2021-05-11 08:39:36 - [MESSAGE][PASSED] - Text '111111' is set on object 'Object Repository/CommonObjects/txtInputField'

2021-05-11 08:39:36 - [TEST_STEP][PASSED] - com.Common.WebUICustomKeywords.selectValueFromInputTypeDropDown("Response Mode to Scene", "SelectedResponseMode", responseModeToScene): com.Common.WebUICustomKeywords.selectValueFromInputTypeDropDown is PASSED

2021-05-11 08:39:36 - [MESSAGE][PASSED] - Text 'Emergent (Immediate Response)' is set on object 'Object Repository/CommonObjects/drpdwnInputField'

2021-05-11 08:39:37 - [MESSAGE][PASSED] - Object: 'Object Repository/CommonObjects/drpdwnSelectSearchValue' is clicked on

2021-05-11 08:39:37 - [MESSAGE][PASSED] - com.Common.WebUICustomKeywords.selectValueFromInputTypeDropDown is PASSED

2021-05-11 08:39:37 - [TEST_STEP][PASSED] - com.Common.WebUICustomKeywords.selectValueFromInputTypeDropDown("NEMSIS CMS Service Level", "SelectedServiceLevel", CMSserviceLevel): com.Common.WebUICustomKeywords.selectValueFromInputTypeDropDown is PASSED

2021-05-11 08:39:38 - [MESSAGE][PASSED] - Text 'BLS, Emergency' is set on object 'Object Repository/CommonObjects/drpdwnInputField'

2021-05-11 08:39:39 - [MESSAGE][PASSED] - Object: 'Object Repository/CommonObjects/drpdwnSelectSearchValue' is clicked on

2021-05-11 08:39:39 - [MESSAGE][PASSED] - com.Common.WebUICustomKeywords.selectValueFromInputTypeDropDown is PASSED

2021-05-11 08:39:39 - [TEST_STEP][PASSED] - com.Common.WebUICustomKeywords.selectValueFromInputTypeDropDown("Type of Service", "SelectedServiceType", typeOfService): com.Common.WebUICustomKeywords.selectValueFromInputTypeDropDown is PASSED

2021-05-11 08:39:39 - [MESSAGE][PASSED] - Text '911 Response (Scene)' is set on object 'Object Repository/CommonObjects/drpdwnInputField'

2021-05-11 08:39:40 - [MESSAGE][PASSED] - Object: 'Object Repository/CommonObjects/drpdwnSelectSearchValue' is clicked on

2021-05-11 08:39:40 - [MESSAGE][PASSED] - com.Common.WebUICustomKeywords.selectValueFromInputTypeDropDown is PASSED

2021-05-11 08:39:40 - [TEST_STEP][PASSED] - com.Common.WebUICustomKeywords.selectValueFromInputTypeDropDown("Incident/Patient Disposition", "SelectedDisposition", patientDisposition): com.Common.WebUICustomKeywords.selectValueFromInputTypeDropDown is PASSED

2021-05-11 08:39:41 - [MESSAGE][PASSED] - Text 'Patient Treated, Transported by this EMS Unit' is set on object 'Object Repository/CommonObjects/drpdwnInputField'

2021-05-11 08:39:42 - [MESSAGE][PASSED] - Object: 'Object Repository/CommonObjects/drpdwnSelectSearchValue' is clicked on

2021-05-11 08:39:42 - [MESSAGE][PASSED] - com.Common.WebUICustomKeywords.selectValueFromInputTypeDropDown is PASSED

2021-05-11 08:39:42 - [TEST_STEP][PASSED] - waitForPageLoad(5): Wait for page load successfully

2021-05-11 08:39:42 - [MESSAGE][PASSED] - Wait for page load successfully

2021-05-11 08:39:42 - [TEST_STEP][PASSED] - com.Common.WebUICustomKeywords.selectValueFromInputTypeDropDown("Destination Reason", "SelectedTransportReason", destinationReason): com.Common.WebUICustomKeywords.selectValueFromInputTypeDropDown is PASSED

2021-05-11 08:39:42 - [MESSAGE][PASSED] - Text 'Closest Facility' is set on object 'Object Repository/CommonObjects/drpdwnInputField'

2021-05-11 08:39:43 - [MESSAGE][PASSED] - Object: 'Object Repository/CommonObjects/drpdwnSelectSearchValue' is clicked on

2021-05-11 08:39:43 - [MESSAGE][PASSED] - com.Common.WebUICustomKeywords.selectValueFromInputTypeDropDown is PASSED

2021-05-11 08:39:43 - [TEST_STEP][PASSED] - com.Common.WebUICustomKeywords.selectValueFromInputTypeDropDown("Response Urgency", "SelectedResponseUrgency", reasonUrgency): com.Common.WebUICustomKeywords.selectValueFromInputTypeDropDown is PASSED

2021-05-11 08:39:44 - [MESSAGE][PASSED] - Text 'Immediate' is set on object 'Object Repository/CommonObjects/drpdwnInputField'

2021-05-11 08:39:45 - [MESSAGE][PASSED] - Object: 'Object Repository/CommonObjects/drpdwnSelectSearchValue' is clicked on

2021-05-11 08:39:45 - [MESSAGE][PASSED] - com.Common.WebUICustomKeywords.selectValueFromInputTypeDropDown is PASSED

2021-05-11 08:39:45 - [TEST_STEP][PASSED] - com.Common.WebUICustomKeywords.selectValueFromInputTypeDropDown("Leg of Trip", "SelectedTripLeg", legOfTrip): com.Common.WebUICustomKeywords.selectValueFromInputTypeDropDown is PASSED

2021-05-11 08:39:45 - [MESSAGE][PASSED] - Text 'Initial' is set on object 'Object Repository/CommonObjects/drpdwnInputField'

2021-05-11 08:39:46 - [MESSAGE][PASSED] - Object: 'Object Repository/CommonObjects/drpdwnSelectSearchValue' is clicked on

2021-05-11 08:39:46 - [MESSAGE][PASSED] - com.Common.WebUICustomKeywords.selectValueFromInputTypeDropDown is PASSED

2021-05-11 08:39:46 - [TEST_STEP][PASSED] - click(findTestObject("CommonObjects/chkboxInput", ["id":"UseScenePatientAddress"])): Object: 'Object Repository/CommonObjects/chkboxInput' is clicked on

2021-05-11 08:39:47 - [MESSAGE][PASSED] - Object: 'Object Repository/CommonObjects/chkboxInput' is clicked on

2021-05-11 08:39:47 - [TEST_STEP][PASSED] - click(findTestObject("CommonObjects/chkboxInput", ["id":"UseDestinationPatientAddress"])): Object: 'Object Repository/CommonObjects/chkboxInput' is clicked on

2021-05-11 08:39:48 - [MESSAGE][PASSED] - Object: 'Object Repository/CommonObjects/chkboxInput' is clicked on

2021-05-11 08:39:48 - [TEST_STEP][PASSED] - com.Common.WebUICustomKeywords.selectValueFromInputTypeDropDown("Scene Type", "SelectedSceneType", sceneType): com.Common.WebUICustomKeywords.selectValueFromInputTypeDropDown is PASSED

2021-05-11 08:39:49 - [MESSAGE][PASSED] - Text 'Assisted Living Facility' is set on object 'Object Repository/CommonObjects/drpdwnInputField'

2021-05-11 08:39:50 - [MESSAGE][PASSED] - Object: 'Object Repository/CommonObjects/drpdwnSelectSearchValue' is clicked on

2021-05-11 08:39:50 - [MESSAGE][PASSED] - com.Common.WebUICustomKeywords.selectValueFromInputTypeDropDown is PASSED

2021-05-11 08:39:50 - [TEST_STEP][PASSED] - com.Common.WebUICustomKeywords.selectValueFromInputTypeDropDown("Destination Type", "SelectedDestinationType", destinationType): com.Common.WebUICustomKeywords.selectValueFromInputTypeDropDown is PASSED

2021-05-11 08:39:51 - [MESSAGE][PASSED] - Text 'Assisted Living Facility' is set on object 'Object Repository/CommonObjects/drpdwnInputField'

2021-05-11 08:39:52 - [MESSAGE][PASSED] - Object: 'Object Repository/CommonObjects/drpdwnSelectSearchValue' is clicked on

2021-05-11 08:39:52 - [MESSAGE][PASSED] - com.Common.WebUICustomKeywords.selectValueFromInputTypeDropDown is PASSED

2021-05-11 08:39:52 - [TEST_STEP][PASSED] - waitForPageLoad(5): Wait for page load successfully

2021-05-11 08:39:52 - [MESSAGE][PASSED] - Wait for page load successfully

2021-05-11 08:39:52 - [TEST_STEP][PASSED] - setText(findTestObject("CommonObjects/txtInputField", ["name":"StartOdoMeterReading"]), "1"): Text '1' is set on object 'Object Repository/CommonObjects/txtInputField'

2021-05-11 08:39:52 - [MESSAGE][PASSED] - Text '1' is set on object 'Object Repository/CommonObjects/txtInputField'

2021-05-11 08:39:52 - [TEST_STEP][PASSED] - waitForPageLoad(5): Wait for page load successfully

2021-05-11 08:39:53 - [MESSAGE][PASSED] - Wait for page load successfully

2021-05-11 08:39:53 - [TEST_STEP][PASSED] - click(findTestObject("CommonObjects/txtInputField", ["name":"EndOdoMeterReading"])): Object: 'Object Repository/CommonObjects/txtInputField' is clicked on

2021-05-11 08:39:54 - [MESSAGE][PASSED] - Object: 'Object Repository/CommonObjects/txtInputField' is clicked on

2021-05-11 08:39:54 - [TEST_STEP][PASSED] - setText(findTestObject("CommonObjects/txtInputField", ["name":"EndOdoMeterReading"]), "10"): Text '10' is set on object 'Object Repository/CommonObjects/txtInputField'

2021-05-11 08:39:54 - [MESSAGE][PASSED] - Text '10' is set on object 'Object Repository/CommonObjects/txtInputField'

2021-05-11 08:39:54 - [TEST_STEP][PASSED] - waitForPageLoad(5): Wait for page load successfully

2021-05-11 08:39:54 - [MESSAGE][PASSED] - Wait for page load successfully

2021-05-11 08:39:54 - [TEST_STEP][PASSED] - click(findTestObject("CommonObjects/chkboxInput", ["id":"IsEmergency"])): Object: 'Object Repository/CommonObjects/chkboxInput' is clicked on

2021-05-11 08:39:55 - [MESSAGE][PASSED] - Object: 'Object Repository/CommonObjects/chkboxInput' is clicked on

2021-05-11 08:39:55 - [TEST_STEP][PASSED] - click(findTestObject("CommonObjects/chkboxInput", ["id":"IsEmergency"])): Object: 'Object Repository/CommonObjects/chkboxInput' is clicked on

2021-05-11 08:39:57 - [MESSAGE][PASSED] - Object: 'Object Repository/CommonObjects/chkboxInput' is clicked on

2021-05-11 08:39:57 - [TEST_STEP][PASSED] - click(findTestObject("CommonObjects/btnField", ["id":"tabstrip-procedure"])): Object: 'Object Repository/CommonObjects/btnField' is clicked on

2021-05-11 08:39:58 - [MESSAGE][PASSED] - Object: 'Object Repository/CommonObjects/btnField' is clicked on

2021-05-11 08:39:58 - [TEST_STEP][PASSED] - click(findTestObject("CommonObjects/btnField", ["id":"btnOpenInsurance"])): Object: 'Object Repository/CommonObjects/btnField' is clicked on

2021-05-11 08:39:59 - [MESSAGE][PASSED] - Object: 'Object Repository/CommonObjects/btnField' is clicked on

2021-05-11 08:39:59 - [TEST_STEP][PASSED] - waitForElementVisible(findTestObject("CommonObjects/btnField", ["id":"btnUseSelfPay"]), 5): Object 'Object Repository/CommonObjects/btnField' is visible

2021-05-11 08:40:04 - [MESSAGE][PASSED] - Object 'Object Repository/CommonObjects/btnField' is visible

2021-05-11 08:40:04 - [TEST_STEP][PASSED] - click(findTestObject("CommonObjects/btnField", ["id":"btnUseSelfPay"])): Object: 'Object Repository/CommonObjects/btnField' is clicked on

2021-05-11 08:40:04 - [MESSAGE][PASSED] - Object: 'Object Repository/CommonObjects/btnField' is clicked on

2021-05-11 08:40:04 - [TEST_STEP][PASSED] - click(findTestObject("CommonObjects/btnYes")): Object: 'Object Repository/CommonObjects/btnYes' is clicked on

2021-05-11 08:40:06 - [MESSAGE][PASSED] - Object: 'Object Repository/CommonObjects/btnYes' is clicked on

2021-05-11 08:40:06 - [TEST_STEP][PASSED] - click(findTestObject("CommonObjects/btnPopUpClose")): Object: 'Object Repository/CommonObjects/btnPopUpClose' is clicked on

2021-05-11 08:40:07 - [MESSAGE][PASSED] - Object: 'Object Repository/CommonObjects/btnPopUpClose' is clicked on

2021-05-11 08:40:07 - [TEST_STEP][PASSED] - click(findTestObject("CommonObjects/btnField", ["id":"CreateICD9Code"])): Object: 'Object Repository/CommonObjects/btnField' is clicked on

2021-05-11 08:40:07 - [MESSAGE][PASSED] - Object: 'Object Repository/CommonObjects/btnField' is clicked on

2021-05-11 08:40:07 - [TEST_STEP][PASSED] - setText(findTestObject("CommonObjects/txtInputField", ["name":"DiagnosisCode_input"]), diagonosisInput): Text 'M48.42XA' is set on object 'Object Repository/CommonObjects/txtInputField'

2021-05-11 08:40:08 - [MESSAGE][PASSED] - Text 'M48.42XA' is set on object 'Object Repository/CommonObjects/txtInputField'

2021-05-11 08:40:08 - [TEST_STEP][FAILED] - click(findTestObject("CommonObjects/drpdwnFirstValue", ["fieldId":"DiagnosisCode"])): Unable to click on object 'Object Repository/CommonObjects/drpdwnFirstValue' (Root cause: com.kms.katalon.core.exception.StepFailedException: Unable to click on object 'Object Repository/CommonObjects/drpdwnFirstValue'
	at com.kms.katalon.core.webui.keyword.internal.WebUIKeywordMain.stepFailed(WebUIKeywordMain.groovy:64)
	at com.kms.katalon.core.webui.keyword.internal.WebUIKeywordMain.runKeyword(WebUIKeywordMain.groovy:26)
	at com.kms.katalon.core.webui.keyword.builtin.ClickKeyword.click(ClickKeyword.groovy:102)
	at com.kms.katalon.core.webui.keyword.builtin.ClickKeyword.execute(ClickKeyword.groovy:43)
	at com.kms.katalon.core.keyword.internal.KeywordExecutor.executeKeywordForPlatform(KeywordExecutor.groovy:72)
	at com.kms.katalon.core.webui.keyword.WebUiBuiltInKeywords.click(WebUiBuiltInKeywords.groovy:616)
	at com.kms.katalon.core.webui.keyword.WebUiBuiltInKeywords$click$2.call(Unknown Source)
	at TC7_CreateNewValidClaim.run(TC7_CreateNewValidClaim:103)
	at com.kms.katalon.core.main.ScriptEngine.run(ScriptEngine.java:194)
	at com.kms.katalon.core.main.ScriptEngine.runScriptAsRawText(ScriptEngine.java:119)
	at com.kms.katalon.core.main.TestCaseExecutor.runScript(TestCaseExecutor.java:337)
	at com.kms.katalon.core.main.TestCaseExecutor.doExecute(TestCaseExecutor.java:328)
	at com.kms.katalon.core.main.TestCaseExecutor.processExecutionPhase(TestCaseExecutor.java:307)
	at com.kms.katalon.core.main.TestCaseExecutor.accessMainPhase(TestCaseExecutor.java:299)
	at com.kms.katalon.core.main.TestCaseExecutor.execute(TestCaseExecutor.java:233)
	at com.kms.katalon.core.main.TestSuiteExecutor.accessTestCaseMainPhase(TestSuiteExecutor.java:169)
	at com.kms.katalon.core.main.TestSuiteExecutor.accessTestSuiteMainPhase(TestSuiteExecutor.java:142)
	at com.kms.katalon.core.main.TestSuiteExecutor.execute(TestSuiteExecutor.java:91)
	at com.kms.katalon.core.main.TestCaseMain.startTestSuite(TestCaseMain.java:157)
	at com.kms.katalon.core.main.TestCaseMain$startTestSuite$0.call(Unknown Source)
	at TempTestSuite1620702170424.run(TempTestSuite1620702170424.groovy:36)
Caused by: com.kms.katalon.core.webui.exception.WebElementNotFoundException: Web element with id: 'Object Repository/CommonObjects/drpdwnFirstValue' located by 'By.xpath: //ul[contains(@id,"DiagnosisCode")]/li[1]' not found
	at com.kms.katalon.core.webui.common.WebUiCommonHelper.findWebElement(WebUiCommonHelper.java:1154)
	at com.kms.katalon.core.webui.keyword.internal.WebUIAbstractKeyword.findWebElement(WebUIAbstractKeyword.groovy:27)
	at com.kms.katalon.core.webui.keyword.internal.WebUIAbstractKeyword.findWebElement(WebUIAbstractKeyword.groovy:26)
	at com.kms.katalon.core.webui.keyword.builtin.ClickKeyword$_click_closure1.doCall(ClickKeyword.groovy:67)
	at com.kms.katalon.core.webui.keyword.builtin.ClickKeyword$_click_closure1.call(ClickKeyword.groovy)
	at com.kms.katalon.core.webui.keyword.internal.WebUIKeywordMain.runKeyword(WebUIKeywordMain.groovy:20)
	at com.kms.katalon.core.webui.keyword.builtin.ClickKeyword.click(ClickKeyword.groovy:102)
	at com.kms.katalon.core.webui.keyword.builtin.ClickKeyword.execute(ClickKeyword.groovy:43)
	at com.kms.katalon.core.keyword.internal.KeywordExecutor.executeKeywordForPlatform(KeywordExecutor.groovy:72)
	at com.kms.katalon.core.webui.keyword.WebUiBuiltInKeywords.click(WebUiBuiltInKeywords.groovy:616)
	at com.kms.katalon.core.webui.keyword.WebUiBuiltInKeywords$click$2.call(Unknown Source)
	at Script1620542469538.run(Script1620542469538.groovy:103)
	... 13 more
)

2021-05-11 08:40:52 - [MESSAGE][INFO] - Unable to find the element located by 'By.xpath: //ul[contains(@id,"DiagnosisCode")]/li[1]'. Please recheck the objects properties to make sure the desired element is located. 

2021-05-11 08:40:53 - [MESSAGE][FAILED] - Unable to click on object 'Object Repository/CommonObjects/drpdwnFirstValue' (Root cause: com.kms.katalon.core.exception.StepFailedException: Unable to click on object 'Object Repository/CommonObjects/drpdwnFirstValue'
	at com.kms.katalon.core.webui.keyword.internal.WebUIKeywordMain.stepFailed(WebUIKeywordMain.groovy:64)
	at com.kms.katalon.core.webui.keyword.internal.WebUIKeywordMain.runKeyword(WebUIKeywordMain.groovy:26)
	at com.kms.katalon.core.webui.keyword.builtin.ClickKeyword.click(ClickKeyword.groovy:102)
	at com.kms.katalon.core.webui.keyword.builtin.ClickKeyword.execute(ClickKeyword.groovy:43)
	at com.kms.katalon.core.keyword.internal.KeywordExecutor.executeKeywordForPlatform(KeywordExecutor.groovy:72)
	at com.kms.katalon.core.webui.keyword.WebUiBuiltInKeywords.click(WebUiBuiltInKeywords.groovy:616)
	at com.kms.katalon.core.webui.keyword.WebUiBuiltInKeywords$click$2.call(Unknown Source)
	at TC7_CreateNewValidClaim.run(TC7_CreateNewValidClaim:103)
	at com.kms.katalon.core.main.ScriptEngine.run(ScriptEngine.java:194)
	at com.kms.katalon.core.main.ScriptEngine.runScriptAsRawText(ScriptEngine.java:119)
	at com.kms.katalon.core.main.TestCaseExecutor.runScript(TestCaseExecutor.java:337)
	at com.kms.katalon.core.main.TestCaseExecutor.doExecute(TestCaseExecutor.java:328)
	at com.kms.katalon.core.main.TestCaseExecutor.processExecutionPhase(TestCaseExecutor.java:307)
	at com.kms.katalon.core.main.TestCaseExecutor.accessMainPhase(TestCaseExecutor.java:299)
	at com.kms.katalon.core.main.TestCaseExecutor.execute(TestCaseExecutor.java:233)
	at com.kms.katalon.core.main.TestSuiteExecutor.accessTestCaseMainPhase(TestSuiteExecutor.java:169)
	at com.kms.katalon.core.main.TestSuiteExecutor.accessTestSuiteMainPhase(TestSuiteExecutor.java:142)
	at com.kms.katalon.core.main.TestSuiteExecutor.execute(TestSuiteExecutor.java:91)
	at com.kms.katalon.core.main.TestCaseMain.startTestSuite(TestCaseMain.java:157)
	at com.kms.katalon.core.main.TestCaseMain$startTestSuite$0.call(Unknown Source)
	at TempTestSuite1620702170424.run(TempTestSuite1620702170424.groovy:36)
Caused by: com.kms.katalon.core.webui.exception.WebElementNotFoundException: Web element with id: 'Object Repository/CommonObjects/drpdwnFirstValue' located by 'By.xpath: //ul[contains(@id,"DiagnosisCode")]/li[1]' not found
	at com.kms.katalon.core.webui.common.WebUiCommonHelper.findWebElement(WebUiCommonHelper.java:1154)
	at com.kms.katalon.core.webui.keyword.internal.WebUIAbstractKeyword.findWebElement(WebUIAbstractKeyword.groovy:27)
	at com.kms.katalon.core.webui.keyword.internal.WebUIAbstractKeyword.findWebElement(WebUIAbstractKeyword.groovy:26)
	at com.kms.katalon.core.webui.keyword.builtin.ClickKeyword$_click_closure1.doCall(ClickKeyword.groovy:67)
	at com.kms.katalon.core.webui.keyword.builtin.ClickKeyword$_click_closure1.call(ClickKeyword.groovy)
	at com.kms.katalon.core.webui.keyword.internal.WebUIKeywordMain.runKeyword(WebUIKeywordMain.groovy:20)
	at com.kms.katalon.core.webui.keyword.builtin.ClickKeyword.click(ClickKeyword.groovy:102)
	at com.kms.katalon.core.webui.keyword.builtin.ClickKeyword.execute(ClickKeyword.groovy:43)
	at com.kms.katalon.core.keyword.internal.KeywordExecutor.executeKeywordForPlatform(KeywordExecutor.groovy:72)
	at com.kms.katalon.core.webui.keyword.WebUiBuiltInKeywords.click(WebUiBuiltInKeywords.groovy:616)
	at com.kms.katalon.core.webui.keyword.WebUiBuiltInKeywords$click$2.call(Unknown Source)
	at Script1620542469538.run(Script1620542469538.groovy:103)
	... 13 more
)
[[ATTACHMENT|C:\\Users\\SSwain5\\Documents\\Others\\medapoint\\Reports\\20210511_083250\\Smoke Test Suite\\20210511_083250\\1620702652806.png]]

2021-05-11 08:40:56 - [TEST_STEP][PASSED] - Video: Video recording for test case 'Test Cases/Smoke Test/TC7_CreateNewValidClaim' .

2021-05-11 08:40:56 - [MESSAGE][INFO] - Video recording for test case 'Test Cases/Smoke Test/TC7_CreateNewValidClaim' .
[[ATTACHMENT|C:\\Users\\SSwain5\\Documents\\Others\\medapoint\\Reports\\20210511_083250\\Smoke Test Suite\\20210511_083250/videos\\test_7.avi]]]]></system-out>
         <system-err><![CDATA[2021-05-11 08:39:06 - [TEST_CASE][FAILED] - Test Cases/Smoke Test/TC7_CreateNewValidClaim: Test Cases/Smoke Test/TC7_CreateNewValidClaim FAILED.
Reason:
com.kms.katalon.core.exception.StepFailedException: Unable to click on object 'Object Repository/CommonObjects/drpdwnFirstValue'
	at com.kms.katalon.core.webui.keyword.internal.WebUIKeywordMain.stepFailed(WebUIKeywordMain.groovy:64)
	at com.kms.katalon.core.webui.keyword.internal.WebUIKeywordMain.runKeyword(WebUIKeywordMain.groovy:26)
	at com.kms.katalon.core.webui.keyword.builtin.ClickKeyword.click(ClickKeyword.groovy:102)
	at com.kms.katalon.core.webui.keyword.builtin.ClickKeyword.execute(ClickKeyword.groovy:43)
	at com.kms.katalon.core.keyword.internal.KeywordExecutor.executeKeywordForPlatform(KeywordExecutor.groovy:72)
	at com.kms.katalon.core.webui.keyword.WebUiBuiltInKeywords.click(WebUiBuiltInKeywords.groovy:616)
	at com.kms.katalon.core.webui.keyword.WebUiBuiltInKeywords$click$2.call(Unknown Source)
	at TC7_CreateNewValidClaim.run(TC7_CreateNewValidClaim:103)
	at com.kms.katalon.core.main.ScriptEngine.run(ScriptEngine.java:194)
	at com.kms.katalon.core.main.ScriptEngine.runScriptAsRawText(ScriptEngine.java:119)
	at com.kms.katalon.core.main.TestCaseExecutor.runScript(TestCaseExecutor.java:337)
	at com.kms.katalon.core.main.TestCaseExecutor.doExecute(TestCaseExecutor.java:328)
	at com.kms.katalon.core.main.TestCaseExecutor.processExecutionPhase(TestCaseExecutor.java:307)
	at com.kms.katalon.core.main.TestCaseExecutor.accessMainPhase(TestCaseExecutor.java:299)
	at com.kms.katalon.core.main.TestCaseExecutor.execute(TestCaseExecutor.java:233)
	at com.kms.katalon.core.main.TestSuiteExecutor.accessTestCaseMainPhase(TestSuiteExecutor.java:169)
	at com.kms.katalon.core.main.TestSuiteExecutor.accessTestSuiteMainPhase(TestSuiteExecutor.java:142)
	at com.kms.katalon.core.main.TestSuiteExecutor.execute(TestSuiteExecutor.java:91)
	at com.kms.katalon.core.main.TestCaseMain.startTestSuite(TestCaseMain.java:157)
	at com.kms.katalon.core.main.TestCaseMain$startTestSuite$0.call(Unknown Source)
	at TempTestSuite1620702170424.run(TempTestSuite1620702170424.groovy:36)
Caused by: com.kms.katalon.core.webui.exception.WebElementNotFoundException: Web element with id: 'Object Repository/CommonObjects/drpdwnFirstValue' located by 'By.xpath: //ul[contains(@id,"DiagnosisCode")]/li[1]' not found
	at com.kms.katalon.core.webui.common.WebUiCommonHelper.findWebElement(WebUiCommonHelper.java:1154)
	at com.kms.katalon.core.webui.keyword.internal.WebUIAbstractKeyword.findWebElement(WebUIAbstractKeyword.groovy:27)
	at com.kms.katalon.core.webui.keyword.internal.WebUIAbstractKeyword.findWebElement(WebUIAbstractKeyword.groovy:26)
	at com.kms.katalon.core.webui.keyword.builtin.ClickKeyword$_click_closure1.doCall(ClickKeyword.groovy:67)
	at com.kms.katalon.core.webui.keyword.builtin.ClickKeyword$_click_closure1.call(ClickKeyword.groovy)
	at com.kms.katalon.core.webui.keyword.internal.WebUIKeywordMain.runKeyword(WebUIKeywordMain.groovy:20)
	... 19 more]]></system-err>
      </testcase>
      <testcase name="Test Cases/Smoke Test/TC8_NEMSIS_FileImport" time="73.021" classname="Test Cases/Smoke Test/TC8_NEMSIS_FileImport" status="PASSED">
         <system-out><![CDATA[2021-05-11 08:40:56 - [TEST_CASE][PASSED] - Test Cases/Smoke Test/TC8_NEMSIS_FileImport: Test Cases/Smoke Test/TC8_NEMSIS_FileImport

2021-05-11 08:40:56 - [TEST_STEP][PASSED] - callTestCase(findTestCase("Common Test Cases/Login - claim"), ["Password":findTestData("SmokeTestData").getValue(2, 1), "Username":findTestData("SmokeTestData").getValue(1, 1), "Organization":findTestData("SmokeTestData").getValue(3, 1), ... ], STOP_ON_FAILURE): Call Test Case 'Test Cases/Common Test Cases/Login - claim' successfully

2021-05-11 08:40:56 - [TEST_CASE][PASSED] - Test Cases/Common Test Cases/Login - claim: Test Cases/Common Test Cases/Login - claim

2021-05-11 08:40:56 - [TEST_STEP][PASSED] - openBrowser(G_acSiteURL): Browser is opened with url: 'https://acstaging.medapoint.com/Account/Logon'

2021-05-11 08:40:56 - [MESSAGE][WARNING] - A browser is already opened. Closing browser and opening a new one

2021-05-11 08:40:58 - [MESSAGE][INFO] - Starting 'Chrome' driver

2021-05-11 08:41:04 - [MESSAGE][PASSED] - Browser is opened with url: 'https://acstaging.medapoint.com/Account/Logon'

2021-05-11 08:41:04 - [TEST_STEP][PASSED] - maximizeWindow(): Current window maximized

2021-05-11 08:41:04 - [MESSAGE][PASSED] - Current window maximized

2021-05-11 08:41:04 - [TEST_STEP][PASSED] - delay(2): Delayed 2 second(s)

2021-05-11 08:41:06 - [MESSAGE][PASSED] - Delayed 2 second(s)

2021-05-11 08:41:06 - [TEST_STEP][PASSED] - setText(findTestObject("Page_Login/txt_UserName"), Username): Text 'AutoTest' is set on object 'Object Repository/Page_Login/txt_UserName'

2021-05-11 08:41:07 - [MESSAGE][PASSED] - Text 'AutoTest' is set on object 'Object Repository/Page_Login/txt_UserName'

2021-05-11 08:41:07 - [TEST_STEP][PASSED] - setText(findTestObject("Page_Login/txt_Password"), Password): Text 'Angus00##' is set on object 'Object Repository/Page_Login/txt_Password'

2021-05-11 08:41:07 - [MESSAGE][PASSED] - Text 'Angus00##' is set on object 'Object Repository/Page_Login/txt_Password'

2021-05-11 08:41:07 - [TEST_STEP][PASSED] - setText(findTestObject("Page_Login/txt_Organization"), Organization): Text 'MP001' is set on object 'Object Repository/Page_Login/txt_Organization'

2021-05-11 08:41:08 - [MESSAGE][PASSED] - Text 'MP001' is set on object 'Object Repository/Page_Login/txt_Organization'

2021-05-11 08:41:08 - [TEST_STEP][PASSED] - click(findTestObject("Page_Login/btn_Login")): Object: 'Object Repository/Page_Login/btn_Login' is clicked on

2021-05-11 08:41:11 - [MESSAGE][PASSED] - Object: 'Object Repository/Page_Login/btn_Login' is clicked on

2021-05-11 08:41:11 - [TEST_STEP][PASSED] - delay(2): Delayed 2 second(s)

2021-05-11 08:41:13 - [MESSAGE][PASSED] - Delayed 2 second(s)

2021-05-11 08:41:13 - [MESSAGE][PASSED] - Call Test Case 'Test Cases/Common Test Cases/Login - claim' successfully

2021-05-11 08:41:13 - [TEST_STEP][PASSED] - click(findTestObject("CommonObjects/linkHomePageTab", ["tabName":"Nemsis"])): Object: 'Object Repository/CommonObjects/linkHomePageTab' is clicked on

2021-05-11 08:41:15 - [MESSAGE][PASSED] - Object: 'Object Repository/CommonObjects/linkHomePageTab' is clicked on

2021-05-11 08:41:15 - [TEST_STEP][PASSED] - click(findTestObject("CommonObjects/btnField", ["id":"ImportNemsis"])): Object: 'Object Repository/CommonObjects/btnField' is clicked on

2021-05-11 08:41:31 - [MESSAGE][PASSED] - Object: 'Object Repository/CommonObjects/btnField' is clicked on

2021-05-11 08:41:31 - [TEST_STEP][PASSED] - waitForElementClickable(findTestObject("CommonObjects/btnField", ["id":"uploadedFiles"]), 5): Object 'Object Repository/CommonObjects/btnField' is clickable

2021-05-11 08:41:33 - [MESSAGE][PASSED] - Object 'Object Repository/CommonObjects/btnField' is clickable

2021-05-11 08:41:33 - [TEST_STEP][PASSED] - userDir = System.getProperty("user.dir"): null

2021-05-11 08:41:33 - [TEST_STEP][PASSED] - uploadFile(findTestObject("CommonObjects/btnField", ["id":"uploadedFiles"]), userDir + "/Data Files/2019-037286-elite-nemsisv340-202141071141355_7_2021 10_58_41 PM.xml"): File 'C:\Users\SSwain5\Documents\Others\medapoint/Data Files/2019-037286-elite-nemsisv340-202141071141355_7_2021 10_58_41 PM.xml' sent to object: 'Object Repository/CommonObjects/btnField'

2021-05-11 08:41:33 - [MESSAGE][PASSED] - File 'C:\Users\SSwain5\Documents\Others\medapoint/Data Files/2019-037286-elite-nemsisv340-202141071141355_7_2021 10_58_41 PM.xml' sent to object: 'Object Repository/CommonObjects/btnField'

2021-05-11 08:41:33 - [TEST_STEP][PASSED] - click(findTestObject("CommonObjects/btnYes")): Object: 'Object Repository/CommonObjects/btnYes' is clicked on

2021-05-11 08:42:02 - [MESSAGE][PASSED] - Object: 'Object Repository/CommonObjects/btnYes' is clicked on

2021-05-11 08:42:02 - [TEST_STEP][PASSED] - click(findTestObject("CommonObjects/tblFirstRow")): Object: 'Object Repository/CommonObjects/tblFirstRow' is clicked on

2021-05-11 08:42:03 - [MESSAGE][PASSED] - Object: 'Object Repository/CommonObjects/tblFirstRow' is clicked on

2021-05-11 08:42:03 - [TEST_STEP][PASSED] - verifyElementText(findTestObject("CommonObjects/lblWindowTitle"), "NEMSIS MetaData Log"): Actual text and expected text of test object 'Object Repository/CommonObjects/lblWindowTitle' are matched.

2021-05-11 08:42:04 - [MESSAGE][PASSED] - Actual text and expected text of test object 'Object Repository/CommonObjects/lblWindowTitle' are matched.

2021-05-11 08:42:04 - [TEST_STEP][PASSED] - click(findTestObject("CommonObjects/btnYes")): Object: 'Object Repository/CommonObjects/btnYes' is clicked on

2021-05-11 08:42:05 - [MESSAGE][PASSED] - Object: 'Object Repository/CommonObjects/btnYes' is clicked on

2021-05-11 08:42:05 - [TEST_STEP][PASSED] - closeBrowser(): Browser is closed

2021-05-11 08:42:06 - [MESSAGE][PASSED] - Browser is closed

2021-05-11 08:42:09 - [TEST_STEP][PASSED] - Video: Video recording for test case 'Test Cases/Smoke Test/TC8_NEMSIS_FileImport' .

2021-05-11 08:42:09 - [MESSAGE][INFO] - Video recording for test case 'Test Cases/Smoke Test/TC8_NEMSIS_FileImport' .
[[ATTACHMENT|C:\\Users\\SSwain5\\Documents\\Others\\medapoint\\Reports\\20210511_083250\\Smoke Test Suite\\20210511_083250/videos\\test_8.avi]]]]></system-out>
         <system-err><![CDATA[]]></system-err>
      </testcase>
      <system-out><![CDATA[2021-05-11 08:32:59 - [TEST_SUITE][FAILED] - Smoke Test Suite: Test Cases/Smoke Test/TC3_CompleteExistingTrip FAILED.
Reason:
com.kms.katalon.core.exception.StepFailedException: Unable to click on object 'Object Repository/Page_AdvanceDispatch  Command Form/i-expandTrip'
	at com.kms.katalon.core.webui.keyword.internal.WebUIKeywordMain.stepFailed(WebUIKeywordMain.groovy:64)
	at com.kms.katalon.core.webui.keyword.internal.WebUIKeywordMain.runKeyword(WebUIKeywordMain.groovy:26)
	at com.kms.katalon.core.webui.keyword.builtin.ClickKeyword.click(ClickKeyword.groovy:102)
	at com.kms.katalon.core.webui.keyword.builtin.ClickKeyword.execute(ClickKeyword.groovy:43)
	at com.kms.katalon.core.keyword.internal.KeywordExecutor.executeKeywordForPlatform(KeywordExecutor.groovy:72)
	at com.kms.katalon.core.webui.keyword.WebUiBuiltInKeywords.click(WebUiBuiltInKeywords.groovy:616)
	at com.kms.katalon.core.webui.keyword.WebUiBuiltInKeywords$click$2.call(Unknown Source)
	at TC3_CompleteExistingTrip.run(TC3_CompleteExistingTrip:28)
	at com.kms.katalon.core.main.ScriptEngine.run(ScriptEngine.java:194)
	at com.kms.katalon.core.main.ScriptEngine.runScriptAsRawText(ScriptEngine.java:119)
	at com.kms.katalon.core.main.TestCaseExecutor.runScript(TestCaseExecutor.java:337)
	at com.kms.katalon.core.main.TestCaseExecutor.doExecute(TestCaseExecutor.java:328)
	at com.kms.katalon.core.main.TestCaseExecutor.processExecutionPhase(TestCaseExecutor.java:307)
	at com.kms.katalon.core.main.TestCaseExecutor.accessMainPhase(TestCaseExecutor.java:299)
	at com.kms.katalon.core.main.TestCaseExecutor.execute(TestCaseExecutor.java:233)
	at com.kms.katalon.core.main.TestSuiteExecutor.accessTestCaseMainPhase(TestSuiteExecutor.java:169)
	at com.kms.katalon.core.main.TestSuiteExecutor.accessTestSuiteMainPhase(TestSuiteExecutor.java:142)
	at com.kms.katalon.core.main.TestSuiteExecutor.execute(TestSuiteExecutor.java:91)
	at com.kms.katalon.core.main.TestCaseMain.startTestSuite(TestCaseMain.java:157)
	at com.kms.katalon.core.main.TestCaseMain$startTestSuite$0.call(Unknown Source)
	at TempTestSuite1620702170424.run(TempTestSuite1620702170424.groovy:36)
Caused by: com.kms.katalon.core.webui.exception.WebElementNotFoundException: Web element with id: 'Object Repository/Page_AdvanceDispatch  Command Form/i-expandTrip' located by 'By.xpath: //td[text()='ALMAGUER, AARON']/../td[1]/a' not found
	at com.kms.katalon.core.webui.common.WebUiCommonHelper.findWebElement(WebUiCommonHelper.java:1154)
	at com.kms.katalon.core.webui.keyword.internal.WebUIAbstractKeyword.findWebElement(WebUIAbstractKeyword.groovy:27)
	at com.kms.katalon.core.webui.keyword.internal.WebUIAbstractKeyword.findWebElement(WebUIAbstractKeyword.groovy:26)
	at com.kms.katalon.core.webui.keyword.builtin.ClickKeyword$_click_closure1.doCall(ClickKeyword.groovy:67)
	at com.kms.katalon.core.webui.keyword.builtin.ClickKeyword$_click_closure1.call(ClickKeyword.groovy)
	at com.kms.katalon.core.webui.keyword.internal.WebUIKeywordMain.runKeyword(WebUIKeywordMain.groovy:20)
	... 19 more]]></system-out>
      <system-err><![CDATA[2021-05-11 08:32:59 - [TEST_SUITE][FAILED] - Smoke Test Suite: Test Cases/Smoke Test/TC3_CompleteExistingTrip FAILED.
Reason:
com.kms.katalon.core.exception.StepFailedException: Unable to click on object 'Object Repository/Page_AdvanceDispatch  Command Form/i-expandTrip'
	at com.kms.katalon.core.webui.keyword.internal.WebUIKeywordMain.stepFailed(WebUIKeywordMain.groovy:64)
	at com.kms.katalon.core.webui.keyword.internal.WebUIKeywordMain.runKeyword(WebUIKeywordMain.groovy:26)
	at com.kms.katalon.core.webui.keyword.builtin.ClickKeyword.click(ClickKeyword.groovy:102)
	at com.kms.katalon.core.webui.keyword.builtin.ClickKeyword.execute(ClickKeyword.groovy:43)
	at com.kms.katalon.core.keyword.internal.KeywordExecutor.executeKeywordForPlatform(KeywordExecutor.groovy:72)
	at com.kms.katalon.core.webui.keyword.WebUiBuiltInKeywords.click(WebUiBuiltInKeywords.groovy:616)
	at com.kms.katalon.core.webui.keyword.WebUiBuiltInKeywords$click$2.call(Unknown Source)
	at TC3_CompleteExistingTrip.run(TC3_CompleteExistingTrip:28)
	at com.kms.katalon.core.main.ScriptEngine.run(ScriptEngine.java:194)
	at com.kms.katalon.core.main.ScriptEngine.runScriptAsRawText(ScriptEngine.java:119)
	at com.kms.katalon.core.main.TestCaseExecutor.runScript(TestCaseExecutor.java:337)
	at com.kms.katalon.core.main.TestCaseExecutor.doExecute(TestCaseExecutor.java:328)
	at com.kms.katalon.core.main.TestCaseExecutor.processExecutionPhase(TestCaseExecutor.java:307)
	at com.kms.katalon.core.main.TestCaseExecutor.accessMainPhase(TestCaseExecutor.java:299)
	at com.kms.katalon.core.main.TestCaseExecutor.execute(TestCaseExecutor.java:233)
	at com.kms.katalon.core.main.TestSuiteExecutor.accessTestCaseMainPhase(TestSuiteExecutor.java:169)
	at com.kms.katalon.core.main.TestSuiteExecutor.accessTestSuiteMainPhase(TestSuiteExecutor.java:142)
	at com.kms.katalon.core.main.TestSuiteExecutor.execute(TestSuiteExecutor.java:91)
	at com.kms.katalon.core.main.TestCaseMain.startTestSuite(TestCaseMain.java:157)
	at com.kms.katalon.core.main.TestCaseMain$startTestSuite$0.call(Unknown Source)
	at TempTestSuite1620702170424.run(TempTestSuite1620702170424.groovy:36)
Caused by: com.kms.katalon.core.webui.exception.WebElementNotFoundException: Web element with id: 'Object Repository/Page_AdvanceDispatch  Command Form/i-expandTrip' located by 'By.xpath: //td[text()='ALMAGUER, AARON']/../td[1]/a' not found
	at com.kms.katalon.core.webui.common.WebUiCommonHelper.findWebElement(WebUiCommonHelper.java:1154)
	at com.kms.katalon.core.webui.keyword.internal.WebUIAbstractKeyword.findWebElement(WebUIAbstractKeyword.groovy:27)
	at com.kms.katalon.core.webui.keyword.internal.WebUIAbstractKeyword.findWebElement(WebUIAbstractKeyword.groovy:26)
	at com.kms.katalon.core.webui.keyword.builtin.ClickKeyword$_click_closure1.doCall(ClickKeyword.groovy:67)
	at com.kms.katalon.core.webui.keyword.builtin.ClickKeyword$_click_closure1.call(ClickKeyword.groovy)
	at com.kms.katalon.core.webui.keyword.internal.WebUIKeywordMain.runKeyword(WebUIKeywordMain.groovy:20)
	... 19 more]]></system-err>
   </testsuite>
</testsuites>
